[0.429s] Invoking command in '/home/glist/buddy/build/rplidar_ros': CMAKE_PREFIX_PATH=/opt/ros/humble /usr/bin/cmake --build /home/glist/buddy/build/rplidar_ros -- -j16 -l16
[0.482s] [  5%] Built target rplidar_client
[0.489s] [100%] Built target rplidar_node
[0.489s] [100%] Built target rplidar_composition
[0.500s] Invoked command in '/home/glist/buddy/build/rplidar_ros' returned '0': CMAKE_PREFIX_PATH=/opt/ros/humble /usr/bin/cmake --build /home/glist/buddy/build/rplidar_ros -- -j16 -l16
[0.503s] Invoking command in '/home/glist/buddy/build/rplidar_ros': CMAKE_PREFIX_PATH=/opt/ros/humble /usr/bin/cmake --install /home/glist/buddy/build/rplidar_ros
[0.510s] -- Install configuration: ""
[0.510s] -- Execute custom install script
[0.512s] -- Up-to-date symlink: /home/glist/buddy/install/rplidar_ros/share/rplidar_ros/launch/rplidar_a1_launch.py
[0.512s] -- Up-to-date symlink: /home/glist/buddy/install/rplidar_ros/share/rplidar_ros/launch/rplidar_a2m12_launch.py
[0.512s] -- Up-to-date symlink: /home/glist/buddy/install/rplidar_ros/share/rplidar_ros/launch/rplidar_a2m7_launch.py
[0.512s] -- Up-to-date symlink: /home/glist/buddy/install/rplidar_ros/share/rplidar_ros/launch/rplidar_a2m8_launch.py
[0.512s] -- Up-to-date symlink: /home/glist/buddy/install/rplidar_ros/share/rplidar_ros/launch/rplidar_a3_launch.py
[0.513s] -- Up-to-date symlink: /home/glist/buddy/install/rplidar_ros/share/rplidar_ros/launch/rplidar_c1_launch.py
[0.513s] -- Up-to-date symlink: /home/glist/buddy/install/rplidar_ros/share/rplidar_ros/launch/rplidar_s1_launch.py
[0.513s] -- Up-to-date symlink: /home/glist/buddy/install/rplidar_ros/share/rplidar_ros/launch/rplidar_s1_tcp_launch.py
[0.513s] -- Up-to-date symlink: /home/glist/buddy/install/rplidar_ros/share/rplidar_ros/launch/rplidar_s2_launch.py
[0.513s] -- Up-to-date symlink: /home/glist/buddy/install/rplidar_ros/share/rplidar_ros/launch/rplidar_s2e_launch.py
[0.513s] -- Up-to-date symlink: /home/glist/buddy/install/rplidar_ros/share/rplidar_ros/launch/rplidar_s3_launch.py
[0.514s] -- Up-to-date symlink: /home/glist/buddy/install/rplidar_ros/share/rplidar_ros/launch/rplidar_t1_launch.py
[0.514s] -- Up-to-date symlink: /home/glist/buddy/install/rplidar_ros/share/rplidar_ros/launch/view_rplidar_a1_launch.py
[0.514s] -- Up-to-date symlink: /home/glist/buddy/install/rplidar_ros/share/rplidar_ros/launch/view_rplidar_a2m12_launch.py
[0.514s] -- Up-to-date symlink: /home/glist/buddy/install/rplidar_ros/share/rplidar_ros/launch/view_rplidar_a2m7_launch.py
[0.514s] -- Up-to-date symlink: /home/glist/buddy/install/rplidar_ros/share/rplidar_ros/launch/view_rplidar_a2m8_launch.py
[0.515s] -- Up-to-date symlink: /home/glist/buddy/install/rplidar_ros/share/rplidar_ros/launch/view_rplidar_a3_launch.py
[0.515s] -- Up-to-date symlink: /home/glist/buddy/install/rplidar_ros/share/rplidar_ros/launch/view_rplidar_c1_launch.py
[0.515s] -- Up-to-date symlink: /home/glist/buddy/install/rplidar_ros/share/rplidar_ros/launch/view_rplidar_s1_launch.py
[0.515s] -- Up-to-date symlink: /home/glist/buddy/install/rplidar_ros/share/rplidar_ros/launch/view_rplidar_s1_tcp_launch.py
[0.516s] -- Up-to-date symlink: /home/glist/buddy/install/rplidar_ros/share/rplidar_ros/launch/view_rplidar_s2_launch.py
[0.516s] -- Up-to-date symlink: /home/glist/buddy/install/rplidar_ros/share/rplidar_ros/launch/view_rplidar_s2e_launch.py
[0.516s] -- Up-to-date symlink: /home/glist/buddy/install/rplidar_ros/share/rplidar_ros/launch/view_rplidar_s3_launch.py
[0.516s] -- Up-to-date symlink: /home/glist/buddy/install/rplidar_ros/share/rplidar_ros/launch/view_rplidar_t1_launch.py
[0.516s] -- Up-to-date symlink: /home/glist/buddy/install/rplidar_ros/share/rplidar_ros/rviz/rplidar_ros.rviz
[0.517s] -- Up-to-date symlink: /home/glist/buddy/install/rplidar_ros/lib/rplidar_ros/rplidar_node
[0.517s] -- Up-to-date symlink: /home/glist/buddy/install/rplidar_ros/lib/rplidar_ros/rplidar_composition
[0.517s] -- Up-to-date symlink: /home/glist/buddy/install/rplidar_ros/lib/rplidar_ros/rplidar_client
[0.518s] -- Up-to-date symlink: /home/glist/buddy/install/rplidar_ros/share/ament_index/resource_index/package_run_dependencies/rplidar_ros
[0.518s] -- Up-to-date symlink: /home/glist/buddy/install/rplidar_ros/share/ament_index/resource_index/parent_prefix_path/rplidar_ros
[0.518s] -- Up-to-date symlink: /home/glist/buddy/install/rplidar_ros/share/rplidar_ros/environment/ament_prefix_path.sh
[0.519s] -- Up-to-date symlink: /home/glist/buddy/install/rplidar_ros/share/rplidar_ros/environment/ament_prefix_path.dsv
[0.519s] -- Up-to-date symlink: /home/glist/buddy/install/rplidar_ros/share/rplidar_ros/environment/path.sh
[0.519s] -- Up-to-date symlink: /home/glist/buddy/install/rplidar_ros/share/rplidar_ros/environment/path.dsv
[0.519s] -- Up-to-date symlink: /home/glist/buddy/install/rplidar_ros/share/rplidar_ros/local_setup.bash
[0.520s] -- Up-to-date symlink: /home/glist/buddy/install/rplidar_ros/share/rplidar_ros/local_setup.sh
[0.520s] -- Up-to-date symlink: /home/glist/buddy/install/rplidar_ros/share/rplidar_ros/local_setup.zsh
[0.520s] -- Up-to-date symlink: /home/glist/buddy/install/rplidar_ros/share/rplidar_ros/local_setup.dsv
[0.520s] -- Symlinking: /home/glist/buddy/install/rplidar_ros/share/rplidar_ros/package.dsv
[0.528s] -- Up-to-date symlink: /home/glist/buddy/install/rplidar_ros/share/ament_index/resource_index/packages/rplidar_ros
[0.528s] -- Up-to-date symlink: /home/glist/buddy/install/rplidar_ros/share/rplidar_ros/cmake/ament_cmake_export_dependencies-extras.cmake
[0.529s] -- Up-to-date symlink: /home/glist/buddy/install/rplidar_ros/share/rplidar_ros/cmake/ament_cmake_export_include_directories-extras.cmake
[0.529s] -- Up-to-date symlink: /home/glist/buddy/install/rplidar_ros/share/rplidar_ros/cmake/rplidar_rosConfig.cmake
[0.529s] -- Up-to-date symlink: /home/glist/buddy/install/rplidar_ros/share/rplidar_ros/cmake/rplidar_rosConfig-version.cmake
[0.529s] -- Up-to-date symlink: /home/glist/buddy/install/rplidar_ros/share/rplidar_ros/package.xml
[0.531s] Invoked command in '/home/glist/buddy/build/rplidar_ros' returned '0': CMAKE_PREFIX_PATH=/opt/ros/humble /usr/bin/cmake --install /home/glist/buddy/build/rplidar_ros
