[0.008s] Invoking command in '/home/glist/buddy/build/yolov8_bringup': AMENT_PREFIX_PATH=/home/glist/buddy/install/yolov8_ros:/home/glist/buddy/install/yolov8_msgs:${AMENT_PREFIX_PATH} CMAKE_PREFIX_PATH=/home/glist/buddy/install/yolov8_msgs:/opt/ros/humble LD_LIBRARY_PATH=/home/glist/buddy/install/yolov8_msgs/lib:${LD_LIBRARY_PATH} PYTHONPATH=/home/glist/buddy/build/yolov8_ros:/home/glist/buddy/install/yolov8_ros/lib/python3.10/site-packages:/home/glist/buddy/install/yolov8_msgs/local/lib/python3.10/dist-packages:${PYTHONPATH} /usr/bin/cmake /home/glist/buddy/src/yolov8_bringup -DAMENT_CMAKE_SYMLINK_INSTALL=1 -DCMAKE_INSTALL_PREFIX=/home/glist/buddy/install/yolov8_bringup
[0.054s] -- The C compiler identification is GNU 11.4.0
[0.100s] -- The CXX compiler identification is GNU 11.4.0
[0.106s] -- Detecting C compiler ABI info
[0.166s] -- Detecting C compiler ABI info - done
[0.171s] -- Check for working C compiler: /usr/bin/cc - skipped
[0.171s] -- Detecting C compile features
[0.172s] -- Detecting C compile features - done
[0.174s] -- Detecting CXX compiler ABI info
[0.241s] -- Detecting CXX compiler ABI info - done
[0.247s] -- Check for working CXX compiler: /usr/bin/c++ - skipped
[0.247s] -- Detecting CXX compile features
[0.247s] -- Detecting CXX compile features - done
[0.249s] -- Found ament_cmake: 1.3.11 (/opt/ros/humble/share/ament_cmake/cmake)
[0.375s] -- Found Python3: /usr/bin/python3 (found version "3.10.12") found components: Interpreter 
[0.425s] -- Override CMake install command with custom implementation using symlinks instead of copying resources
[0.498s] -- Configuring done
[0.501s] -- Generating done
[0.502s] -- Build files have been written to: /home/glist/buddy/build/yolov8_bringup
[0.506s] Invoked command in '/home/glist/buddy/build/yolov8_bringup' returned '0': AMENT_PREFIX_PATH=/home/glist/buddy/install/yolov8_ros:/home/glist/buddy/install/yolov8_msgs:${AMENT_PREFIX_PATH} CMAKE_PREFIX_PATH=/home/glist/buddy/install/yolov8_msgs:/opt/ros/humble LD_LIBRARY_PATH=/home/glist/buddy/install/yolov8_msgs/lib:${LD_LIBRARY_PATH} PYTHONPATH=/home/glist/buddy/build/yolov8_ros:/home/glist/buddy/install/yolov8_ros/lib/python3.10/site-packages:/home/glist/buddy/install/yolov8_msgs/local/lib/python3.10/dist-packages:${PYTHONPATH} /usr/bin/cmake /home/glist/buddy/src/yolov8_bringup -DAMENT_CMAKE_SYMLINK_INSTALL=1 -DCMAKE_INSTALL_PREFIX=/home/glist/buddy/install/yolov8_bringup
[0.507s] Invoking command in '/home/glist/buddy/build/yolov8_bringup': AMENT_PREFIX_PATH=/home/glist/buddy/install/yolov8_ros:/home/glist/buddy/install/yolov8_msgs:${AMENT_PREFIX_PATH} CMAKE_PREFIX_PATH=/home/glist/buddy/install/yolov8_msgs:/opt/ros/humble LD_LIBRARY_PATH=/home/glist/buddy/install/yolov8_msgs/lib:${LD_LIBRARY_PATH} PYTHONPATH=/home/glist/buddy/build/yolov8_ros:/home/glist/buddy/install/yolov8_ros/lib/python3.10/site-packages:/home/glist/buddy/install/yolov8_msgs/local/lib/python3.10/dist-packages:${PYTHONPATH} /usr/bin/cmake --build /home/glist/buddy/build/yolov8_bringup -- -j16 -l16
[0.542s] Invoked command in '/home/glist/buddy/build/yolov8_bringup' returned '0': AMENT_PREFIX_PATH=/home/glist/buddy/install/yolov8_ros:/home/glist/buddy/install/yolov8_msgs:${AMENT_PREFIX_PATH} CMAKE_PREFIX_PATH=/home/glist/buddy/install/yolov8_msgs:/opt/ros/humble LD_LIBRARY_PATH=/home/glist/buddy/install/yolov8_msgs/lib:${LD_LIBRARY_PATH} PYTHONPATH=/home/glist/buddy/build/yolov8_ros:/home/glist/buddy/install/yolov8_ros/lib/python3.10/site-packages:/home/glist/buddy/install/yolov8_msgs/local/lib/python3.10/dist-packages:${PYTHONPATH} /usr/bin/cmake --build /home/glist/buddy/build/yolov8_bringup -- -j16 -l16
[0.543s] Invoking command in '/home/glist/buddy/build/yolov8_bringup': AMENT_PREFIX_PATH=/home/glist/buddy/install/yolov8_ros:/home/glist/buddy/install/yolov8_msgs:${AMENT_PREFIX_PATH} CMAKE_PREFIX_PATH=/home/glist/buddy/install/yolov8_msgs:/opt/ros/humble LD_LIBRARY_PATH=/home/glist/buddy/install/yolov8_msgs/lib:${LD_LIBRARY_PATH} PYTHONPATH=/home/glist/buddy/build/yolov8_ros:/home/glist/buddy/install/yolov8_ros/lib/python3.10/site-packages:/home/glist/buddy/install/yolov8_msgs/local/lib/python3.10/dist-packages:${PYTHONPATH} /usr/bin/cmake --install /home/glist/buddy/build/yolov8_bringup
[0.549s] -- Install configuration: ""
[0.549s] -- Execute custom install script
[0.550s] -- Symlinking: /home/glist/buddy/install/yolov8_bringup/share/yolov8_bringup//launch/yolo-nas.launch.py
[0.558s] -- Symlinking: /home/glist/buddy/install/yolov8_bringup/share/yolov8_bringup//launch/yolov10.launch.py
[0.566s] -- Symlinking: /home/glist/buddy/install/yolov8_bringup/share/yolov8_bringup//launch/yolov11.launch.py
[0.574s] -- Symlinking: /home/glist/buddy/install/yolov8_bringup/share/yolov8_bringup//launch/yolov5.launch.py
[0.582s] -- Symlinking: /home/glist/buddy/install/yolov8_bringup/share/yolov8_bringup//launch/yolov8.launch.py
[0.589s] -- Symlinking: /home/glist/buddy/install/yolov8_bringup/share/yolov8_bringup//launch/yolov8_3d.launch.py
[0.597s] -- Symlinking: /home/glist/buddy/install/yolov8_bringup/share/yolov8_bringup//launch/yolov9.launch.py
[0.605s] -- Symlinking: /home/glist/buddy/install/yolov8_bringup/share/ament_index/resource_index/package_run_dependencies/yolov8_bringup
[0.613s] -- Symlinking: /home/glist/buddy/install/yolov8_bringup/share/ament_index/resource_index/parent_prefix_path/yolov8_bringup
[0.621s] -- Symlinking: /home/glist/buddy/install/yolov8_bringup/share/yolov8_bringup/environment/ament_prefix_path.sh
[0.628s] -- Symlinking: /home/glist/buddy/install/yolov8_bringup/share/yolov8_bringup/environment/ament_prefix_path.dsv
[0.636s] -- Symlinking: /home/glist/buddy/install/yolov8_bringup/share/yolov8_bringup/environment/path.sh
[0.644s] -- Symlinking: /home/glist/buddy/install/yolov8_bringup/share/yolov8_bringup/environment/path.dsv
[0.652s] -- Symlinking: /home/glist/buddy/install/yolov8_bringup/share/yolov8_bringup/local_setup.bash
[0.660s] -- Symlinking: /home/glist/buddy/install/yolov8_bringup/share/yolov8_bringup/local_setup.sh
[0.668s] -- Symlinking: /home/glist/buddy/install/yolov8_bringup/share/yolov8_bringup/local_setup.zsh
[0.675s] -- Symlinking: /home/glist/buddy/install/yolov8_bringup/share/yolov8_bringup/local_setup.dsv
[0.682s] -- Symlinking: /home/glist/buddy/install/yolov8_bringup/share/yolov8_bringup/package.dsv
[0.690s] -- Symlinking: /home/glist/buddy/install/yolov8_bringup/share/ament_index/resource_index/packages/yolov8_bringup
[0.698s] -- Symlinking: /home/glist/buddy/install/yolov8_bringup/share/yolov8_bringup/cmake/yolov8_bringupConfig.cmake
[0.705s] -- Symlinking: /home/glist/buddy/install/yolov8_bringup/share/yolov8_bringup/cmake/yolov8_bringupConfig-version.cmake
[0.713s] -- Symlinking: /home/glist/buddy/install/yolov8_bringup/share/yolov8_bringup/package.xml
[0.723s] Invoked command in '/home/glist/buddy/build/yolov8_bringup' returned '0': AMENT_PREFIX_PATH=/home/glist/buddy/install/yolov8_ros:/home/glist/buddy/install/yolov8_msgs:${AMENT_PREFIX_PATH} CMAKE_PREFIX_PATH=/home/glist/buddy/install/yolov8_msgs:/opt/ros/humble LD_LIBRARY_PATH=/home/glist/buddy/install/yolov8_msgs/lib:${LD_LIBRARY_PATH} PYTHONPATH=/home/glist/buddy/build/yolov8_ros:/home/glist/buddy/install/yolov8_ros/lib/python3.10/site-packages:/home/glist/buddy/install/yolov8_msgs/local/lib/python3.10/dist-packages:${PYTHONPATH} /usr/bin/cmake --install /home/glist/buddy/build/yolov8_bringup
