[0.079s] DEBUG:colcon:Command line arguments: ['/usr/bin/colcon', 'build', '--symlink-install']
[0.079s] DEBUG:colcon:Parsed command line arguments: Namespace(log_base=None, log_level=None, verb_name='build', build_base='build', install_base='install', merge_install=False, symlink_install=True, test_result_base=None, continue_on_error=False, executor='parallel', parallel_workers=16, event_handlers=None, ignore_user_meta=False, metas=['./colcon.meta'], base_paths=['.'], packages_ignore=None, packages_ignore_regex=None, paths=None, packages_up_to=None, packages_up_to_regex=None, packages_above=None, packages_above_and_dependencies=None, packages_above_depth=None, packages_select_by_dep=None, packages_skip_by_dep=None, packages_skip_up_to=None, packages_select_build_failed=False, packages_skip_build_finished=False, packages_select_test_failures=False, packages_skip_test_passed=False, packages_select=None, packages_skip=None, packages_select_regex=None, packages_skip_regex=None, packages_start=None, packages_end=None, allow_overriding=[], cmake_args=None, cmake_target=None, cmake_target_skip_unavailable=False, cmake_clean_cache=False, cmake_clean_first=False, cmake_force_configure=False, ament_cmake_args=None, catkin_cmake_args=None, catkin_skip_building_tests=False, mixin_files=None, mixin=None, verb_parser=<colcon_mixin.mixin.mixin_argument.MixinArgumentDecorator object at 0x7b10bd1373a0>, verb_extension=<colcon_core.verb.build.BuildVerb object at 0x7b10bd136dd0>, main=<bound method BuildVerb.main of <colcon_core.verb.build.BuildVerb object at 0x7b10bd136dd0>>, mixin_verb=('build',))
[0.206s] Level 1:colcon.colcon_core.package_discovery:discover_packages(colcon_meta) check parameters
[0.206s] Level 1:colcon.colcon_core.package_discovery:discover_packages(recursive) check parameters
[0.206s] Level 1:colcon.colcon_core.package_discovery:discover_packages(ignore) check parameters
[0.206s] Level 1:colcon.colcon_core.package_discovery:discover_packages(path) check parameters
[0.206s] Level 1:colcon.colcon_core.package_discovery:discover_packages(colcon_meta) discover
[0.206s] Level 1:colcon.colcon_core.package_discovery:discover_packages(recursive) discover
[0.206s] INFO:colcon.colcon_core.package_discovery:Crawling recursively for packages in '/home/glist/buddy'
[0.207s] Level 1:colcon.colcon_core.package_identification:_identify(.) by extensions ['ignore', 'ignore_ament_install']
[0.207s] Level 1:colcon.colcon_core.package_identification:_identify(.) by extension 'ignore'
[0.207s] Level 1:colcon.colcon_core.package_identification:_identify(.) by extension 'ignore_ament_install'
[0.207s] Level 1:colcon.colcon_core.package_identification:_identify(.) by extensions ['colcon_pkg']
[0.207s] Level 1:colcon.colcon_core.package_identification:_identify(.) by extension 'colcon_pkg'
[0.207s] Level 1:colcon.colcon_core.package_identification:_identify(.) by extensions ['colcon_meta']
[0.207s] Level 1:colcon.colcon_core.package_identification:_identify(.) by extension 'colcon_meta'
[0.207s] Level 1:colcon.colcon_core.package_identification:_identify(.) by extensions ['ros']
[0.207s] Level 1:colcon.colcon_core.package_identification:_identify(.) by extension 'ros'
[0.214s] Level 1:colcon.colcon_core.package_identification:_identify(.) by extensions ['cmake', 'python']
[0.215s] Level 1:colcon.colcon_core.package_identification:_identify(.) by extension 'cmake'
[0.215s] Level 1:colcon.colcon_core.package_identification:_identify(.) by extension 'python'
[0.215s] Level 1:colcon.colcon_core.package_identification:_identify(.) by extensions ['python_setup_py']
[0.215s] Level 1:colcon.colcon_core.package_identification:_identify(.) by extension 'python_setup_py'
[0.215s] Level 1:colcon.colcon_core.package_identification:_identify(build) by extensions ['ignore', 'ignore_ament_install']
[0.215s] Level 1:colcon.colcon_core.package_identification:_identify(build) by extension 'ignore'
[0.215s] Level 1:colcon.colcon_core.package_identification:_identify(build) ignored
[0.215s] Level 1:colcon.colcon_core.package_identification:_identify(install) by extensions ['ignore', 'ignore_ament_install']
[0.215s] Level 1:colcon.colcon_core.package_identification:_identify(install) by extension 'ignore'
[0.215s] Level 1:colcon.colcon_core.package_identification:_identify(install) ignored
[0.215s] Level 1:colcon.colcon_core.package_identification:_identify(log) by extensions ['ignore', 'ignore_ament_install']
[0.215s] Level 1:colcon.colcon_core.package_identification:_identify(log) by extension 'ignore'
[0.215s] Level 1:colcon.colcon_core.package_identification:_identify(log) ignored
[0.215s] Level 1:colcon.colcon_core.package_identification:_identify(src) by extensions ['ignore', 'ignore_ament_install']
[0.215s] Level 1:colcon.colcon_core.package_identification:_identify(src) by extension 'ignore'
[0.215s] Level 1:colcon.colcon_core.package_identification:_identify(src) by extension 'ignore_ament_install'
[0.215s] Level 1:colcon.colcon_core.package_identification:_identify(src) by extensions ['colcon_pkg']
[0.215s] Level 1:colcon.colcon_core.package_identification:_identify(src) by extension 'colcon_pkg'
[0.215s] Level 1:colcon.colcon_core.package_identification:_identify(src) by extensions ['colcon_meta']
[0.215s] Level 1:colcon.colcon_core.package_identification:_identify(src) by extension 'colcon_meta'
[0.215s] Level 1:colcon.colcon_core.package_identification:_identify(src) by extensions ['ros']
[0.216s] Level 1:colcon.colcon_core.package_identification:_identify(src) by extension 'ros'
[0.216s] Level 1:colcon.colcon_core.package_identification:_identify(src) by extensions ['cmake', 'python']
[0.216s] Level 1:colcon.colcon_core.package_identification:_identify(src) by extension 'cmake'
[0.216s] Level 1:colcon.colcon_core.package_identification:_identify(src) by extension 'python'
[0.216s] Level 1:colcon.colcon_core.package_identification:_identify(src) by extensions ['python_setup_py']
[0.216s] Level 1:colcon.colcon_core.package_identification:_identify(src) by extension 'python_setup_py'
[0.216s] Level 1:colcon.colcon_core.package_identification:_identify(src/hoverboard-driver) by extensions ['ignore', 'ignore_ament_install']
[0.216s] Level 1:colcon.colcon_core.package_identification:_identify(src/hoverboard-driver) by extension 'ignore'
[0.216s] Level 1:colcon.colcon_core.package_identification:_identify(src/hoverboard-driver) by extension 'ignore_ament_install'
[0.216s] Level 1:colcon.colcon_core.package_identification:_identify(src/hoverboard-driver) by extensions ['colcon_pkg']
[0.216s] Level 1:colcon.colcon_core.package_identification:_identify(src/hoverboard-driver) by extension 'colcon_pkg'
[0.216s] Level 1:colcon.colcon_core.package_identification:_identify(src/hoverboard-driver) by extensions ['colcon_meta']
[0.216s] Level 1:colcon.colcon_core.package_identification:_identify(src/hoverboard-driver) by extension 'colcon_meta'
[0.216s] Level 1:colcon.colcon_core.package_identification:_identify(src/hoverboard-driver) by extensions ['ros']
[0.216s] Level 1:colcon.colcon_core.package_identification:_identify(src/hoverboard-driver) by extension 'ros'
[0.218s] DEBUG:colcon.colcon_core.package_identification:Package 'src/hoverboard-driver' with type 'ros.ament_cmake' and name 'hoverboard_driver'
[0.218s] Level 1:colcon.colcon_core.package_identification:_identify(src/opencv_tools) by extensions ['ignore', 'ignore_ament_install']
[0.218s] Level 1:colcon.colcon_core.package_identification:_identify(src/opencv_tools) by extension 'ignore'
[0.218s] Level 1:colcon.colcon_core.package_identification:_identify(src/opencv_tools) by extension 'ignore_ament_install'
[0.218s] Level 1:colcon.colcon_core.package_identification:_identify(src/opencv_tools) by extensions ['colcon_pkg']
[0.218s] Level 1:colcon.colcon_core.package_identification:_identify(src/opencv_tools) by extension 'colcon_pkg'
[0.218s] Level 1:colcon.colcon_core.package_identification:_identify(src/opencv_tools) by extensions ['colcon_meta']
[0.218s] Level 1:colcon.colcon_core.package_identification:_identify(src/opencv_tools) by extension 'colcon_meta'
[0.218s] Level 1:colcon.colcon_core.package_identification:_identify(src/opencv_tools) by extensions ['ros']
[0.218s] Level 1:colcon.colcon_core.package_identification:_identify(src/opencv_tools) by extension 'ros'
[0.219s] DEBUG:colcon.colcon_core.package_identification:Package 'src/opencv_tools' with type 'ros.ament_python' and name 'opencv_tools'
[0.219s] Level 1:colcon.colcon_core.package_identification:_identify(src/robo_navegacao) by extensions ['ignore', 'ignore_ament_install']
[0.219s] Level 1:colcon.colcon_core.package_identification:_identify(src/robo_navegacao) by extension 'ignore'
[0.219s] Level 1:colcon.colcon_core.package_identification:_identify(src/robo_navegacao) by extension 'ignore_ament_install'
[0.219s] Level 1:colcon.colcon_core.package_identification:_identify(src/robo_navegacao) by extensions ['colcon_pkg']
[0.219s] Level 1:colcon.colcon_core.package_identification:_identify(src/robo_navegacao) by extension 'colcon_pkg'
[0.219s] Level 1:colcon.colcon_core.package_identification:_identify(src/robo_navegacao) by extensions ['colcon_meta']
[0.219s] Level 1:colcon.colcon_core.package_identification:_identify(src/robo_navegacao) by extension 'colcon_meta'
[0.219s] Level 1:colcon.colcon_core.package_identification:_identify(src/robo_navegacao) by extensions ['ros']
[0.219s] Level 1:colcon.colcon_core.package_identification:_identify(src/robo_navegacao) by extension 'ros'
[0.220s] DEBUG:colcon.colcon_core.package_identification:Package 'src/robo_navegacao' with type 'ros.ament_python' and name 'robo_navegacao'
[0.220s] Level 1:colcon.colcon_core.package_identification:_identify(src/rplidar_ros) by extensions ['ignore', 'ignore_ament_install']
[0.220s] Level 1:colcon.colcon_core.package_identification:_identify(src/rplidar_ros) by extension 'ignore'
[0.220s] Level 1:colcon.colcon_core.package_identification:_identify(src/rplidar_ros) by extension 'ignore_ament_install'
[0.220s] Level 1:colcon.colcon_core.package_identification:_identify(src/rplidar_ros) by extensions ['colcon_pkg']
[0.220s] Level 1:colcon.colcon_core.package_identification:_identify(src/rplidar_ros) by extension 'colcon_pkg'
[0.220s] Level 1:colcon.colcon_core.package_identification:_identify(src/rplidar_ros) by extensions ['colcon_meta']
[0.220s] Level 1:colcon.colcon_core.package_identification:_identify(src/rplidar_ros) by extension 'colcon_meta'
[0.220s] Level 1:colcon.colcon_core.package_identification:_identify(src/rplidar_ros) by extensions ['ros']
[0.220s] Level 1:colcon.colcon_core.package_identification:_identify(src/rplidar_ros) by extension 'ros'
[0.221s] DEBUG:colcon.colcon_core.package_identification:Package 'src/rplidar_ros' with type 'ros.ament_cmake' and name 'rplidar_ros'
[0.221s] Level 1:colcon.colcon_core.package_identification:_identify(src/yolov8_bringup) by extensions ['ignore', 'ignore_ament_install']
[0.221s] Level 1:colcon.colcon_core.package_identification:_identify(src/yolov8_bringup) by extension 'ignore'
[0.221s] Level 1:colcon.colcon_core.package_identification:_identify(src/yolov8_bringup) by extension 'ignore_ament_install'
[0.221s] Level 1:colcon.colcon_core.package_identification:_identify(src/yolov8_bringup) by extensions ['colcon_pkg']
[0.221s] Level 1:colcon.colcon_core.package_identification:_identify(src/yolov8_bringup) by extension 'colcon_pkg'
[0.221s] Level 1:colcon.colcon_core.package_identification:_identify(src/yolov8_bringup) by extensions ['colcon_meta']
[0.221s] Level 1:colcon.colcon_core.package_identification:_identify(src/yolov8_bringup) by extension 'colcon_meta'
[0.221s] Level 1:colcon.colcon_core.package_identification:_identify(src/yolov8_bringup) by extensions ['ros']
[0.221s] Level 1:colcon.colcon_core.package_identification:_identify(src/yolov8_bringup) by extension 'ros'
[0.221s] DEBUG:colcon.colcon_core.package_identification:Package 'src/yolov8_bringup' with type 'ros.ament_cmake' and name 'yolov8_bringup'
[0.221s] Level 1:colcon.colcon_core.package_identification:_identify(src/yolov8_msgs) by extensions ['ignore', 'ignore_ament_install']
[0.221s] Level 1:colcon.colcon_core.package_identification:_identify(src/yolov8_msgs) by extension 'ignore'
[0.221s] Level 1:colcon.colcon_core.package_identification:_identify(src/yolov8_msgs) by extension 'ignore_ament_install'
[0.221s] Level 1:colcon.colcon_core.package_identification:_identify(src/yolov8_msgs) by extensions ['colcon_pkg']
[0.221s] Level 1:colcon.colcon_core.package_identification:_identify(src/yolov8_msgs) by extension 'colcon_pkg'
[0.222s] Level 1:colcon.colcon_core.package_identification:_identify(src/yolov8_msgs) by extensions ['colcon_meta']
[0.222s] Level 1:colcon.colcon_core.package_identification:_identify(src/yolov8_msgs) by extension 'colcon_meta'
[0.222s] Level 1:colcon.colcon_core.package_identification:_identify(src/yolov8_msgs) by extensions ['ros']
[0.222s] Level 1:colcon.colcon_core.package_identification:_identify(src/yolov8_msgs) by extension 'ros'
[0.222s] DEBUG:colcon.colcon_core.package_identification:Package 'src/yolov8_msgs' with type 'ros.ament_cmake' and name 'yolov8_msgs'
[0.222s] Level 1:colcon.colcon_core.package_identification:_identify(src/yolov8_ros) by extensions ['ignore', 'ignore_ament_install']
[0.222s] Level 1:colcon.colcon_core.package_identification:_identify(src/yolov8_ros) by extension 'ignore'
[0.222s] Level 1:colcon.colcon_core.package_identification:_identify(src/yolov8_ros) by extension 'ignore_ament_install'
[0.222s] Level 1:colcon.colcon_core.package_identification:_identify(src/yolov8_ros) by extensions ['colcon_pkg']
[0.222s] Level 1:colcon.colcon_core.package_identification:_identify(src/yolov8_ros) by extension 'colcon_pkg'
[0.222s] Level 1:colcon.colcon_core.package_identification:_identify(src/yolov8_ros) by extensions ['colcon_meta']
[0.222s] Level 1:colcon.colcon_core.package_identification:_identify(src/yolov8_ros) by extension 'colcon_meta'
[0.222s] Level 1:colcon.colcon_core.package_identification:_identify(src/yolov8_ros) by extensions ['ros']
[0.222s] Level 1:colcon.colcon_core.package_identification:_identify(src/yolov8_ros) by extension 'ros'
[0.223s] DEBUG:colcon.colcon_core.package_identification:Package 'src/yolov8_ros' with type 'ros.ament_python' and name 'yolov8_ros'
[0.223s] Level 1:colcon.colcon_core.package_discovery:discover_packages(recursive) using defaults
[0.223s] Level 1:colcon.colcon_core.package_discovery:discover_packages(ignore) discover
[0.223s] Level 1:colcon.colcon_core.package_discovery:discover_packages(ignore) using defaults
[0.223s] Level 1:colcon.colcon_core.package_discovery:discover_packages(path) discover
[0.223s] Level 1:colcon.colcon_core.package_discovery:discover_packages(path) using defaults
[0.244s] Level 1:colcon.colcon_core.package_discovery:discover_packages(prefix_path) check parameters
[0.245s] Level 1:colcon.colcon_core.package_discovery:discover_packages(prefix_path) discover
[0.246s] DEBUG:colcon.colcon_installed_package_information.package_discovery:Found 292 installed packages in /opt/ros/humble
[0.247s] Level 1:colcon.colcon_core.package_discovery:discover_packages(prefix_path) using defaults
[0.276s] Level 5:colcon.colcon_core.verb:set package 'hoverboard_driver' build argument 'cmake_args' from command line to 'None'
[0.276s] Level 5:colcon.colcon_core.verb:set package 'hoverboard_driver' build argument 'cmake_target' from command line to 'None'
[0.276s] Level 5:colcon.colcon_core.verb:set package 'hoverboard_driver' build argument 'cmake_target_skip_unavailable' from command line to 'False'
[0.276s] Level 5:colcon.colcon_core.verb:set package 'hoverboard_driver' build argument 'cmake_clean_cache' from command line to 'False'
[0.276s] Level 5:colcon.colcon_core.verb:set package 'hoverboard_driver' build argument 'cmake_clean_first' from command line to 'False'
[0.276s] Level 5:colcon.colcon_core.verb:set package 'hoverboard_driver' build argument 'cmake_force_configure' from command line to 'False'
[0.276s] Level 5:colcon.colcon_core.verb:set package 'hoverboard_driver' build argument 'ament_cmake_args' from command line to 'None'
[0.276s] Level 5:colcon.colcon_core.verb:set package 'hoverboard_driver' build argument 'catkin_cmake_args' from command line to 'None'
[0.276s] Level 5:colcon.colcon_core.verb:set package 'hoverboard_driver' build argument 'catkin_skip_building_tests' from command line to 'False'
[0.276s] DEBUG:colcon.colcon_core.verb:Building package 'hoverboard_driver' with the following arguments: {'ament_cmake_args': None, 'build_base': '/home/glist/buddy/build/hoverboard_driver', 'catkin_cmake_args': None, 'catkin_skip_building_tests': False, 'cmake_args': None, 'cmake_clean_cache': False, 'cmake_clean_first': False, 'cmake_force_configure': False, 'cmake_target': None, 'cmake_target_skip_unavailable': False, 'install_base': '/home/glist/buddy/install/hoverboard_driver', 'merge_install': False, 'path': '/home/glist/buddy/src/hoverboard-driver', 'symlink_install': True, 'test_result_base': None}
[0.276s] Level 5:colcon.colcon_core.verb:set package 'opencv_tools' build argument 'cmake_args' from command line to 'None'
[0.276s] Level 5:colcon.colcon_core.verb:set package 'opencv_tools' build argument 'cmake_target' from command line to 'None'
[0.276s] Level 5:colcon.colcon_core.verb:set package 'opencv_tools' build argument 'cmake_target_skip_unavailable' from command line to 'False'
[0.276s] Level 5:colcon.colcon_core.verb:set package 'opencv_tools' build argument 'cmake_clean_cache' from command line to 'False'
[0.276s] Level 5:colcon.colcon_core.verb:set package 'opencv_tools' build argument 'cmake_clean_first' from command line to 'False'
[0.276s] Level 5:colcon.colcon_core.verb:set package 'opencv_tools' build argument 'cmake_force_configure' from command line to 'False'
[0.276s] Level 5:colcon.colcon_core.verb:set package 'opencv_tools' build argument 'ament_cmake_args' from command line to 'None'
[0.276s] Level 5:colcon.colcon_core.verb:set package 'opencv_tools' build argument 'catkin_cmake_args' from command line to 'None'
[0.276s] Level 5:colcon.colcon_core.verb:set package 'opencv_tools' build argument 'catkin_skip_building_tests' from command line to 'False'
[0.276s] DEBUG:colcon.colcon_core.verb:Building package 'opencv_tools' with the following arguments: {'ament_cmake_args': None, 'build_base': '/home/glist/buddy/build/opencv_tools', 'catkin_cmake_args': None, 'catkin_skip_building_tests': False, 'cmake_args': None, 'cmake_clean_cache': False, 'cmake_clean_first': False, 'cmake_force_configure': False, 'cmake_target': None, 'cmake_target_skip_unavailable': False, 'install_base': '/home/glist/buddy/install/opencv_tools', 'merge_install': False, 'path': '/home/glist/buddy/src/opencv_tools', 'symlink_install': True, 'test_result_base': None}
[0.277s] Level 5:colcon.colcon_core.verb:set package 'robo_navegacao' build argument 'cmake_args' from command line to 'None'
[0.277s] Level 5:colcon.colcon_core.verb:set package 'robo_navegacao' build argument 'cmake_target' from command line to 'None'
[0.277s] Level 5:colcon.colcon_core.verb:set package 'robo_navegacao' build argument 'cmake_target_skip_unavailable' from command line to 'False'
[0.277s] Level 5:colcon.colcon_core.verb:set package 'robo_navegacao' build argument 'cmake_clean_cache' from command line to 'False'
[0.277s] Level 5:colcon.colcon_core.verb:set package 'robo_navegacao' build argument 'cmake_clean_first' from command line to 'False'
[0.277s] Level 5:colcon.colcon_core.verb:set package 'robo_navegacao' build argument 'cmake_force_configure' from command line to 'False'
[0.277s] Level 5:colcon.colcon_core.verb:set package 'robo_navegacao' build argument 'ament_cmake_args' from command line to 'None'
[0.277s] Level 5:colcon.colcon_core.verb:set package 'robo_navegacao' build argument 'catkin_cmake_args' from command line to 'None'
[0.277s] Level 5:colcon.colcon_core.verb:set package 'robo_navegacao' build argument 'catkin_skip_building_tests' from command line to 'False'
[0.277s] DEBUG:colcon.colcon_core.verb:Building package 'robo_navegacao' with the following arguments: {'ament_cmake_args': None, 'build_base': '/home/glist/buddy/build/robo_navegacao', 'catkin_cmake_args': None, 'catkin_skip_building_tests': False, 'cmake_args': None, 'cmake_clean_cache': False, 'cmake_clean_first': False, 'cmake_force_configure': False, 'cmake_target': None, 'cmake_target_skip_unavailable': False, 'install_base': '/home/glist/buddy/install/robo_navegacao', 'merge_install': False, 'path': '/home/glist/buddy/src/robo_navegacao', 'symlink_install': True, 'test_result_base': None}
[0.277s] Level 5:colcon.colcon_core.verb:set package 'rplidar_ros' build argument 'cmake_args' from command line to 'None'
[0.277s] Level 5:colcon.colcon_core.verb:set package 'rplidar_ros' build argument 'cmake_target' from command line to 'None'
[0.277s] Level 5:colcon.colcon_core.verb:set package 'rplidar_ros' build argument 'cmake_target_skip_unavailable' from command line to 'False'
[0.277s] Level 5:colcon.colcon_core.verb:set package 'rplidar_ros' build argument 'cmake_clean_cache' from command line to 'False'
[0.277s] Level 5:colcon.colcon_core.verb:set package 'rplidar_ros' build argument 'cmake_clean_first' from command line to 'False'
[0.277s] Level 5:colcon.colcon_core.verb:set package 'rplidar_ros' build argument 'cmake_force_configure' from command line to 'False'
[0.277s] Level 5:colcon.colcon_core.verb:set package 'rplidar_ros' build argument 'ament_cmake_args' from command line to 'None'
[0.277s] Level 5:colcon.colcon_core.verb:set package 'rplidar_ros' build argument 'catkin_cmake_args' from command line to 'None'
[0.277s] Level 5:colcon.colcon_core.verb:set package 'rplidar_ros' build argument 'catkin_skip_building_tests' from command line to 'False'
[0.277s] DEBUG:colcon.colcon_core.verb:Building package 'rplidar_ros' with the following arguments: {'ament_cmake_args': None, 'build_base': '/home/glist/buddy/build/rplidar_ros', 'catkin_cmake_args': None, 'catkin_skip_building_tests': False, 'cmake_args': None, 'cmake_clean_cache': False, 'cmake_clean_first': False, 'cmake_force_configure': False, 'cmake_target': None, 'cmake_target_skip_unavailable': False, 'install_base': '/home/glist/buddy/install/rplidar_ros', 'merge_install': False, 'path': '/home/glist/buddy/src/rplidar_ros', 'symlink_install': True, 'test_result_base': None}
[0.277s] Level 5:colcon.colcon_core.verb:set package 'yolov8_msgs' build argument 'cmake_args' from command line to 'None'
[0.277s] Level 5:colcon.colcon_core.verb:set package 'yolov8_msgs' build argument 'cmake_target' from command line to 'None'
[0.277s] Level 5:colcon.colcon_core.verb:set package 'yolov8_msgs' build argument 'cmake_target_skip_unavailable' from command line to 'False'
[0.277s] Level 5:colcon.colcon_core.verb:set package 'yolov8_msgs' build argument 'cmake_clean_cache' from command line to 'False'
[0.277s] Level 5:colcon.colcon_core.verb:set package 'yolov8_msgs' build argument 'cmake_clean_first' from command line to 'False'
[0.277s] Level 5:colcon.colcon_core.verb:set package 'yolov8_msgs' build argument 'cmake_force_configure' from command line to 'False'
[0.277s] Level 5:colcon.colcon_core.verb:set package 'yolov8_msgs' build argument 'ament_cmake_args' from command line to 'None'
[0.277s] Level 5:colcon.colcon_core.verb:set package 'yolov8_msgs' build argument 'catkin_cmake_args' from command line to 'None'
[0.277s] Level 5:colcon.colcon_core.verb:set package 'yolov8_msgs' build argument 'catkin_skip_building_tests' from command line to 'False'
[0.277s] DEBUG:colcon.colcon_core.verb:Building package 'yolov8_msgs' with the following arguments: {'ament_cmake_args': None, 'build_base': '/home/glist/buddy/build/yolov8_msgs', 'catkin_cmake_args': None, 'catkin_skip_building_tests': False, 'cmake_args': None, 'cmake_clean_cache': False, 'cmake_clean_first': False, 'cmake_force_configure': False, 'cmake_target': None, 'cmake_target_skip_unavailable': False, 'install_base': '/home/glist/buddy/install/yolov8_msgs', 'merge_install': False, 'path': '/home/glist/buddy/src/yolov8_msgs', 'symlink_install': True, 'test_result_base': None}
[0.278s] Level 5:colcon.colcon_core.verb:set package 'yolov8_ros' build argument 'cmake_args' from command line to 'None'
[0.278s] Level 5:colcon.colcon_core.verb:set package 'yolov8_ros' build argument 'cmake_target' from command line to 'None'
[0.278s] Level 5:colcon.colcon_core.verb:set package 'yolov8_ros' build argument 'cmake_target_skip_unavailable' from command line to 'False'
[0.278s] Level 5:colcon.colcon_core.verb:set package 'yolov8_ros' build argument 'cmake_clean_cache' from command line to 'False'
[0.278s] Level 5:colcon.colcon_core.verb:set package 'yolov8_ros' build argument 'cmake_clean_first' from command line to 'False'
[0.278s] Level 5:colcon.colcon_core.verb:set package 'yolov8_ros' build argument 'cmake_force_configure' from command line to 'False'
[0.278s] Level 5:colcon.colcon_core.verb:set package 'yolov8_ros' build argument 'ament_cmake_args' from command line to 'None'
[0.278s] Level 5:colcon.colcon_core.verb:set package 'yolov8_ros' build argument 'catkin_cmake_args' from command line to 'None'
[0.278s] Level 5:colcon.colcon_core.verb:set package 'yolov8_ros' build argument 'catkin_skip_building_tests' from command line to 'False'
[0.278s] DEBUG:colcon.colcon_core.verb:Building package 'yolov8_ros' with the following arguments: {'ament_cmake_args': None, 'build_base': '/home/glist/buddy/build/yolov8_ros', 'catkin_cmake_args': None, 'catkin_skip_building_tests': False, 'cmake_args': None, 'cmake_clean_cache': False, 'cmake_clean_first': False, 'cmake_force_configure': False, 'cmake_target': None, 'cmake_target_skip_unavailable': False, 'install_base': '/home/glist/buddy/install/yolov8_ros', 'merge_install': False, 'path': '/home/glist/buddy/src/yolov8_ros', 'symlink_install': True, 'test_result_base': None}
[0.278s] Level 5:colcon.colcon_core.verb:set package 'yolov8_bringup' build argument 'cmake_args' from command line to 'None'
[0.278s] Level 5:colcon.colcon_core.verb:set package 'yolov8_bringup' build argument 'cmake_target' from command line to 'None'
[0.278s] Level 5:colcon.colcon_core.verb:set package 'yolov8_bringup' build argument 'cmake_target_skip_unavailable' from command line to 'False'
[0.278s] Level 5:colcon.colcon_core.verb:set package 'yolov8_bringup' build argument 'cmake_clean_cache' from command line to 'False'
[0.278s] Level 5:colcon.colcon_core.verb:set package 'yolov8_bringup' build argument 'cmake_clean_first' from command line to 'False'
[0.278s] Level 5:colcon.colcon_core.verb:set package 'yolov8_bringup' build argument 'cmake_force_configure' from command line to 'False'
[0.278s] Level 5:colcon.colcon_core.verb:set package 'yolov8_bringup' build argument 'ament_cmake_args' from command line to 'None'
[0.278s] Level 5:colcon.colcon_core.verb:set package 'yolov8_bringup' build argument 'catkin_cmake_args' from command line to 'None'
[0.278s] Level 5:colcon.colcon_core.verb:set package 'yolov8_bringup' build argument 'catkin_skip_building_tests' from command line to 'False'
[0.278s] DEBUG:colcon.colcon_core.verb:Building package 'yolov8_bringup' with the following arguments: {'ament_cmake_args': None, 'build_base': '/home/glist/buddy/build/yolov8_bringup', 'catkin_cmake_args': None, 'catkin_skip_building_tests': False, 'cmake_args': None, 'cmake_clean_cache': False, 'cmake_clean_first': False, 'cmake_force_configure': False, 'cmake_target': None, 'cmake_target_skip_unavailable': False, 'install_base': '/home/glist/buddy/install/yolov8_bringup', 'merge_install': False, 'path': '/home/glist/buddy/src/yolov8_bringup', 'symlink_install': True, 'test_result_base': None}
[0.278s] INFO:colcon.colcon_core.executor:Executing jobs using 'parallel' executor
[0.279s] DEBUG:colcon.colcon_parallel_executor.executor.parallel:run_until_complete
[0.279s] INFO:colcon.colcon_ros.task.ament_cmake.build:Building ROS package in '/home/glist/buddy/src/yolov8_msgs' with build type 'ament_cmake'
[0.279s] INFO:colcon.colcon_cmake.task.cmake.build:Building CMake package in '/home/glist/buddy/src/yolov8_msgs'
[0.281s] INFO:colcon.colcon_core.plugin_system:Skipping extension 'colcon_core.shell.bat': Not used on non-Windows systems
[0.281s] INFO:colcon.colcon_core.shell:Skip shell extension 'powershell' for command environment: Not usable outside of PowerShell
[0.281s] DEBUG:colcon.colcon_core.shell:Skip shell extension 'dsv' for command environment
[0.284s] INFO:colcon.colcon_ros.task.ament_cmake.build:Building ROS package in '/home/glist/buddy/src/hoverboard-driver' with build type 'ament_cmake'
[0.284s] INFO:colcon.colcon_cmake.task.cmake.build:Building CMake package in '/home/glist/buddy/src/hoverboard-driver'
[0.284s] INFO:colcon.colcon_core.shell:Skip shell extension 'powershell' for command environment: Not usable outside of PowerShell
[0.284s] DEBUG:colcon.colcon_core.shell:Skip shell extension 'dsv' for command environment
[0.286s] INFO:colcon.colcon_ros.task.ament_python.build:Building ROS package in '/home/glist/buddy/src/opencv_tools' with build type 'ament_python'
[0.286s] Level 1:colcon.colcon_core.shell:create_environment_hook('opencv_tools', 'ament_prefix_path')
[0.286s] INFO:colcon.colcon_core.shell:Creating environment hook '/home/glist/buddy/install/opencv_tools/share/opencv_tools/hook/ament_prefix_path.ps1'
[0.287s] INFO:colcon.colcon_core.shell:Creating environment descriptor '/home/glist/buddy/install/opencv_tools/share/opencv_tools/hook/ament_prefix_path.dsv'
[0.287s] INFO:colcon.colcon_core.shell:Creating environment hook '/home/glist/buddy/install/opencv_tools/share/opencv_tools/hook/ament_prefix_path.sh'
[0.288s] INFO:colcon.colcon_core.shell:Skip shell extension 'powershell' for command environment: Not usable outside of PowerShell
[0.288s] DEBUG:colcon.colcon_core.shell:Skip shell extension 'dsv' for command environment
[0.289s] INFO:colcon.colcon_ros.task.ament_python.build:Building ROS package in '/home/glist/buddy/src/robo_navegacao' with build type 'ament_python'
[0.290s] Level 1:colcon.colcon_core.shell:create_environment_hook('robo_navegacao', 'ament_prefix_path')
[0.290s] INFO:colcon.colcon_core.shell:Creating environment hook '/home/glist/buddy/install/robo_navegacao/share/robo_navegacao/hook/ament_prefix_path.ps1'
[0.290s] INFO:colcon.colcon_core.shell:Creating environment descriptor '/home/glist/buddy/install/robo_navegacao/share/robo_navegacao/hook/ament_prefix_path.dsv'
[0.290s] INFO:colcon.colcon_core.shell:Creating environment hook '/home/glist/buddy/install/robo_navegacao/share/robo_navegacao/hook/ament_prefix_path.sh'
[0.292s] INFO:colcon.colcon_core.shell:Skip shell extension 'powershell' for command environment: Not usable outside of PowerShell
[0.292s] DEBUG:colcon.colcon_core.shell:Skip shell extension 'dsv' for command environment
[0.294s] INFO:colcon.colcon_ros.task.ament_cmake.build:Building ROS package in '/home/glist/buddy/src/rplidar_ros' with build type 'ament_cmake'
[0.294s] INFO:colcon.colcon_cmake.task.cmake.build:Building CMake package in '/home/glist/buddy/src/rplidar_ros'
[0.294s] INFO:colcon.colcon_core.shell:Skip shell extension 'powershell' for command environment: Not usable outside of PowerShell
[0.294s] DEBUG:colcon.colcon_core.shell:Skip shell extension 'dsv' for command environment
[0.300s] DEBUG:colcon.colcon_core.event_handler.log_command:Invoking command in '/home/glist/buddy/build/yolov8_msgs': CMAKE_PREFIX_PATH=/opt/ros/humble /usr/bin/cmake --build /home/glist/buddy/build/yolov8_msgs -- -j16 -l16
[0.302s] DEBUG:colcon.colcon_core.event_handler.log_command:Invoking command in '/home/glist/buddy/build/hoverboard_driver': CMAKE_PREFIX_PATH=/opt/ros/humble /usr/bin/cmake --build /home/glist/buddy/build/hoverboard_driver -- -j16 -l16
[0.504s] INFO:colcon.colcon_core.task.python.build:Building Python package in '/home/glist/buddy/src/opencv_tools'
[0.504s] INFO:colcon.colcon_core.shell:Skip shell extension 'powershell' for command environment: Not usable outside of PowerShell
[0.505s] DEBUG:colcon.colcon_core.shell:Skip shell extension 'dsv' for command environment
[0.704s] INFO:colcon.colcon_core.task.python.build:Building Python package in '/home/glist/buddy/src/robo_navegacao'
[0.704s] INFO:colcon.colcon_core.shell:Skip shell extension 'powershell' for command environment: Not usable outside of PowerShell
[0.704s] DEBUG:colcon.colcon_core.shell:Skip shell extension 'dsv' for command environment
[0.713s] DEBUG:colcon.colcon_core.event_handler.log_command:Invoking command in '/home/glist/buddy/build/rplidar_ros': CMAKE_PREFIX_PATH=/opt/ros/humble /usr/bin/cmake --build /home/glist/buddy/build/rplidar_ros -- -j16 -l16
[0.713s] DEBUG:colcon.colcon_core.event_handler.log_command:Invoked command in '/home/glist/buddy/build/hoverboard_driver' returned '0': CMAKE_PREFIX_PATH=/opt/ros/humble /usr/bin/cmake --build /home/glist/buddy/build/hoverboard_driver -- -j16 -l16
[0.721s] DEBUG:colcon.colcon_core.event_handler.log_command:Invoking command in '/home/glist/buddy/build/hoverboard_driver': CMAKE_PREFIX_PATH=/opt/ros/humble /usr/bin/cmake --install /home/glist/buddy/build/hoverboard_driver
[0.721s] DEBUG:colcon.colcon_core.event_handler.log_command:Invoked command in '/home/glist/buddy/build/yolov8_msgs' returned '0': CMAKE_PREFIX_PATH=/opt/ros/humble /usr/bin/cmake --build /home/glist/buddy/build/yolov8_msgs -- -j16 -l16
[0.723s] DEBUG:colcon.colcon_core.event_handler.log_command:Invoking command in '/home/glist/buddy/build/yolov8_msgs': CMAKE_PREFIX_PATH=/opt/ros/humble /usr/bin/cmake --install /home/glist/buddy/build/yolov8_msgs
[0.742s] Level 1:colcon.colcon_core.environment:create_environment_scripts_only(hoverboard_driver)
[0.742s] DEBUG:colcon.colcon_core.event_handler.log_command:Invoked command in '/home/glist/buddy/build/hoverboard_driver' returned '0': CMAKE_PREFIX_PATH=/opt/ros/humble /usr/bin/cmake --install /home/glist/buddy/build/hoverboard_driver
[0.749s] Level 1:colcon.colcon_core.environment:checking '/home/glist/buddy/install/hoverboard_driver' for CMake module files
[0.751s] Level 1:colcon.colcon_core.environment:checking '/home/glist/buddy/install/hoverboard_driver' for CMake config files
[0.753s] Level 1:colcon.colcon_core.shell:create_environment_hook('hoverboard_driver', 'cmake_prefix_path')
[0.753s] INFO:colcon.colcon_core.shell:Creating environment hook '/home/glist/buddy/install/hoverboard_driver/share/hoverboard_driver/hook/cmake_prefix_path.ps1'
[0.754s] INFO:colcon.colcon_core.shell:Creating environment descriptor '/home/glist/buddy/install/hoverboard_driver/share/hoverboard_driver/hook/cmake_prefix_path.dsv'
[0.755s] INFO:colcon.colcon_core.shell:Creating environment hook '/home/glist/buddy/install/hoverboard_driver/share/hoverboard_driver/hook/cmake_prefix_path.sh'
[0.757s] Level 1:colcon.colcon_core.environment:checking '/home/glist/buddy/install/hoverboard_driver/lib'
[0.758s] Level 1:colcon.colcon_core.shell:create_environment_hook('hoverboard_driver', 'ld_library_path_lib')
[0.759s] INFO:colcon.colcon_core.shell:Creating environment hook '/home/glist/buddy/install/hoverboard_driver/share/hoverboard_driver/hook/ld_library_path_lib.ps1'
[0.759s] INFO:colcon.colcon_core.shell:Creating environment descriptor '/home/glist/buddy/install/hoverboard_driver/share/hoverboard_driver/hook/ld_library_path_lib.dsv'
[0.761s] INFO:colcon.colcon_core.shell:Creating environment hook '/home/glist/buddy/install/hoverboard_driver/share/hoverboard_driver/hook/ld_library_path_lib.sh'
[0.763s] Level 1:colcon.colcon_core.environment:checking '/home/glist/buddy/install/hoverboard_driver/bin'
[0.763s] Level 1:colcon.colcon_core.environment:checking '/home/glist/buddy/install/hoverboard_driver/lib/pkgconfig/hoverboard_driver.pc'
[0.763s] Level 1:colcon.colcon_core.environment:checking '/home/glist/buddy/install/hoverboard_driver/lib/python3.10/site-packages'
[0.764s] Level 1:colcon.colcon_core.environment:checking '/home/glist/buddy/install/hoverboard_driver/bin'
[0.764s] INFO:colcon.colcon_core.shell:Creating package script '/home/glist/buddy/install/hoverboard_driver/share/hoverboard_driver/package.ps1'
[0.765s] INFO:colcon.colcon_core.shell:Creating package descriptor '/home/glist/buddy/install/hoverboard_driver/share/hoverboard_driver/package.dsv'
[0.765s] INFO:colcon.colcon_core.shell:Creating package script '/home/glist/buddy/install/hoverboard_driver/share/hoverboard_driver/package.sh'
[0.766s] INFO:colcon.colcon_core.shell:Creating package script '/home/glist/buddy/install/hoverboard_driver/share/hoverboard_driver/package.bash'
[0.767s] INFO:colcon.colcon_core.shell:Creating package script '/home/glist/buddy/install/hoverboard_driver/share/hoverboard_driver/package.zsh'
[0.767s] Level 1:colcon.colcon_core.environment:create_file_with_runtime_dependencies(/home/glist/buddy/install/hoverboard_driver/share/colcon-core/packages/hoverboard_driver)
[0.768s] Level 1:colcon.colcon_core.environment:create_environment_scripts_only(hoverboard_driver)
[0.768s] Level 1:colcon.colcon_core.environment:checking '/home/glist/buddy/install/hoverboard_driver' for CMake module files
[0.768s] Level 1:colcon.colcon_core.environment:checking '/home/glist/buddy/install/hoverboard_driver' for CMake config files
[0.769s] Level 1:colcon.colcon_core.shell:create_environment_hook('hoverboard_driver', 'cmake_prefix_path')
[0.769s] INFO:colcon.colcon_core.shell:Creating environment hook '/home/glist/buddy/install/hoverboard_driver/share/hoverboard_driver/hook/cmake_prefix_path.ps1'
[0.769s] INFO:colcon.colcon_core.shell:Creating environment descriptor '/home/glist/buddy/install/hoverboard_driver/share/hoverboard_driver/hook/cmake_prefix_path.dsv'
[0.769s] INFO:colcon.colcon_core.shell:Creating environment hook '/home/glist/buddy/install/hoverboard_driver/share/hoverboard_driver/hook/cmake_prefix_path.sh'
[0.770s] Level 1:colcon.colcon_core.environment:checking '/home/glist/buddy/install/hoverboard_driver/lib'
[0.770s] Level 1:colcon.colcon_core.shell:create_environment_hook('hoverboard_driver', 'ld_library_path_lib')
[0.770s] INFO:colcon.colcon_core.shell:Creating environment hook '/home/glist/buddy/install/hoverboard_driver/share/hoverboard_driver/hook/ld_library_path_lib.ps1'
[0.770s] INFO:colcon.colcon_core.shell:Creating environment descriptor '/home/glist/buddy/install/hoverboard_driver/share/hoverboard_driver/hook/ld_library_path_lib.dsv'
[0.771s] INFO:colcon.colcon_core.shell:Creating environment hook '/home/glist/buddy/install/hoverboard_driver/share/hoverboard_driver/hook/ld_library_path_lib.sh'
[0.772s] Level 1:colcon.colcon_core.environment:checking '/home/glist/buddy/install/hoverboard_driver/bin'
[0.772s] Level 1:colcon.colcon_core.environment:checking '/home/glist/buddy/install/hoverboard_driver/lib/pkgconfig/hoverboard_driver.pc'
[0.772s] Level 1:colcon.colcon_core.environment:checking '/home/glist/buddy/install/hoverboard_driver/lib/python3.10/site-packages'
[0.772s] Level 1:colcon.colcon_core.environment:checking '/home/glist/buddy/install/hoverboard_driver/bin'
[0.772s] INFO:colcon.colcon_core.shell:Creating package script '/home/glist/buddy/install/hoverboard_driver/share/hoverboard_driver/package.ps1'
[0.773s] INFO:colcon.colcon_core.shell:Creating package descriptor '/home/glist/buddy/install/hoverboard_driver/share/hoverboard_driver/package.dsv'
[0.774s] INFO:colcon.colcon_core.shell:Creating package script '/home/glist/buddy/install/hoverboard_driver/share/hoverboard_driver/package.sh'
[0.774s] INFO:colcon.colcon_core.shell:Creating package script '/home/glist/buddy/install/hoverboard_driver/share/hoverboard_driver/package.bash'
[0.774s] INFO:colcon.colcon_core.shell:Creating package script '/home/glist/buddy/install/hoverboard_driver/share/hoverboard_driver/package.zsh'
[0.775s] Level 1:colcon.colcon_core.environment:create_file_with_runtime_dependencies(/home/glist/buddy/install/hoverboard_driver/share/colcon-core/packages/hoverboard_driver)
[0.776s] DEBUG:colcon.colcon_core.event_handler.log_command:Invoked command in '/home/glist/buddy/build/rplidar_ros' returned '0': CMAKE_PREFIX_PATH=/opt/ros/humble /usr/bin/cmake --build /home/glist/buddy/build/rplidar_ros -- -j16 -l16
[0.777s] DEBUG:colcon.colcon_core.event_handler.log_command:Invoking command in '/home/glist/buddy/build/rplidar_ros': CMAKE_PREFIX_PATH=/opt/ros/humble /usr/bin/cmake --install /home/glist/buddy/build/rplidar_ros
[0.799s] Level 1:colcon.colcon_core.environment:create_environment_scripts_only(rplidar_ros)
[0.800s] Level 1:colcon.colcon_core.environment:checking '/home/glist/buddy/install/rplidar_ros' for CMake module files
[0.800s] DEBUG:colcon.colcon_core.event_handler.log_command:Invoked command in '/home/glist/buddy/build/rplidar_ros' returned '0': CMAKE_PREFIX_PATH=/opt/ros/humble /usr/bin/cmake --install /home/glist/buddy/build/rplidar_ros
[0.801s] Level 1:colcon.colcon_core.environment:checking '/home/glist/buddy/install/rplidar_ros' for CMake config files
[0.801s] Level 1:colcon.colcon_core.shell:create_environment_hook('rplidar_ros', 'cmake_prefix_path')
[0.801s] INFO:colcon.colcon_core.shell:Creating environment hook '/home/glist/buddy/install/rplidar_ros/share/rplidar_ros/hook/cmake_prefix_path.ps1'
[0.802s] INFO:colcon.colcon_core.shell:Creating environment descriptor '/home/glist/buddy/install/rplidar_ros/share/rplidar_ros/hook/cmake_prefix_path.dsv'
[0.802s] INFO:colcon.colcon_core.shell:Creating environment hook '/home/glist/buddy/install/rplidar_ros/share/rplidar_ros/hook/cmake_prefix_path.sh'
[0.803s] Level 1:colcon.colcon_core.environment:checking '/home/glist/buddy/install/rplidar_ros/lib'
[0.803s] Level 1:colcon.colcon_core.environment:checking '/home/glist/buddy/install/rplidar_ros/bin'
[0.803s] Level 1:colcon.colcon_core.environment:checking '/home/glist/buddy/install/rplidar_ros/lib/pkgconfig/rplidar_ros.pc'
[0.803s] Level 1:colcon.colcon_core.environment:checking '/home/glist/buddy/install/rplidar_ros/lib/python3.10/site-packages'
[0.803s] Level 1:colcon.colcon_core.environment:checking '/home/glist/buddy/install/rplidar_ros/bin'
[0.803s] INFO:colcon.colcon_core.shell:Creating package script '/home/glist/buddy/install/rplidar_ros/share/rplidar_ros/package.ps1'
[0.805s] INFO:colcon.colcon_core.shell:Creating package descriptor '/home/glist/buddy/install/rplidar_ros/share/rplidar_ros/package.dsv'
[0.805s] INFO:colcon.colcon_core.shell:Creating package script '/home/glist/buddy/install/rplidar_ros/share/rplidar_ros/package.sh'
[0.806s] INFO:colcon.colcon_core.shell:Creating package script '/home/glist/buddy/install/rplidar_ros/share/rplidar_ros/package.bash'
[0.806s] INFO:colcon.colcon_core.shell:Creating package script '/home/glist/buddy/install/rplidar_ros/share/rplidar_ros/package.zsh'
[0.807s] Level 1:colcon.colcon_core.environment:create_file_with_runtime_dependencies(/home/glist/buddy/install/rplidar_ros/share/colcon-core/packages/rplidar_ros)
[0.807s] Level 1:colcon.colcon_core.environment:create_environment_scripts_only(rplidar_ros)
[0.807s] Level 1:colcon.colcon_core.environment:checking '/home/glist/buddy/install/rplidar_ros' for CMake module files
[0.808s] Level 1:colcon.colcon_core.environment:checking '/home/glist/buddy/install/rplidar_ros' for CMake config files
[0.808s] Level 1:colcon.colcon_core.shell:create_environment_hook('rplidar_ros', 'cmake_prefix_path')
[0.808s] INFO:colcon.colcon_core.shell:Creating environment hook '/home/glist/buddy/install/rplidar_ros/share/rplidar_ros/hook/cmake_prefix_path.ps1'
[0.809s] INFO:colcon.colcon_core.shell:Creating environment descriptor '/home/glist/buddy/install/rplidar_ros/share/rplidar_ros/hook/cmake_prefix_path.dsv'
[0.809s] INFO:colcon.colcon_core.shell:Creating environment hook '/home/glist/buddy/install/rplidar_ros/share/rplidar_ros/hook/cmake_prefix_path.sh'
[0.809s] Level 1:colcon.colcon_core.environment:checking '/home/glist/buddy/install/rplidar_ros/lib'
[0.809s] Level 1:colcon.colcon_core.environment:checking '/home/glist/buddy/install/rplidar_ros/bin'
[0.809s] Level 1:colcon.colcon_core.environment:checking '/home/glist/buddy/install/rplidar_ros/lib/pkgconfig/rplidar_ros.pc'
[0.810s] Level 1:colcon.colcon_core.environment:checking '/home/glist/buddy/install/rplidar_ros/lib/python3.10/site-packages'
[0.810s] Level 1:colcon.colcon_core.environment:checking '/home/glist/buddy/install/rplidar_ros/bin'
[0.810s] INFO:colcon.colcon_core.shell:Creating package script '/home/glist/buddy/install/rplidar_ros/share/rplidar_ros/package.ps1'
[0.810s] INFO:colcon.colcon_core.shell:Creating package descriptor '/home/glist/buddy/install/rplidar_ros/share/rplidar_ros/package.dsv'
[0.811s] INFO:colcon.colcon_core.shell:Creating package script '/home/glist/buddy/install/rplidar_ros/share/rplidar_ros/package.sh'
[0.811s] INFO:colcon.colcon_core.shell:Creating package script '/home/glist/buddy/install/rplidar_ros/share/rplidar_ros/package.bash'
[0.811s] INFO:colcon.colcon_core.shell:Creating package script '/home/glist/buddy/install/rplidar_ros/share/rplidar_ros/package.zsh'
[0.812s] Level 1:colcon.colcon_core.environment:create_file_with_runtime_dependencies(/home/glist/buddy/install/rplidar_ros/share/colcon-core/packages/rplidar_ros)
[0.812s] Level 1:colcon.colcon_core.environment:create_environment_scripts_only(yolov8_msgs)
[0.813s] Level 1:colcon.colcon_core.environment:checking '/home/glist/buddy/install/yolov8_msgs' for CMake module files
[0.813s] DEBUG:colcon.colcon_core.event_handler.log_command:Invoked command in '/home/glist/buddy/build/yolov8_msgs' returned '0': CMAKE_PREFIX_PATH=/opt/ros/humble /usr/bin/cmake --install /home/glist/buddy/build/yolov8_msgs
[0.813s] Level 1:colcon.colcon_core.environment:checking '/home/glist/buddy/install/yolov8_msgs' for CMake config files
[0.815s] Level 1:colcon.colcon_core.shell:create_environment_hook('yolov8_msgs', 'cmake_prefix_path')
[0.815s] INFO:colcon.colcon_core.shell:Creating environment hook '/home/glist/buddy/install/yolov8_msgs/share/yolov8_msgs/hook/cmake_prefix_path.ps1'
[0.816s] INFO:colcon.colcon_core.shell:Creating environment descriptor '/home/glist/buddy/install/yolov8_msgs/share/yolov8_msgs/hook/cmake_prefix_path.dsv'
[0.816s] INFO:colcon.colcon_core.shell:Creating environment hook '/home/glist/buddy/install/yolov8_msgs/share/yolov8_msgs/hook/cmake_prefix_path.sh'
[0.816s] Level 1:colcon.colcon_core.environment:checking '/home/glist/buddy/install/yolov8_msgs/lib'
[0.816s] Level 1:colcon.colcon_core.shell:create_environment_hook('yolov8_msgs', 'ld_library_path_lib')
[0.816s] INFO:colcon.colcon_core.shell:Creating environment hook '/home/glist/buddy/install/yolov8_msgs/share/yolov8_msgs/hook/ld_library_path_lib.ps1'
[0.817s] INFO:colcon.colcon_core.shell:Creating environment descriptor '/home/glist/buddy/install/yolov8_msgs/share/yolov8_msgs/hook/ld_library_path_lib.dsv'
[0.817s] INFO:colcon.colcon_core.shell:Creating environment hook '/home/glist/buddy/install/yolov8_msgs/share/yolov8_msgs/hook/ld_library_path_lib.sh'
[0.817s] Level 1:colcon.colcon_core.environment:checking '/home/glist/buddy/install/yolov8_msgs/bin'
[0.817s] Level 1:colcon.colcon_core.environment:checking '/home/glist/buddy/install/yolov8_msgs/lib/pkgconfig/yolov8_msgs.pc'
[0.817s] Level 1:colcon.colcon_core.environment:checking '/home/glist/buddy/install/yolov8_msgs/lib/python3.10/site-packages'
[0.818s] Level 1:colcon.colcon_core.environment:checking '/home/glist/buddy/install/yolov8_msgs/bin'
[0.818s] INFO:colcon.colcon_core.shell:Creating package script '/home/glist/buddy/install/yolov8_msgs/share/yolov8_msgs/package.ps1'
[0.818s] INFO:colcon.colcon_core.shell:Creating package descriptor '/home/glist/buddy/install/yolov8_msgs/share/yolov8_msgs/package.dsv'
[0.819s] INFO:colcon.colcon_core.shell:Creating package script '/home/glist/buddy/install/yolov8_msgs/share/yolov8_msgs/package.sh'
[0.819s] INFO:colcon.colcon_core.shell:Creating package script '/home/glist/buddy/install/yolov8_msgs/share/yolov8_msgs/package.bash'
[0.819s] INFO:colcon.colcon_core.shell:Creating package script '/home/glist/buddy/install/yolov8_msgs/share/yolov8_msgs/package.zsh'
[0.819s] Level 1:colcon.colcon_core.environment:create_file_with_runtime_dependencies(/home/glist/buddy/install/yolov8_msgs/share/colcon-core/packages/yolov8_msgs)
[0.820s] Level 1:colcon.colcon_core.environment:create_environment_scripts_only(yolov8_msgs)
[0.820s] Level 1:colcon.colcon_core.environment:checking '/home/glist/buddy/install/yolov8_msgs' for CMake module files
[0.820s] Level 1:colcon.colcon_core.environment:checking '/home/glist/buddy/install/yolov8_msgs' for CMake config files
[0.822s] Level 1:colcon.colcon_core.shell:create_environment_hook('yolov8_msgs', 'cmake_prefix_path')
[0.822s] INFO:colcon.colcon_core.shell:Creating environment hook '/home/glist/buddy/install/yolov8_msgs/share/yolov8_msgs/hook/cmake_prefix_path.ps1'
[0.823s] INFO:colcon.colcon_core.shell:Creating environment descriptor '/home/glist/buddy/install/yolov8_msgs/share/yolov8_msgs/hook/cmake_prefix_path.dsv'
[0.823s] INFO:colcon.colcon_core.shell:Creating environment hook '/home/glist/buddy/install/yolov8_msgs/share/yolov8_msgs/hook/cmake_prefix_path.sh'
[0.823s] Level 1:colcon.colcon_core.environment:checking '/home/glist/buddy/install/yolov8_msgs/lib'
[0.823s] Level 1:colcon.colcon_core.shell:create_environment_hook('yolov8_msgs', 'ld_library_path_lib')
[0.824s] INFO:colcon.colcon_core.shell:Creating environment hook '/home/glist/buddy/install/yolov8_msgs/share/yolov8_msgs/hook/ld_library_path_lib.ps1'
[0.824s] INFO:colcon.colcon_core.shell:Creating environment descriptor '/home/glist/buddy/install/yolov8_msgs/share/yolov8_msgs/hook/ld_library_path_lib.dsv'
[0.824s] INFO:colcon.colcon_core.shell:Creating environment hook '/home/glist/buddy/install/yolov8_msgs/share/yolov8_msgs/hook/ld_library_path_lib.sh'
[0.824s] Level 1:colcon.colcon_core.environment:checking '/home/glist/buddy/install/yolov8_msgs/bin'
[0.824s] Level 1:colcon.colcon_core.environment:checking '/home/glist/buddy/install/yolov8_msgs/lib/pkgconfig/yolov8_msgs.pc'
[0.825s] Level 1:colcon.colcon_core.environment:checking '/home/glist/buddy/install/yolov8_msgs/lib/python3.10/site-packages'
[0.825s] Level 1:colcon.colcon_core.environment:checking '/home/glist/buddy/install/yolov8_msgs/bin'
[0.825s] INFO:colcon.colcon_core.shell:Creating package script '/home/glist/buddy/install/yolov8_msgs/share/yolov8_msgs/package.ps1'
[0.825s] INFO:colcon.colcon_core.shell:Creating package descriptor '/home/glist/buddy/install/yolov8_msgs/share/yolov8_msgs/package.dsv'
[0.826s] INFO:colcon.colcon_core.shell:Creating package script '/home/glist/buddy/install/yolov8_msgs/share/yolov8_msgs/package.sh'
[0.826s] INFO:colcon.colcon_core.shell:Creating package script '/home/glist/buddy/install/yolov8_msgs/share/yolov8_msgs/package.bash'
[0.826s] INFO:colcon.colcon_core.shell:Creating package script '/home/glist/buddy/install/yolov8_msgs/share/yolov8_msgs/package.zsh'
[0.827s] Level 1:colcon.colcon_core.environment:create_file_with_runtime_dependencies(/home/glist/buddy/install/yolov8_msgs/share/colcon-core/packages/yolov8_msgs)
[0.827s] INFO:colcon.colcon_ros.task.ament_python.build:Building ROS package in '/home/glist/buddy/src/yolov8_ros' with build type 'ament_python'
[0.827s] Level 1:colcon.colcon_core.shell:create_environment_hook('yolov8_ros', 'ament_prefix_path')
[0.827s] INFO:colcon.colcon_core.shell:Creating environment hook '/home/glist/buddy/install/yolov8_ros/share/yolov8_ros/hook/ament_prefix_path.ps1'
[0.828s] INFO:colcon.colcon_core.shell:Creating environment descriptor '/home/glist/buddy/install/yolov8_ros/share/yolov8_ros/hook/ament_prefix_path.dsv'
[0.828s] INFO:colcon.colcon_core.shell:Creating environment hook '/home/glist/buddy/install/yolov8_ros/share/yolov8_ros/hook/ament_prefix_path.sh'
[0.829s] INFO:colcon.colcon_core.shell:Skip shell extension 'powershell' for command environment: Not usable outside of PowerShell
[0.829s] DEBUG:colcon.colcon_core.shell:Skip shell extension 'dsv' for command environment
[1.039s] INFO:colcon.colcon_core.task.python.build:Building Python package in '/home/glist/buddy/src/yolov8_ros'
[1.040s] INFO:colcon.colcon_core.shell:Skip shell extension 'powershell' for command environment: Not usable outside of PowerShell
[1.040s] DEBUG:colcon.colcon_core.shell:Skip shell extension 'dsv' for command environment
[1.045s] DEBUG:colcon.colcon_core.event_handler.log_command:Invoking command in '/home/glist/buddy/build/opencv_tools': PYTHONPATH=/home/glist/buddy/build/opencv_tools/prefix_override:/usr/lib/python3/dist-packages/colcon_core/task/python/colcon_distutils_commands:/home/glist/buddy/install/opencv_tools/lib/python3.10/site-packages:${PYTHONPATH} /usr/bin/python3 -W ignore:setup.py install is deprecated -W ignore:easy_install command is deprecated setup.py develop --editable --build-directory /home/glist/buddy/build/opencv_tools/build --no-deps symlink_data
[1.046s] DEBUG:colcon.colcon_core.event_handler.log_command:Invoking command in '/home/glist/buddy/build/robo_navegacao': PYTHONPATH=/home/glist/buddy/build/robo_navegacao/prefix_override:/usr/lib/python3/dist-packages/colcon_core/task/python/colcon_distutils_commands:/home/glist/buddy/install/robo_navegacao/lib/python3.10/site-packages:${PYTHONPATH} /usr/bin/python3 -W ignore:setup.py install is deprecated -W ignore:easy_install command is deprecated setup.py develop --editable --build-directory /home/glist/buddy/build/robo_navegacao/build --no-deps symlink_data
[1.320s] DEBUG:colcon.colcon_core.event_handler.log_command:Invoking command in '/home/glist/buddy/build/yolov8_ros': AMENT_PREFIX_PATH=/home/glist/buddy/install/yolov8_msgs:${AMENT_PREFIX_PATH} CMAKE_PREFIX_PATH=/home/glist/buddy/install/yolov8_msgs LD_LIBRARY_PATH=/home/glist/buddy/install/yolov8_msgs/lib:${LD_LIBRARY_PATH} PYTHONPATH=/home/glist/buddy/build/yolov8_ros/prefix_override:/usr/lib/python3/dist-packages/colcon_core/task/python/colcon_distutils_commands:/home/glist/buddy/install/yolov8_ros/lib/python3.10/site-packages:/home/glist/buddy/install/yolov8_msgs/local/lib/python3.10/dist-packages:${PYTHONPATH} /usr/bin/python3 -W ignore:setup.py install is deprecated -W ignore:easy_install command is deprecated setup.py develop --editable --build-directory /home/glist/buddy/build/yolov8_ros/build --no-deps symlink_data
[1.417s] Level 1:colcon.colcon_core.shell:create_environment_hook('robo_navegacao', 'pythonpath_develop')
[1.418s] INFO:colcon.colcon_core.shell:Creating environment hook '/home/glist/buddy/build/robo_navegacao/share/robo_navegacao/hook/pythonpath_develop.ps1'
[1.418s] DEBUG:colcon.colcon_core.event_handler.log_command:Invoked command in '/home/glist/buddy/build/robo_navegacao' returned '0': PYTHONPATH=/home/glist/buddy/build/robo_navegacao/prefix_override:/usr/lib/python3/dist-packages/colcon_core/task/python/colcon_distutils_commands:/home/glist/buddy/install/robo_navegacao/lib/python3.10/site-packages:${PYTHONPATH} /usr/bin/python3 -W ignore:setup.py install is deprecated -W ignore:easy_install command is deprecated setup.py develop --editable --build-directory /home/glist/buddy/build/robo_navegacao/build --no-deps symlink_data
[1.418s] INFO:colcon.colcon_core.shell:Creating environment descriptor '/home/glist/buddy/build/robo_navegacao/share/robo_navegacao/hook/pythonpath_develop.dsv'
[1.419s] INFO:colcon.colcon_core.shell:Creating environment hook '/home/glist/buddy/build/robo_navegacao/share/robo_navegacao/hook/pythonpath_develop.sh'
[1.419s] Level 1:colcon.colcon_core.environment:checking '/home/glist/buddy/install/robo_navegacao' for CMake module files
[1.419s] Level 1:colcon.colcon_core.environment:checking '/home/glist/buddy/install/robo_navegacao' for CMake config files
[1.420s] Level 1:colcon.colcon_core.environment:checking '/home/glist/buddy/install/robo_navegacao/lib'
[1.420s] Level 1:colcon.colcon_core.environment:checking '/home/glist/buddy/install/robo_navegacao/bin'
[1.420s] Level 1:colcon.colcon_core.environment:checking '/home/glist/buddy/install/robo_navegacao/lib/pkgconfig/robo_navegacao.pc'
[1.420s] Level 1:colcon.colcon_core.environment:checking '/home/glist/buddy/install/robo_navegacao/lib/python3.10/site-packages'
[1.420s] Level 1:colcon.colcon_core.shell:create_environment_hook('robo_navegacao', 'pythonpath')
[1.420s] INFO:colcon.colcon_core.shell:Creating environment hook '/home/glist/buddy/install/robo_navegacao/share/robo_navegacao/hook/pythonpath.ps1'
[1.420s] INFO:colcon.colcon_core.shell:Creating environment descriptor '/home/glist/buddy/install/robo_navegacao/share/robo_navegacao/hook/pythonpath.dsv'
[1.421s] INFO:colcon.colcon_core.shell:Creating environment hook '/home/glist/buddy/install/robo_navegacao/share/robo_navegacao/hook/pythonpath.sh'
[1.421s] Level 1:colcon.colcon_core.environment:checking '/home/glist/buddy/install/robo_navegacao/bin'
[1.421s] Level 1:colcon.colcon_core.environment:create_environment_scripts_only(robo_navegacao)
[1.422s] INFO:colcon.colcon_core.shell:Creating package script '/home/glist/buddy/install/robo_navegacao/share/robo_navegacao/package.ps1'
[1.422s] INFO:colcon.colcon_core.shell:Creating package descriptor '/home/glist/buddy/install/robo_navegacao/share/robo_navegacao/package.dsv'
[1.422s] INFO:colcon.colcon_core.shell:Creating package script '/home/glist/buddy/install/robo_navegacao/share/robo_navegacao/package.sh'
[1.423s] INFO:colcon.colcon_core.shell:Creating package script '/home/glist/buddy/install/robo_navegacao/share/robo_navegacao/package.bash'
[1.423s] INFO:colcon.colcon_core.shell:Creating package script '/home/glist/buddy/install/robo_navegacao/share/robo_navegacao/package.zsh'
[1.423s] Level 1:colcon.colcon_core.environment:create_file_with_runtime_dependencies(/home/glist/buddy/install/robo_navegacao/share/colcon-core/packages/robo_navegacao)
[1.424s] Level 1:colcon.colcon_core.shell:create_environment_hook('opencv_tools', 'pythonpath_develop')
[1.424s] INFO:colcon.colcon_core.shell:Creating environment hook '/home/glist/buddy/build/opencv_tools/share/opencv_tools/hook/pythonpath_develop.ps1'
[1.424s] INFO:colcon.colcon_core.shell:Creating environment descriptor '/home/glist/buddy/build/opencv_tools/share/opencv_tools/hook/pythonpath_develop.dsv'
[1.425s] DEBUG:colcon.colcon_core.event_handler.log_command:Invoked command in '/home/glist/buddy/build/opencv_tools' returned '0': PYTHONPATH=/home/glist/buddy/build/opencv_tools/prefix_override:/usr/lib/python3/dist-packages/colcon_core/task/python/colcon_distutils_commands:/home/glist/buddy/install/opencv_tools/lib/python3.10/site-packages:${PYTHONPATH} /usr/bin/python3 -W ignore:setup.py install is deprecated -W ignore:easy_install command is deprecated setup.py develop --editable --build-directory /home/glist/buddy/build/opencv_tools/build --no-deps symlink_data
[1.425s] INFO:colcon.colcon_core.shell:Creating environment hook '/home/glist/buddy/build/opencv_tools/share/opencv_tools/hook/pythonpath_develop.sh'
[1.425s] Level 1:colcon.colcon_core.environment:checking '/home/glist/buddy/install/opencv_tools' for CMake module files
[1.426s] Level 1:colcon.colcon_core.environment:checking '/home/glist/buddy/install/opencv_tools' for CMake config files
[1.426s] Level 1:colcon.colcon_core.environment:checking '/home/glist/buddy/install/opencv_tools/lib'
[1.426s] Level 1:colcon.colcon_core.environment:checking '/home/glist/buddy/install/opencv_tools/bin'
[1.426s] Level 1:colcon.colcon_core.environment:checking '/home/glist/buddy/install/opencv_tools/lib/pkgconfig/opencv_tools.pc'
[1.426s] Level 1:colcon.colcon_core.environment:checking '/home/glist/buddy/install/opencv_tools/lib/python3.10/site-packages'
[1.426s] Level 1:colcon.colcon_core.shell:create_environment_hook('opencv_tools', 'pythonpath')
[1.427s] INFO:colcon.colcon_core.shell:Creating environment hook '/home/glist/buddy/install/opencv_tools/share/opencv_tools/hook/pythonpath.ps1'
[1.427s] INFO:colcon.colcon_core.shell:Creating environment descriptor '/home/glist/buddy/install/opencv_tools/share/opencv_tools/hook/pythonpath.dsv'
[1.427s] INFO:colcon.colcon_core.shell:Creating environment hook '/home/glist/buddy/install/opencv_tools/share/opencv_tools/hook/pythonpath.sh'
[1.428s] Level 1:colcon.colcon_core.environment:checking '/home/glist/buddy/install/opencv_tools/bin'
[1.428s] Level 1:colcon.colcon_core.environment:create_environment_scripts_only(opencv_tools)
[1.428s] INFO:colcon.colcon_core.shell:Creating package script '/home/glist/buddy/install/opencv_tools/share/opencv_tools/package.ps1'
[1.428s] INFO:colcon.colcon_core.shell:Creating package descriptor '/home/glist/buddy/install/opencv_tools/share/opencv_tools/package.dsv'
[1.429s] INFO:colcon.colcon_core.shell:Creating package script '/home/glist/buddy/install/opencv_tools/share/opencv_tools/package.sh'
[1.429s] INFO:colcon.colcon_core.shell:Creating package script '/home/glist/buddy/install/opencv_tools/share/opencv_tools/package.bash'
[1.429s] INFO:colcon.colcon_core.shell:Creating package script '/home/glist/buddy/install/opencv_tools/share/opencv_tools/package.zsh'
[1.430s] Level 1:colcon.colcon_core.environment:create_file_with_runtime_dependencies(/home/glist/buddy/install/opencv_tools/share/colcon-core/packages/opencv_tools)
[1.685s] Level 1:colcon.colcon_core.shell:create_environment_hook('yolov8_ros', 'pythonpath_develop')
[1.686s] INFO:colcon.colcon_core.shell:Creating environment hook '/home/glist/buddy/build/yolov8_ros/share/yolov8_ros/hook/pythonpath_develop.ps1'
[1.686s] DEBUG:colcon.colcon_core.event_handler.log_command:Invoked command in '/home/glist/buddy/build/yolov8_ros' returned '0': AMENT_PREFIX_PATH=/home/glist/buddy/install/yolov8_msgs:${AMENT_PREFIX_PATH} CMAKE_PREFIX_PATH=/home/glist/buddy/install/yolov8_msgs LD_LIBRARY_PATH=/home/glist/buddy/install/yolov8_msgs/lib:${LD_LIBRARY_PATH} PYTHONPATH=/home/glist/buddy/build/yolov8_ros/prefix_override:/usr/lib/python3/dist-packages/colcon_core/task/python/colcon_distutils_commands:/home/glist/buddy/install/yolov8_ros/lib/python3.10/site-packages:/home/glist/buddy/install/yolov8_msgs/local/lib/python3.10/dist-packages:${PYTHONPATH} /usr/bin/python3 -W ignore:setup.py install is deprecated -W ignore:easy_install command is deprecated setup.py develop --editable --build-directory /home/glist/buddy/build/yolov8_ros/build --no-deps symlink_data
[1.686s] INFO:colcon.colcon_core.shell:Creating environment descriptor '/home/glist/buddy/build/yolov8_ros/share/yolov8_ros/hook/pythonpath_develop.dsv'
[1.687s] INFO:colcon.colcon_core.shell:Creating environment hook '/home/glist/buddy/build/yolov8_ros/share/yolov8_ros/hook/pythonpath_develop.sh'
[1.687s] Level 1:colcon.colcon_core.environment:checking '/home/glist/buddy/install/yolov8_ros' for CMake module files
[1.687s] Level 1:colcon.colcon_core.environment:checking '/home/glist/buddy/install/yolov8_ros' for CMake config files
[1.688s] Level 1:colcon.colcon_core.environment:checking '/home/glist/buddy/install/yolov8_ros/lib'
[1.688s] Level 1:colcon.colcon_core.environment:checking '/home/glist/buddy/install/yolov8_ros/bin'
[1.688s] Level 1:colcon.colcon_core.environment:checking '/home/glist/buddy/install/yolov8_ros/lib/pkgconfig/yolov8_ros.pc'
[1.688s] Level 1:colcon.colcon_core.environment:checking '/home/glist/buddy/install/yolov8_ros/lib/python3.10/site-packages'
[1.688s] Level 1:colcon.colcon_core.shell:create_environment_hook('yolov8_ros', 'pythonpath')
[1.688s] INFO:colcon.colcon_core.shell:Creating environment hook '/home/glist/buddy/install/yolov8_ros/share/yolov8_ros/hook/pythonpath.ps1'
[1.689s] INFO:colcon.colcon_core.shell:Creating environment descriptor '/home/glist/buddy/install/yolov8_ros/share/yolov8_ros/hook/pythonpath.dsv'
[1.689s] INFO:colcon.colcon_core.shell:Creating environment hook '/home/glist/buddy/install/yolov8_ros/share/yolov8_ros/hook/pythonpath.sh'
[1.689s] Level 1:colcon.colcon_core.environment:checking '/home/glist/buddy/install/yolov8_ros/bin'
[1.689s] Level 1:colcon.colcon_core.environment:create_environment_scripts_only(yolov8_ros)
[1.689s] INFO:colcon.colcon_core.shell:Creating package script '/home/glist/buddy/install/yolov8_ros/share/yolov8_ros/package.ps1'
[1.690s] INFO:colcon.colcon_core.shell:Creating package descriptor '/home/glist/buddy/install/yolov8_ros/share/yolov8_ros/package.dsv'
[1.690s] INFO:colcon.colcon_core.shell:Creating package script '/home/glist/buddy/install/yolov8_ros/share/yolov8_ros/package.sh'
[1.691s] INFO:colcon.colcon_core.shell:Creating package script '/home/glist/buddy/install/yolov8_ros/share/yolov8_ros/package.bash'
[1.691s] INFO:colcon.colcon_core.shell:Creating package script '/home/glist/buddy/install/yolov8_ros/share/yolov8_ros/package.zsh'
[1.691s] Level 1:colcon.colcon_core.environment:create_file_with_runtime_dependencies(/home/glist/buddy/install/yolov8_ros/share/colcon-core/packages/yolov8_ros)
[1.691s] INFO:colcon.colcon_ros.task.ament_cmake.build:Building ROS package in '/home/glist/buddy/src/yolov8_bringup' with build type 'ament_cmake'
[1.691s] INFO:colcon.colcon_cmake.task.cmake.build:Building CMake package in '/home/glist/buddy/src/yolov8_bringup'
[1.692s] INFO:colcon.colcon_core.shell:Skip shell extension 'powershell' for command environment: Not usable outside of PowerShell
[1.692s] DEBUG:colcon.colcon_core.shell:Skip shell extension 'dsv' for command environment
[1.701s] DEBUG:colcon.colcon_core.event_handler.log_command:Invoking command in '/home/glist/buddy/build/yolov8_bringup': AMENT_PREFIX_PATH=/home/glist/buddy/install/yolov8_ros:/home/glist/buddy/install/yolov8_msgs:${AMENT_PREFIX_PATH} CMAKE_PREFIX_PATH=/home/glist/buddy/install/yolov8_msgs:/opt/ros/humble LD_LIBRARY_PATH=/home/glist/buddy/install/yolov8_msgs/lib:${LD_LIBRARY_PATH} PYTHONPATH=/home/glist/buddy/build/yolov8_ros:/home/glist/buddy/install/yolov8_ros/lib/python3.10/site-packages:/home/glist/buddy/install/yolov8_msgs/local/lib/python3.10/dist-packages:${PYTHONPATH} /usr/bin/cmake --build /home/glist/buddy/build/yolov8_bringup -- -j16 -l16
[1.734s] DEBUG:colcon.colcon_core.event_handler.log_command:Invoked command in '/home/glist/buddy/build/yolov8_bringup' returned '0': AMENT_PREFIX_PATH=/home/glist/buddy/install/yolov8_ros:/home/glist/buddy/install/yolov8_msgs:${AMENT_PREFIX_PATH} CMAKE_PREFIX_PATH=/home/glist/buddy/install/yolov8_msgs:/opt/ros/humble LD_LIBRARY_PATH=/home/glist/buddy/install/yolov8_msgs/lib:${LD_LIBRARY_PATH} PYTHONPATH=/home/glist/buddy/build/yolov8_ros:/home/glist/buddy/install/yolov8_ros/lib/python3.10/site-packages:/home/glist/buddy/install/yolov8_msgs/local/lib/python3.10/dist-packages:${PYTHONPATH} /usr/bin/cmake --build /home/glist/buddy/build/yolov8_bringup -- -j16 -l16
[1.735s] DEBUG:colcon.colcon_core.event_handler.log_command:Invoking command in '/home/glist/buddy/build/yolov8_bringup': AMENT_PREFIX_PATH=/home/glist/buddy/install/yolov8_ros:/home/glist/buddy/install/yolov8_msgs:${AMENT_PREFIX_PATH} CMAKE_PREFIX_PATH=/home/glist/buddy/install/yolov8_msgs:/opt/ros/humble LD_LIBRARY_PATH=/home/glist/buddy/install/yolov8_msgs/lib:${LD_LIBRARY_PATH} PYTHONPATH=/home/glist/buddy/build/yolov8_ros:/home/glist/buddy/install/yolov8_ros/lib/python3.10/site-packages:/home/glist/buddy/install/yolov8_msgs/local/lib/python3.10/dist-packages:${PYTHONPATH} /usr/bin/cmake --install /home/glist/buddy/build/yolov8_bringup
[1.752s] Level 1:colcon.colcon_core.environment:create_environment_scripts_only(yolov8_bringup)
[1.752s] Level 1:colcon.colcon_core.environment:checking '/home/glist/buddy/install/yolov8_bringup' for CMake module files
[1.752s] DEBUG:colcon.colcon_core.event_handler.log_command:Invoked command in '/home/glist/buddy/build/yolov8_bringup' returned '0': AMENT_PREFIX_PATH=/home/glist/buddy/install/yolov8_ros:/home/glist/buddy/install/yolov8_msgs:${AMENT_PREFIX_PATH} CMAKE_PREFIX_PATH=/home/glist/buddy/install/yolov8_msgs:/opt/ros/humble LD_LIBRARY_PATH=/home/glist/buddy/install/yolov8_msgs/lib:${LD_LIBRARY_PATH} PYTHONPATH=/home/glist/buddy/build/yolov8_ros:/home/glist/buddy/install/yolov8_ros/lib/python3.10/site-packages:/home/glist/buddy/install/yolov8_msgs/local/lib/python3.10/dist-packages:${PYTHONPATH} /usr/bin/cmake --install /home/glist/buddy/build/yolov8_bringup
[1.752s] Level 1:colcon.colcon_core.environment:checking '/home/glist/buddy/install/yolov8_bringup' for CMake config files
[1.753s] Level 1:colcon.colcon_core.shell:create_environment_hook('yolov8_bringup', 'cmake_prefix_path')
[1.753s] INFO:colcon.colcon_core.shell:Creating environment hook '/home/glist/buddy/install/yolov8_bringup/share/yolov8_bringup/hook/cmake_prefix_path.ps1'
[1.753s] INFO:colcon.colcon_core.shell:Creating environment descriptor '/home/glist/buddy/install/yolov8_bringup/share/yolov8_bringup/hook/cmake_prefix_path.dsv'
[1.754s] INFO:colcon.colcon_core.shell:Creating environment hook '/home/glist/buddy/install/yolov8_bringup/share/yolov8_bringup/hook/cmake_prefix_path.sh'
[1.754s] Level 1:colcon.colcon_core.environment:checking '/home/glist/buddy/install/yolov8_bringup/bin'
[1.754s] Level 1:colcon.colcon_core.environment:checking '/home/glist/buddy/install/yolov8_bringup/lib/pkgconfig/yolov8_bringup.pc'
[1.754s] Level 1:colcon.colcon_core.environment:checking '/home/glist/buddy/install/yolov8_bringup/lib/python3.10/site-packages'
[1.754s] Level 1:colcon.colcon_core.environment:checking '/home/glist/buddy/install/yolov8_bringup/bin'
[1.754s] INFO:colcon.colcon_core.shell:Creating package script '/home/glist/buddy/install/yolov8_bringup/share/yolov8_bringup/package.ps1'
[1.755s] INFO:colcon.colcon_core.shell:Creating package descriptor '/home/glist/buddy/install/yolov8_bringup/share/yolov8_bringup/package.dsv'
[1.755s] INFO:colcon.colcon_core.shell:Creating package script '/home/glist/buddy/install/yolov8_bringup/share/yolov8_bringup/package.sh'
[1.755s] INFO:colcon.colcon_core.shell:Creating package script '/home/glist/buddy/install/yolov8_bringup/share/yolov8_bringup/package.bash'
[1.756s] INFO:colcon.colcon_core.shell:Creating package script '/home/glist/buddy/install/yolov8_bringup/share/yolov8_bringup/package.zsh'
[1.756s] Level 1:colcon.colcon_core.environment:create_file_with_runtime_dependencies(/home/glist/buddy/install/yolov8_bringup/share/colcon-core/packages/yolov8_bringup)
[1.756s] Level 1:colcon.colcon_core.environment:create_environment_scripts_only(yolov8_bringup)
[1.757s] Level 1:colcon.colcon_core.environment:checking '/home/glist/buddy/install/yolov8_bringup' for CMake module files
[1.757s] Level 1:colcon.colcon_core.environment:checking '/home/glist/buddy/install/yolov8_bringup' for CMake config files
[1.757s] Level 1:colcon.colcon_core.shell:create_environment_hook('yolov8_bringup', 'cmake_prefix_path')
[1.757s] INFO:colcon.colcon_core.shell:Creating environment hook '/home/glist/buddy/install/yolov8_bringup/share/yolov8_bringup/hook/cmake_prefix_path.ps1'
[1.757s] INFO:colcon.colcon_core.shell:Creating environment descriptor '/home/glist/buddy/install/yolov8_bringup/share/yolov8_bringup/hook/cmake_prefix_path.dsv'
[1.758s] INFO:colcon.colcon_core.shell:Creating environment hook '/home/glist/buddy/install/yolov8_bringup/share/yolov8_bringup/hook/cmake_prefix_path.sh'
[1.758s] Level 1:colcon.colcon_core.environment:checking '/home/glist/buddy/install/yolov8_bringup/bin'
[1.758s] Level 1:colcon.colcon_core.environment:checking '/home/glist/buddy/install/yolov8_bringup/lib/pkgconfig/yolov8_bringup.pc'
[1.758s] Level 1:colcon.colcon_core.environment:checking '/home/glist/buddy/install/yolov8_bringup/lib/python3.10/site-packages'
[1.758s] Level 1:colcon.colcon_core.environment:checking '/home/glist/buddy/install/yolov8_bringup/bin'
[1.759s] INFO:colcon.colcon_core.shell:Creating package script '/home/glist/buddy/install/yolov8_bringup/share/yolov8_bringup/package.ps1'
[1.759s] INFO:colcon.colcon_core.shell:Creating package descriptor '/home/glist/buddy/install/yolov8_bringup/share/yolov8_bringup/package.dsv'
[1.759s] INFO:colcon.colcon_core.shell:Creating package script '/home/glist/buddy/install/yolov8_bringup/share/yolov8_bringup/package.sh'
[1.760s] INFO:colcon.colcon_core.shell:Creating package script '/home/glist/buddy/install/yolov8_bringup/share/yolov8_bringup/package.bash'
[1.760s] INFO:colcon.colcon_core.shell:Creating package script '/home/glist/buddy/install/yolov8_bringup/share/yolov8_bringup/package.zsh'
[1.760s] Level 1:colcon.colcon_core.environment:create_file_with_runtime_dependencies(/home/glist/buddy/install/yolov8_bringup/share/colcon-core/packages/yolov8_bringup)
[1.761s] DEBUG:colcon.colcon_parallel_executor.executor.parallel:closing loop
[1.761s] DEBUG:colcon.colcon_parallel_executor.executor.parallel:loop closed
[1.761s] DEBUG:colcon.colcon_parallel_executor.executor.parallel:run_until_complete finished with '0'
[1.761s] DEBUG:colcon.colcon_core.event_reactor:joining thread
[1.765s] INFO:colcon.colcon_core.plugin_system:Skipping extension 'colcon_notification.desktop_notification.terminal_notifier': Not used on non-Darwin systems
[1.765s] INFO:colcon.colcon_core.plugin_system:Skipping extension 'colcon_notification.desktop_notification.win32': Not used on non-Windows systems
[1.765s] INFO:colcon.colcon_notification.desktop_notification:Sending desktop notification using 'notify2'
[1.773s] DEBUG:colcon.colcon_core.event_reactor:joined thread
[1.773s] INFO:colcon.colcon_core.shell:Creating prefix script '/home/glist/buddy/install/local_setup.ps1'
[1.774s] INFO:colcon.colcon_core.shell:Creating prefix util module '/home/glist/buddy/install/_local_setup_util_ps1.py'
[1.775s] INFO:colcon.colcon_core.shell:Creating prefix chain script '/home/glist/buddy/install/setup.ps1'
[1.776s] INFO:colcon.colcon_core.shell:Creating prefix script '/home/glist/buddy/install/local_setup.sh'
[1.776s] INFO:colcon.colcon_core.shell:Creating prefix util module '/home/glist/buddy/install/_local_setup_util_sh.py'
[1.777s] INFO:colcon.colcon_core.shell:Creating prefix chain script '/home/glist/buddy/install/setup.sh'
[1.777s] INFO:colcon.colcon_core.shell:Creating prefix script '/home/glist/buddy/install/local_setup.bash'
[1.777s] INFO:colcon.colcon_core.shell:Creating prefix chain script '/home/glist/buddy/install/setup.bash'
[1.778s] INFO:colcon.colcon_core.shell:Creating prefix script '/home/glist/buddy/install/local_setup.zsh'
[1.779s] INFO:colcon.colcon_core.shell:Creating prefix chain script '/home/glist/buddy/install/setup.zsh'
