[0.027s] Invoking command in '/home/glist/buddy/build/yolov8_msgs': CMAKE_PREFIX_PATH=/opt/ros/humble /usr/bin/cmake --build /home/glist/buddy/build/yolov8_msgs -- -j16 -l16
[0.433s] [  0%] Built target yolov8_msgs__cpp
[0.433s] [  0%] Built target ament_cmake_python_symlink_yolov8_msgs
[0.434s] [ 12%] Built target yolov8_msgs__rosidl_generator_c
[0.434s] [ 47%] Built target yolov8_msgs__rosidl_typesupport_cpp
[0.434s] [ 47%] Built target yolov8_msgs__rosidl_typesupport_fastrtps_cpp
[0.434s] [ 48%] Built target yolov8_msgs__rosidl_typesupport_introspection_cpp
[0.434s] [ 60%] Built target yolov8_msgs__rosidl_typesupport_c
[0.434s] [ 72%] Built target yolov8_msgs__rosidl_typesupport_introspection_c
[0.434s] [ 84%] Built target yolov8_msgs__rosidl_typesupport_fastrtps_c
[0.434s] [ 84%] Built target yolov8_msgs
[0.434s] [ 85%] Built target yolov8_msgs__py
[0.434s] [ 96%] Built target yolov8_msgs__rosidl_generator_py
[0.434s] [100%] Built target yolov8_msgs__rosidl_typesupport_c__pyext
[0.434s] [100%] Built target yolov8_msgs__rosidl_typesupport_fastrtps_c__pyext
[0.434s] [100%] Built target yolov8_msgs__rosidl_typesupport_introspection_c__pyext
[0.434s] running egg_info
[0.434s] writing yolov8_msgs.egg-info/PKG-INFO
[0.435s] writing dependency_links to yolov8_msgs.egg-info/dependency_links.txt
[0.435s] writing top-level names to yolov8_msgs.egg-info/top_level.txt
[0.435s] reading manifest file 'yolov8_msgs.egg-info/SOURCES.txt'
[0.435s] writing manifest file 'yolov8_msgs.egg-info/SOURCES.txt'
[0.435s] [100%] Built target ament_cmake_python_build_yolov8_msgs_egg
[0.445s] Invoked command in '/home/glist/buddy/build/yolov8_msgs' returned '0': CMAKE_PREFIX_PATH=/opt/ros/humble /usr/bin/cmake --build /home/glist/buddy/build/yolov8_msgs -- -j16 -l16
[0.446s] Invoking command in '/home/glist/buddy/build/yolov8_msgs': CMAKE_PREFIX_PATH=/opt/ros/humble /usr/bin/cmake --install /home/glist/buddy/build/yolov8_msgs
[0.454s] -- Install configuration: ""
[0.455s] -- Execute custom install script
[0.455s] -- Up-to-date symlink: /home/glist/buddy/install/yolov8_msgs/share/ament_index/resource_index/rosidl_interfaces/yolov8_msgs
[0.456s] -- Up-to-date symlink: /home/glist/buddy/install/yolov8_msgs/include/yolov8_msgs/yolov8_msgs/msg/bounding_box2_d.h
[0.457s] -- Up-to-date symlink: /home/glist/buddy/install/yolov8_msgs/include/yolov8_msgs/yolov8_msgs/msg/bounding_box3_d.h
[0.457s] -- Up-to-date symlink: /home/glist/buddy/install/yolov8_msgs/include/yolov8_msgs/yolov8_msgs/msg/detail/bounding_box2_d__functions.h
[0.457s] -- Up-to-date symlink: /home/glist/buddy/install/yolov8_msgs/include/yolov8_msgs/yolov8_msgs/msg/detail/bounding_box2_d__struct.h
[0.458s] -- Up-to-date symlink: /home/glist/buddy/install/yolov8_msgs/include/yolov8_msgs/yolov8_msgs/msg/detail/bounding_box2_d__type_support.h
[0.458s] -- Up-to-date symlink: /home/glist/buddy/install/yolov8_msgs/include/yolov8_msgs/yolov8_msgs/msg/detail/bounding_box3_d__functions.h
[0.458s] -- Up-to-date symlink: /home/glist/buddy/install/yolov8_msgs/include/yolov8_msgs/yolov8_msgs/msg/detail/bounding_box3_d__struct.h
[0.458s] -- Up-to-date symlink: /home/glist/buddy/install/yolov8_msgs/include/yolov8_msgs/yolov8_msgs/msg/detail/bounding_box3_d__type_support.h
[0.459s] -- Up-to-date symlink: /home/glist/buddy/install/yolov8_msgs/include/yolov8_msgs/yolov8_msgs/msg/detail/detection__functions.h
[0.459s] -- Up-to-date symlink: /home/glist/buddy/install/yolov8_msgs/include/yolov8_msgs/yolov8_msgs/msg/detail/detection__struct.h
[0.459s] -- Up-to-date symlink: /home/glist/buddy/install/yolov8_msgs/include/yolov8_msgs/yolov8_msgs/msg/detail/detection__type_support.h
[0.460s] -- Up-to-date symlink: /home/glist/buddy/install/yolov8_msgs/include/yolov8_msgs/yolov8_msgs/msg/detail/detection_array__functions.h
[0.460s] -- Up-to-date symlink: /home/glist/buddy/install/yolov8_msgs/include/yolov8_msgs/yolov8_msgs/msg/detail/detection_array__struct.h
[0.460s] -- Up-to-date symlink: /home/glist/buddy/install/yolov8_msgs/include/yolov8_msgs/yolov8_msgs/msg/detail/detection_array__type_support.h
[0.461s] -- Up-to-date symlink: /home/glist/buddy/install/yolov8_msgs/include/yolov8_msgs/yolov8_msgs/msg/detail/detection_person__functions.h
[0.461s] -- Up-to-date symlink: /home/glist/buddy/install/yolov8_msgs/include/yolov8_msgs/yolov8_msgs/msg/detail/detection_person__struct.h
[0.461s] -- Up-to-date symlink: /home/glist/buddy/install/yolov8_msgs/include/yolov8_msgs/yolov8_msgs/msg/detail/detection_person__type_support.h
[0.462s] -- Up-to-date symlink: /home/glist/buddy/install/yolov8_msgs/include/yolov8_msgs/yolov8_msgs/msg/detail/detection_steal__functions.h
[0.462s] -- Up-to-date symlink: /home/glist/buddy/install/yolov8_msgs/include/yolov8_msgs/yolov8_msgs/msg/detail/detection_steal__struct.h
[0.462s] -- Up-to-date symlink: /home/glist/buddy/install/yolov8_msgs/include/yolov8_msgs/yolov8_msgs/msg/detail/detection_steal__type_support.h
[0.462s] -- Up-to-date symlink: /home/glist/buddy/install/yolov8_msgs/include/yolov8_msgs/yolov8_msgs/msg/detail/detection_tomato__functions.h
[0.462s] -- Up-to-date symlink: /home/glist/buddy/install/yolov8_msgs/include/yolov8_msgs/yolov8_msgs/msg/detail/detection_tomato__struct.h
[0.463s] -- Up-to-date symlink: /home/glist/buddy/install/yolov8_msgs/include/yolov8_msgs/yolov8_msgs/msg/detail/detection_tomato__type_support.h
[0.463s] -- Up-to-date symlink: /home/glist/buddy/install/yolov8_msgs/include/yolov8_msgs/yolov8_msgs/msg/detail/key_point2_d__functions.h
[0.463s] -- Up-to-date symlink: /home/glist/buddy/install/yolov8_msgs/include/yolov8_msgs/yolov8_msgs/msg/detail/key_point2_d__struct.h
[0.463s] -- Up-to-date symlink: /home/glist/buddy/install/yolov8_msgs/include/yolov8_msgs/yolov8_msgs/msg/detail/key_point2_d__type_support.h
[0.464s] -- Up-to-date symlink: /home/glist/buddy/install/yolov8_msgs/include/yolov8_msgs/yolov8_msgs/msg/detail/key_point2_d_array__functions.h
[0.464s] -- Up-to-date symlink: /home/glist/buddy/install/yolov8_msgs/include/yolov8_msgs/yolov8_msgs/msg/detail/key_point2_d_array__struct.h
[0.464s] -- Up-to-date symlink: /home/glist/buddy/install/yolov8_msgs/include/yolov8_msgs/yolov8_msgs/msg/detail/key_point2_d_array__type_support.h
[0.464s] -- Up-to-date symlink: /home/glist/buddy/install/yolov8_msgs/include/yolov8_msgs/yolov8_msgs/msg/detail/key_point3_d__functions.h
[0.465s] -- Up-to-date symlink: /home/glist/buddy/install/yolov8_msgs/include/yolov8_msgs/yolov8_msgs/msg/detail/key_point3_d__struct.h
[0.465s] -- Up-to-date symlink: /home/glist/buddy/install/yolov8_msgs/include/yolov8_msgs/yolov8_msgs/msg/detail/key_point3_d__type_support.h
[0.465s] -- Up-to-date symlink: /home/glist/buddy/install/yolov8_msgs/include/yolov8_msgs/yolov8_msgs/msg/detail/key_point3_d_array__functions.h
[0.465s] -- Up-to-date symlink: /home/glist/buddy/install/yolov8_msgs/include/yolov8_msgs/yolov8_msgs/msg/detail/key_point3_d_array__struct.h
[0.466s] -- Up-to-date symlink: /home/glist/buddy/install/yolov8_msgs/include/yolov8_msgs/yolov8_msgs/msg/detail/key_point3_d_array__type_support.h
[0.466s] -- Up-to-date symlink: /home/glist/buddy/install/yolov8_msgs/include/yolov8_msgs/yolov8_msgs/msg/detail/mask__functions.h
[0.466s] -- Up-to-date symlink: /home/glist/buddy/install/yolov8_msgs/include/yolov8_msgs/yolov8_msgs/msg/detail/mask__struct.h
[0.466s] -- Up-to-date symlink: /home/glist/buddy/install/yolov8_msgs/include/yolov8_msgs/yolov8_msgs/msg/detail/mask__type_support.h
[0.467s] -- Up-to-date symlink: /home/glist/buddy/install/yolov8_msgs/include/yolov8_msgs/yolov8_msgs/msg/detail/point2_d__functions.h
[0.467s] -- Up-to-date symlink: /home/glist/buddy/install/yolov8_msgs/include/yolov8_msgs/yolov8_msgs/msg/detail/point2_d__struct.h
[0.467s] -- Up-to-date symlink: /home/glist/buddy/install/yolov8_msgs/include/yolov8_msgs/yolov8_msgs/msg/detail/point2_d__type_support.h
[0.467s] -- Up-to-date symlink: /home/glist/buddy/install/yolov8_msgs/include/yolov8_msgs/yolov8_msgs/msg/detail/pose2_d__functions.h
[0.467s] -- Up-to-date symlink: /home/glist/buddy/install/yolov8_msgs/include/yolov8_msgs/yolov8_msgs/msg/detail/pose2_d__struct.h
[0.468s] -- Up-to-date symlink: /home/glist/buddy/install/yolov8_msgs/include/yolov8_msgs/yolov8_msgs/msg/detail/pose2_d__type_support.h
[0.468s] -- Up-to-date symlink: /home/glist/buddy/install/yolov8_msgs/include/yolov8_msgs/yolov8_msgs/msg/detail/vector2__functions.h
[0.468s] -- Up-to-date symlink: /home/glist/buddy/install/yolov8_msgs/include/yolov8_msgs/yolov8_msgs/msg/detail/vector2__struct.h
[0.470s] -- Up-to-date symlink: /home/glist/buddy/install/yolov8_msgs/include/yolov8_msgs/yolov8_msgs/msg/detail/vector2__type_support.h
[0.470s] -- Up-to-date symlink: /home/glist/buddy/install/yolov8_msgs/include/yolov8_msgs/yolov8_msgs/msg/detection.h
[0.470s] -- Up-to-date symlink: /home/glist/buddy/install/yolov8_msgs/include/yolov8_msgs/yolov8_msgs/msg/detection_array.h
[0.470s] -- Up-to-date symlink: /home/glist/buddy/install/yolov8_msgs/include/yolov8_msgs/yolov8_msgs/msg/detection_person.h
[0.471s] -- Up-to-date symlink: /home/glist/buddy/install/yolov8_msgs/include/yolov8_msgs/yolov8_msgs/msg/detection_steal.h
[0.471s] -- Up-to-date symlink: /home/glist/buddy/install/yolov8_msgs/include/yolov8_msgs/yolov8_msgs/msg/detection_tomato.h
[0.471s] -- Up-to-date symlink: /home/glist/buddy/install/yolov8_msgs/include/yolov8_msgs/yolov8_msgs/msg/key_point2_d.h
[0.471s] -- Up-to-date symlink: /home/glist/buddy/install/yolov8_msgs/include/yolov8_msgs/yolov8_msgs/msg/key_point2_d_array.h
[0.472s] -- Up-to-date symlink: /home/glist/buddy/install/yolov8_msgs/include/yolov8_msgs/yolov8_msgs/msg/key_point3_d.h
[0.472s] -- Up-to-date symlink: /home/glist/buddy/install/yolov8_msgs/include/yolov8_msgs/yolov8_msgs/msg/key_point3_d_array.h
[0.472s] -- Up-to-date symlink: /home/glist/buddy/install/yolov8_msgs/include/yolov8_msgs/yolov8_msgs/msg/mask.h
[0.472s] -- Up-to-date symlink: /home/glist/buddy/install/yolov8_msgs/include/yolov8_msgs/yolov8_msgs/msg/point2_d.h
[0.473s] -- Up-to-date symlink: /home/glist/buddy/install/yolov8_msgs/include/yolov8_msgs/yolov8_msgs/msg/pose2_d.h
[0.473s] -- Up-to-date symlink: /home/glist/buddy/install/yolov8_msgs/include/yolov8_msgs/yolov8_msgs/msg/rosidl_generator_c__visibility_control.h
[0.473s] -- Up-to-date symlink: /home/glist/buddy/install/yolov8_msgs/include/yolov8_msgs/yolov8_msgs/msg/vector2.h
[0.474s] -- Up-to-date symlink: /home/glist/buddy/install/yolov8_msgs/share/yolov8_msgs/environment/library_path.sh
[0.475s] -- Up-to-date symlink: /home/glist/buddy/install/yolov8_msgs/share/yolov8_msgs/environment/library_path.dsv
[0.475s] -- Up-to-date symlink: /home/glist/buddy/install/yolov8_msgs/include/yolov8_msgs/yolov8_msgs/msg/detail/bounding_box2_d__rosidl_typesupport_fastrtps_c.h
[0.475s] -- Up-to-date symlink: /home/glist/buddy/install/yolov8_msgs/include/yolov8_msgs/yolov8_msgs/msg/detail/bounding_box3_d__rosidl_typesupport_fastrtps_c.h
[0.476s] -- Up-to-date symlink: /home/glist/buddy/install/yolov8_msgs/include/yolov8_msgs/yolov8_msgs/msg/detail/detection__rosidl_typesupport_fastrtps_c.h
[0.476s] -- Up-to-date symlink: /home/glist/buddy/install/yolov8_msgs/include/yolov8_msgs/yolov8_msgs/msg/detail/detection_array__rosidl_typesupport_fastrtps_c.h
[0.476s] -- Up-to-date symlink: /home/glist/buddy/install/yolov8_msgs/include/yolov8_msgs/yolov8_msgs/msg/detail/detection_person__rosidl_typesupport_fastrtps_c.h
[0.476s] -- Up-to-date symlink: /home/glist/buddy/install/yolov8_msgs/include/yolov8_msgs/yolov8_msgs/msg/detail/detection_steal__rosidl_typesupport_fastrtps_c.h
[0.477s] -- Up-to-date symlink: /home/glist/buddy/install/yolov8_msgs/include/yolov8_msgs/yolov8_msgs/msg/detail/detection_tomato__rosidl_typesupport_fastrtps_c.h
[0.477s] -- Up-to-date symlink: /home/glist/buddy/install/yolov8_msgs/include/yolov8_msgs/yolov8_msgs/msg/detail/key_point2_d__rosidl_typesupport_fastrtps_c.h
[0.477s] -- Up-to-date symlink: /home/glist/buddy/install/yolov8_msgs/include/yolov8_msgs/yolov8_msgs/msg/detail/key_point2_d_array__rosidl_typesupport_fastrtps_c.h
[0.477s] -- Up-to-date symlink: /home/glist/buddy/install/yolov8_msgs/include/yolov8_msgs/yolov8_msgs/msg/detail/key_point3_d__rosidl_typesupport_fastrtps_c.h
[0.477s] -- Up-to-date symlink: /home/glist/buddy/install/yolov8_msgs/include/yolov8_msgs/yolov8_msgs/msg/detail/key_point3_d_array__rosidl_typesupport_fastrtps_c.h
[0.478s] -- Up-to-date symlink: /home/glist/buddy/install/yolov8_msgs/include/yolov8_msgs/yolov8_msgs/msg/detail/mask__rosidl_typesupport_fastrtps_c.h
[0.478s] -- Up-to-date symlink: /home/glist/buddy/install/yolov8_msgs/include/yolov8_msgs/yolov8_msgs/msg/detail/point2_d__rosidl_typesupport_fastrtps_c.h
[0.478s] -- Up-to-date symlink: /home/glist/buddy/install/yolov8_msgs/include/yolov8_msgs/yolov8_msgs/msg/detail/pose2_d__rosidl_typesupport_fastrtps_c.h
[0.478s] -- Up-to-date symlink: /home/glist/buddy/install/yolov8_msgs/include/yolov8_msgs/yolov8_msgs/msg/detail/vector2__rosidl_typesupport_fastrtps_c.h
[0.479s] -- Up-to-date symlink: /home/glist/buddy/install/yolov8_msgs/include/yolov8_msgs/yolov8_msgs/msg/rosidl_typesupport_fastrtps_c__visibility_control.h
[0.479s] -- Up-to-date symlink: /home/glist/buddy/install/yolov8_msgs/include/yolov8_msgs/yolov8_msgs/msg/detail/bounding_box2_d__rosidl_typesupport_introspection_c.h
[0.479s] -- Up-to-date symlink: /home/glist/buddy/install/yolov8_msgs/include/yolov8_msgs/yolov8_msgs/msg/detail/bounding_box3_d__rosidl_typesupport_introspection_c.h
[0.480s] -- Up-to-date symlink: /home/glist/buddy/install/yolov8_msgs/include/yolov8_msgs/yolov8_msgs/msg/detail/detection__rosidl_typesupport_introspection_c.h
[0.480s] -- Up-to-date symlink: /home/glist/buddy/install/yolov8_msgs/include/yolov8_msgs/yolov8_msgs/msg/detail/detection_array__rosidl_typesupport_introspection_c.h
[0.480s] -- Up-to-date symlink: /home/glist/buddy/install/yolov8_msgs/include/yolov8_msgs/yolov8_msgs/msg/detail/detection_person__rosidl_typesupport_introspection_c.h
[0.480s] -- Up-to-date symlink: /home/glist/buddy/install/yolov8_msgs/include/yolov8_msgs/yolov8_msgs/msg/detail/detection_steal__rosidl_typesupport_introspection_c.h
[0.480s] -- Up-to-date symlink: /home/glist/buddy/install/yolov8_msgs/include/yolov8_msgs/yolov8_msgs/msg/detail/detection_tomato__rosidl_typesupport_introspection_c.h
[0.481s] -- Up-to-date symlink: /home/glist/buddy/install/yolov8_msgs/include/yolov8_msgs/yolov8_msgs/msg/detail/key_point2_d__rosidl_typesupport_introspection_c.h
[0.481s] -- Up-to-date symlink: /home/glist/buddy/install/yolov8_msgs/include/yolov8_msgs/yolov8_msgs/msg/detail/key_point2_d_array__rosidl_typesupport_introspection_c.h
[0.481s] -- Up-to-date symlink: /home/glist/buddy/install/yolov8_msgs/include/yolov8_msgs/yolov8_msgs/msg/detail/key_point3_d__rosidl_typesupport_introspection_c.h
[0.482s] -- Up-to-date symlink: /home/glist/buddy/install/yolov8_msgs/include/yolov8_msgs/yolov8_msgs/msg/detail/key_point3_d_array__rosidl_typesupport_introspection_c.h
[0.482s] -- Up-to-date symlink: /home/glist/buddy/install/yolov8_msgs/include/yolov8_msgs/yolov8_msgs/msg/detail/mask__rosidl_typesupport_introspection_c.h
[0.482s] -- Up-to-date symlink: /home/glist/buddy/install/yolov8_msgs/include/yolov8_msgs/yolov8_msgs/msg/detail/point2_d__rosidl_typesupport_introspection_c.h
[0.482s] -- Up-to-date symlink: /home/glist/buddy/install/yolov8_msgs/include/yolov8_msgs/yolov8_msgs/msg/detail/pose2_d__rosidl_typesupport_introspection_c.h
[0.482s] -- Up-to-date symlink: /home/glist/buddy/install/yolov8_msgs/include/yolov8_msgs/yolov8_msgs/msg/detail/vector2__rosidl_typesupport_introspection_c.h
[0.482s] -- Up-to-date symlink: /home/glist/buddy/install/yolov8_msgs/include/yolov8_msgs/yolov8_msgs/msg/rosidl_typesupport_introspection_c__visibility_control.h
[0.483s] -- Up-to-date symlink: /home/glist/buddy/install/yolov8_msgs/include/yolov8_msgs/yolov8_msgs/msg/bounding_box2_d.hpp
[0.483s] -- Up-to-date symlink: /home/glist/buddy/install/yolov8_msgs/include/yolov8_msgs/yolov8_msgs/msg/bounding_box3_d.hpp
[0.484s] -- Up-to-date symlink: /home/glist/buddy/install/yolov8_msgs/include/yolov8_msgs/yolov8_msgs/msg/detail/bounding_box2_d__builder.hpp
[0.484s] -- Up-to-date symlink: /home/glist/buddy/install/yolov8_msgs/include/yolov8_msgs/yolov8_msgs/msg/detail/bounding_box2_d__struct.hpp
[0.485s] -- Up-to-date symlink: /home/glist/buddy/install/yolov8_msgs/include/yolov8_msgs/yolov8_msgs/msg/detail/bounding_box2_d__traits.hpp
[0.485s] -- Up-to-date symlink: /home/glist/buddy/install/yolov8_msgs/include/yolov8_msgs/yolov8_msgs/msg/detail/bounding_box2_d__type_support.hpp
[0.485s] -- Up-to-date symlink: /home/glist/buddy/install/yolov8_msgs/include/yolov8_msgs/yolov8_msgs/msg/detail/bounding_box3_d__builder.hpp
[0.485s] -- Up-to-date symlink: /home/glist/buddy/install/yolov8_msgs/include/yolov8_msgs/yolov8_msgs/msg/detail/bounding_box3_d__struct.hpp
[0.485s] -- Up-to-date symlink: /home/glist/buddy/install/yolov8_msgs/include/yolov8_msgs/yolov8_msgs/msg/detail/bounding_box3_d__traits.hpp
[0.485s] -- Up-to-date symlink: /home/glist/buddy/install/yolov8_msgs/include/yolov8_msgs/yolov8_msgs/msg/detail/bounding_box3_d__type_support.hpp
[0.486s] -- Up-to-date symlink: /home/glist/buddy/install/yolov8_msgs/include/yolov8_msgs/yolov8_msgs/msg/detail/detection__builder.hpp
[0.486s] -- Up-to-date symlink: /home/glist/buddy/install/yolov8_msgs/include/yolov8_msgs/yolov8_msgs/msg/detail/detection__struct.hpp
[0.487s] -- Up-to-date symlink: /home/glist/buddy/install/yolov8_msgs/include/yolov8_msgs/yolov8_msgs/msg/detail/detection__traits.hpp
[0.487s] -- Up-to-date symlink: /home/glist/buddy/install/yolov8_msgs/include/yolov8_msgs/yolov8_msgs/msg/detail/detection__type_support.hpp
[0.487s] -- Up-to-date symlink: /home/glist/buddy/install/yolov8_msgs/include/yolov8_msgs/yolov8_msgs/msg/detail/detection_array__builder.hpp
[0.487s] -- Up-to-date symlink: /home/glist/buddy/install/yolov8_msgs/include/yolov8_msgs/yolov8_msgs/msg/detail/detection_array__struct.hpp
[0.487s] -- Up-to-date symlink: /home/glist/buddy/install/yolov8_msgs/include/yolov8_msgs/yolov8_msgs/msg/detail/detection_array__traits.hpp
[0.488s] -- Up-to-date symlink: /home/glist/buddy/install/yolov8_msgs/include/yolov8_msgs/yolov8_msgs/msg/detail/detection_array__type_support.hpp
[0.489s] -- Up-to-date symlink: /home/glist/buddy/install/yolov8_msgs/include/yolov8_msgs/yolov8_msgs/msg/detail/detection_person__builder.hpp
[0.489s] -- Up-to-date symlink: /home/glist/buddy/install/yolov8_msgs/include/yolov8_msgs/yolov8_msgs/msg/detail/detection_person__struct.hpp
[0.489s] -- Up-to-date symlink: /home/glist/buddy/install/yolov8_msgs/include/yolov8_msgs/yolov8_msgs/msg/detail/detection_person__traits.hpp
[0.489s] -- Up-to-date symlink: /home/glist/buddy/install/yolov8_msgs/include/yolov8_msgs/yolov8_msgs/msg/detail/detection_person__type_support.hpp
[0.489s] -- Up-to-date symlink: /home/glist/buddy/install/yolov8_msgs/include/yolov8_msgs/yolov8_msgs/msg/detail/detection_steal__builder.hpp
[0.490s] -- Up-to-date symlink: /home/glist/buddy/install/yolov8_msgs/include/yolov8_msgs/yolov8_msgs/msg/detail/detection_steal__struct.hpp
[0.490s] -- Up-to-date symlink: /home/glist/buddy/install/yolov8_msgs/include/yolov8_msgs/yolov8_msgs/msg/detail/detection_steal__traits.hpp
[0.490s] -- Up-to-date symlink: /home/glist/buddy/install/yolov8_msgs/include/yolov8_msgs/yolov8_msgs/msg/detail/detection_steal__type_support.hpp
[0.490s] -- Up-to-date symlink: /home/glist/buddy/install/yolov8_msgs/include/yolov8_msgs/yolov8_msgs/msg/detail/detection_tomato__builder.hpp
[0.490s] -- Up-to-date symlink: /home/glist/buddy/install/yolov8_msgs/include/yolov8_msgs/yolov8_msgs/msg/detail/detection_tomato__struct.hpp
[0.491s] -- Up-to-date symlink: /home/glist/buddy/install/yolov8_msgs/include/yolov8_msgs/yolov8_msgs/msg/detail/detection_tomato__traits.hpp
[0.491s] -- Up-to-date symlink: /home/glist/buddy/install/yolov8_msgs/include/yolov8_msgs/yolov8_msgs/msg/detail/detection_tomato__type_support.hpp
[0.491s] -- Up-to-date symlink: /home/glist/buddy/install/yolov8_msgs/include/yolov8_msgs/yolov8_msgs/msg/detail/key_point2_d__builder.hpp
[0.491s] -- Up-to-date symlink: /home/glist/buddy/install/yolov8_msgs/include/yolov8_msgs/yolov8_msgs/msg/detail/key_point2_d__struct.hpp
[0.492s] -- Up-to-date symlink: /home/glist/buddy/install/yolov8_msgs/include/yolov8_msgs/yolov8_msgs/msg/detail/key_point2_d__traits.hpp
[0.492s] -- Up-to-date symlink: /home/glist/buddy/install/yolov8_msgs/include/yolov8_msgs/yolov8_msgs/msg/detail/key_point2_d__type_support.hpp
[0.492s] -- Up-to-date symlink: /home/glist/buddy/install/yolov8_msgs/include/yolov8_msgs/yolov8_msgs/msg/detail/key_point2_d_array__builder.hpp
[0.492s] -- Up-to-date symlink: /home/glist/buddy/install/yolov8_msgs/include/yolov8_msgs/yolov8_msgs/msg/detail/key_point2_d_array__struct.hpp
[0.492s] -- Up-to-date symlink: /home/glist/buddy/install/yolov8_msgs/include/yolov8_msgs/yolov8_msgs/msg/detail/key_point2_d_array__traits.hpp
[0.493s] -- Up-to-date symlink: /home/glist/buddy/install/yolov8_msgs/include/yolov8_msgs/yolov8_msgs/msg/detail/key_point2_d_array__type_support.hpp
[0.493s] -- Up-to-date symlink: /home/glist/buddy/install/yolov8_msgs/include/yolov8_msgs/yolov8_msgs/msg/detail/key_point3_d__builder.hpp
[0.494s] -- Up-to-date symlink: /home/glist/buddy/install/yolov8_msgs/include/yolov8_msgs/yolov8_msgs/msg/detail/key_point3_d__struct.hpp
[0.494s] -- Up-to-date symlink: /home/glist/buddy/install/yolov8_msgs/include/yolov8_msgs/yolov8_msgs/msg/detail/key_point3_d__traits.hpp
[0.494s] -- Up-to-date symlink: /home/glist/buddy/install/yolov8_msgs/include/yolov8_msgs/yolov8_msgs/msg/detail/key_point3_d__type_support.hpp
[0.494s] -- Up-to-date symlink: /home/glist/buddy/install/yolov8_msgs/include/yolov8_msgs/yolov8_msgs/msg/detail/key_point3_d_array__builder.hpp
[0.494s] -- Up-to-date symlink: /home/glist/buddy/install/yolov8_msgs/include/yolov8_msgs/yolov8_msgs/msg/detail/key_point3_d_array__struct.hpp
[0.494s] -- Up-to-date symlink: /home/glist/buddy/install/yolov8_msgs/include/yolov8_msgs/yolov8_msgs/msg/detail/key_point3_d_array__traits.hpp
[0.495s] -- Up-to-date symlink: /home/glist/buddy/install/yolov8_msgs/include/yolov8_msgs/yolov8_msgs/msg/detail/key_point3_d_array__type_support.hpp
[0.495s] -- Up-to-date symlink: /home/glist/buddy/install/yolov8_msgs/include/yolov8_msgs/yolov8_msgs/msg/detail/mask__builder.hpp
[0.495s] -- Up-to-date symlink: /home/glist/buddy/install/yolov8_msgs/include/yolov8_msgs/yolov8_msgs/msg/detail/mask__struct.hpp
[0.496s] -- Up-to-date symlink: /home/glist/buddy/install/yolov8_msgs/include/yolov8_msgs/yolov8_msgs/msg/detail/mask__traits.hpp
[0.496s] -- Up-to-date symlink: /home/glist/buddy/install/yolov8_msgs/include/yolov8_msgs/yolov8_msgs/msg/detail/mask__type_support.hpp
[0.496s] -- Up-to-date symlink: /home/glist/buddy/install/yolov8_msgs/include/yolov8_msgs/yolov8_msgs/msg/detail/point2_d__builder.hpp
[0.496s] -- Up-to-date symlink: /home/glist/buddy/install/yolov8_msgs/include/yolov8_msgs/yolov8_msgs/msg/detail/point2_d__struct.hpp
[0.496s] -- Up-to-date symlink: /home/glist/buddy/install/yolov8_msgs/include/yolov8_msgs/yolov8_msgs/msg/detail/point2_d__traits.hpp
[0.496s] -- Up-to-date symlink: /home/glist/buddy/install/yolov8_msgs/include/yolov8_msgs/yolov8_msgs/msg/detail/point2_d__type_support.hpp
[0.496s] -- Up-to-date symlink: /home/glist/buddy/install/yolov8_msgs/include/yolov8_msgs/yolov8_msgs/msg/detail/pose2_d__builder.hpp
[0.497s] -- Up-to-date symlink: /home/glist/buddy/install/yolov8_msgs/include/yolov8_msgs/yolov8_msgs/msg/detail/pose2_d__struct.hpp
[0.497s] -- Up-to-date symlink: /home/glist/buddy/install/yolov8_msgs/include/yolov8_msgs/yolov8_msgs/msg/detail/pose2_d__traits.hpp
[0.497s] -- Up-to-date symlink: /home/glist/buddy/install/yolov8_msgs/include/yolov8_msgs/yolov8_msgs/msg/detail/pose2_d__type_support.hpp
[0.497s] -- Up-to-date symlink: /home/glist/buddy/install/yolov8_msgs/include/yolov8_msgs/yolov8_msgs/msg/detail/vector2__builder.hpp
[0.497s] -- Up-to-date symlink: /home/glist/buddy/install/yolov8_msgs/include/yolov8_msgs/yolov8_msgs/msg/detail/vector2__struct.hpp
[0.497s] -- Up-to-date symlink: /home/glist/buddy/install/yolov8_msgs/include/yolov8_msgs/yolov8_msgs/msg/detail/vector2__traits.hpp
[0.498s] -- Up-to-date symlink: /home/glist/buddy/install/yolov8_msgs/include/yolov8_msgs/yolov8_msgs/msg/detail/vector2__type_support.hpp
[0.498s] -- Up-to-date symlink: /home/glist/buddy/install/yolov8_msgs/include/yolov8_msgs/yolov8_msgs/msg/detection.hpp
[0.498s] -- Up-to-date symlink: /home/glist/buddy/install/yolov8_msgs/include/yolov8_msgs/yolov8_msgs/msg/detection_array.hpp
[0.498s] -- Up-to-date symlink: /home/glist/buddy/install/yolov8_msgs/include/yolov8_msgs/yolov8_msgs/msg/detection_person.hpp
[0.498s] -- Up-to-date symlink: /home/glist/buddy/install/yolov8_msgs/include/yolov8_msgs/yolov8_msgs/msg/detection_steal.hpp
[0.498s] -- Up-to-date symlink: /home/glist/buddy/install/yolov8_msgs/include/yolov8_msgs/yolov8_msgs/msg/detection_tomato.hpp
[0.498s] -- Up-to-date symlink: /home/glist/buddy/install/yolov8_msgs/include/yolov8_msgs/yolov8_msgs/msg/key_point2_d.hpp
[0.499s] -- Up-to-date symlink: /home/glist/buddy/install/yolov8_msgs/include/yolov8_msgs/yolov8_msgs/msg/key_point2_d_array.hpp
[0.499s] -- Up-to-date symlink: /home/glist/buddy/install/yolov8_msgs/include/yolov8_msgs/yolov8_msgs/msg/key_point3_d.hpp
[0.499s] -- Up-to-date symlink: /home/glist/buddy/install/yolov8_msgs/include/yolov8_msgs/yolov8_msgs/msg/key_point3_d_array.hpp
[0.499s] -- Up-to-date symlink: /home/glist/buddy/install/yolov8_msgs/include/yolov8_msgs/yolov8_msgs/msg/mask.hpp
[0.500s] -- Up-to-date symlink: /home/glist/buddy/install/yolov8_msgs/include/yolov8_msgs/yolov8_msgs/msg/point2_d.hpp
[0.500s] -- Up-to-date symlink: /home/glist/buddy/install/yolov8_msgs/include/yolov8_msgs/yolov8_msgs/msg/pose2_d.hpp
[0.500s] -- Up-to-date symlink: /home/glist/buddy/install/yolov8_msgs/include/yolov8_msgs/yolov8_msgs/msg/rosidl_generator_cpp__visibility_control.hpp
[0.500s] -- Up-to-date symlink: /home/glist/buddy/install/yolov8_msgs/include/yolov8_msgs/yolov8_msgs/msg/vector2.hpp
[0.501s] -- Up-to-date symlink: /home/glist/buddy/install/yolov8_msgs/include/yolov8_msgs/yolov8_msgs/msg/detail/bounding_box2_d__rosidl_typesupport_fastrtps_cpp.hpp
[0.502s] -- Up-to-date symlink: /home/glist/buddy/install/yolov8_msgs/include/yolov8_msgs/yolov8_msgs/msg/detail/bounding_box3_d__rosidl_typesupport_fastrtps_cpp.hpp
[0.502s] -- Up-to-date symlink: /home/glist/buddy/install/yolov8_msgs/include/yolov8_msgs/yolov8_msgs/msg/detail/detection__rosidl_typesupport_fastrtps_cpp.hpp
[0.502s] -- Up-to-date symlink: /home/glist/buddy/install/yolov8_msgs/include/yolov8_msgs/yolov8_msgs/msg/detail/detection_array__rosidl_typesupport_fastrtps_cpp.hpp
[0.502s] -- Up-to-date symlink: /home/glist/buddy/install/yolov8_msgs/include/yolov8_msgs/yolov8_msgs/msg/detail/detection_person__rosidl_typesupport_fastrtps_cpp.hpp
[0.503s] -- Up-to-date symlink: /home/glist/buddy/install/yolov8_msgs/include/yolov8_msgs/yolov8_msgs/msg/detail/detection_steal__rosidl_typesupport_fastrtps_cpp.hpp
[0.504s] -- Up-to-date symlink: /home/glist/buddy/install/yolov8_msgs/include/yolov8_msgs/yolov8_msgs/msg/detail/detection_tomato__rosidl_typesupport_fastrtps_cpp.hpp
[0.504s] -- Up-to-date symlink: /home/glist/buddy/install/yolov8_msgs/include/yolov8_msgs/yolov8_msgs/msg/detail/key_point2_d__rosidl_typesupport_fastrtps_cpp.hpp
[0.504s] -- Up-to-date symlink: /home/glist/buddy/install/yolov8_msgs/include/yolov8_msgs/yolov8_msgs/msg/detail/key_point2_d_array__rosidl_typesupport_fastrtps_cpp.hpp
[0.504s] -- Up-to-date symlink: /home/glist/buddy/install/yolov8_msgs/include/yolov8_msgs/yolov8_msgs/msg/detail/key_point3_d__rosidl_typesupport_fastrtps_cpp.hpp
[0.504s] -- Up-to-date symlink: /home/glist/buddy/install/yolov8_msgs/include/yolov8_msgs/yolov8_msgs/msg/detail/key_point3_d_array__rosidl_typesupport_fastrtps_cpp.hpp
[0.504s] -- Up-to-date symlink: /home/glist/buddy/install/yolov8_msgs/include/yolov8_msgs/yolov8_msgs/msg/detail/mask__rosidl_typesupport_fastrtps_cpp.hpp
[0.504s] -- Up-to-date symlink: /home/glist/buddy/install/yolov8_msgs/include/yolov8_msgs/yolov8_msgs/msg/detail/point2_d__rosidl_typesupport_fastrtps_cpp.hpp
[0.504s] -- Up-to-date symlink: /home/glist/buddy/install/yolov8_msgs/include/yolov8_msgs/yolov8_msgs/msg/detail/pose2_d__rosidl_typesupport_fastrtps_cpp.hpp
[0.504s] -- Up-to-date symlink: /home/glist/buddy/install/yolov8_msgs/include/yolov8_msgs/yolov8_msgs/msg/detail/vector2__rosidl_typesupport_fastrtps_cpp.hpp
[0.505s] -- Up-to-date symlink: /home/glist/buddy/install/yolov8_msgs/include/yolov8_msgs/yolov8_msgs/msg/rosidl_typesupport_fastrtps_cpp__visibility_control.h
[0.506s] -- Up-to-date symlink: /home/glist/buddy/install/yolov8_msgs/include/yolov8_msgs/yolov8_msgs/msg/detail/bounding_box2_d__rosidl_typesupport_introspection_cpp.hpp
[0.506s] -- Up-to-date symlink: /home/glist/buddy/install/yolov8_msgs/include/yolov8_msgs/yolov8_msgs/msg/detail/bounding_box3_d__rosidl_typesupport_introspection_cpp.hpp
[0.506s] -- Up-to-date symlink: /home/glist/buddy/install/yolov8_msgs/include/yolov8_msgs/yolov8_msgs/msg/detail/detection__rosidl_typesupport_introspection_cpp.hpp
[0.506s] -- Up-to-date symlink: /home/glist/buddy/install/yolov8_msgs/include/yolov8_msgs/yolov8_msgs/msg/detail/detection_array__rosidl_typesupport_introspection_cpp.hpp
[0.507s] -- Up-to-date symlink: /home/glist/buddy/install/yolov8_msgs/include/yolov8_msgs/yolov8_msgs/msg/detail/detection_person__rosidl_typesupport_introspection_cpp.hpp
[0.507s] -- Up-to-date symlink: /home/glist/buddy/install/yolov8_msgs/include/yolov8_msgs/yolov8_msgs/msg/detail/detection_steal__rosidl_typesupport_introspection_cpp.hpp
[0.508s] -- Up-to-date symlink: /home/glist/buddy/install/yolov8_msgs/include/yolov8_msgs/yolov8_msgs/msg/detail/detection_tomato__rosidl_typesupport_introspection_cpp.hpp
[0.508s] -- Up-to-date symlink: /home/glist/buddy/install/yolov8_msgs/include/yolov8_msgs/yolov8_msgs/msg/detail/key_point2_d__rosidl_typesupport_introspection_cpp.hpp
[0.508s] -- Up-to-date symlink: /home/glist/buddy/install/yolov8_msgs/include/yolov8_msgs/yolov8_msgs/msg/detail/key_point2_d_array__rosidl_typesupport_introspection_cpp.hpp
[0.508s] -- Up-to-date symlink: /home/glist/buddy/install/yolov8_msgs/include/yolov8_msgs/yolov8_msgs/msg/detail/key_point3_d__rosidl_typesupport_introspection_cpp.hpp
[0.508s] -- Up-to-date symlink: /home/glist/buddy/install/yolov8_msgs/include/yolov8_msgs/yolov8_msgs/msg/detail/key_point3_d_array__rosidl_typesupport_introspection_cpp.hpp
[0.508s] -- Up-to-date symlink: /home/glist/buddy/install/yolov8_msgs/include/yolov8_msgs/yolov8_msgs/msg/detail/mask__rosidl_typesupport_introspection_cpp.hpp
[0.508s] -- Up-to-date symlink: /home/glist/buddy/install/yolov8_msgs/include/yolov8_msgs/yolov8_msgs/msg/detail/point2_d__rosidl_typesupport_introspection_cpp.hpp
[0.509s] -- Up-to-date symlink: /home/glist/buddy/install/yolov8_msgs/include/yolov8_msgs/yolov8_msgs/msg/detail/pose2_d__rosidl_typesupport_introspection_cpp.hpp
[0.509s] -- Up-to-date symlink: /home/glist/buddy/install/yolov8_msgs/include/yolov8_msgs/yolov8_msgs/msg/detail/vector2__rosidl_typesupport_introspection_cpp.hpp
[0.509s] -- Up-to-date symlink: /home/glist/buddy/install/yolov8_msgs/share/yolov8_msgs/environment/pythonpath.sh
[0.509s] -- Up-to-date symlink: /home/glist/buddy/install/yolov8_msgs/share/yolov8_msgs/environment/pythonpath.dsv
[0.510s] -- Up-to-date symlink: /home/glist/buddy/install/yolov8_msgs/local/lib/python3.10/dist-packages/yolov8_msgs-3.4.0-py3.10.egg-info/PKG-INFO
[0.510s] -- Up-to-date symlink: /home/glist/buddy/install/yolov8_msgs/local/lib/python3.10/dist-packages/yolov8_msgs-3.4.0-py3.10.egg-info/SOURCES.txt
[0.510s] -- Up-to-date symlink: /home/glist/buddy/install/yolov8_msgs/local/lib/python3.10/dist-packages/yolov8_msgs-3.4.0-py3.10.egg-info/dependency_links.txt
[0.510s] -- Up-to-date symlink: /home/glist/buddy/install/yolov8_msgs/local/lib/python3.10/dist-packages/yolov8_msgs-3.4.0-py3.10.egg-info/top_level.txt
[0.511s] -- Up-to-date symlink: /home/glist/buddy/install/yolov8_msgs/local/lib/python3.10/dist-packages/yolov8_msgs/__init__.py
[0.511s] -- Up-to-date symlink: /home/glist/buddy/install/yolov8_msgs/local/lib/python3.10/dist-packages/yolov8_msgs/_yolov8_msgs_s.ep.rosidl_typesupport_c.c
[0.512s] -- Up-to-date symlink: /home/glist/buddy/install/yolov8_msgs/local/lib/python3.10/dist-packages/yolov8_msgs/_yolov8_msgs_s.ep.rosidl_typesupport_fastrtps_c.c
[0.512s] -- Up-to-date symlink: /home/glist/buddy/install/yolov8_msgs/local/lib/python3.10/dist-packages/yolov8_msgs/_yolov8_msgs_s.ep.rosidl_typesupport_introspection_c.c
[0.512s] -- Up-to-date symlink: /home/glist/buddy/install/yolov8_msgs/local/lib/python3.10/dist-packages/yolov8_msgs/libyolov8_msgs__rosidl_generator_py.so
[0.512s] -- Up-to-date symlink: /home/glist/buddy/install/yolov8_msgs/local/lib/python3.10/dist-packages/yolov8_msgs/msg/__init__.py
[0.512s] -- Up-to-date symlink: /home/glist/buddy/install/yolov8_msgs/local/lib/python3.10/dist-packages/yolov8_msgs/msg/_bounding_box2_d.py
[0.512s] -- Up-to-date symlink: /home/glist/buddy/install/yolov8_msgs/local/lib/python3.10/dist-packages/yolov8_msgs/msg/_bounding_box2_d_s.c
[0.512s] -- Up-to-date symlink: /home/glist/buddy/install/yolov8_msgs/local/lib/python3.10/dist-packages/yolov8_msgs/msg/_bounding_box3_d.py
[0.513s] -- Up-to-date symlink: /home/glist/buddy/install/yolov8_msgs/local/lib/python3.10/dist-packages/yolov8_msgs/msg/_bounding_box3_d_s.c
[0.513s] -- Up-to-date symlink: /home/glist/buddy/install/yolov8_msgs/local/lib/python3.10/dist-packages/yolov8_msgs/msg/_detection.py
[0.513s] -- Up-to-date symlink: /home/glist/buddy/install/yolov8_msgs/local/lib/python3.10/dist-packages/yolov8_msgs/msg/_detection_array.py
[0.513s] -- Up-to-date symlink: /home/glist/buddy/install/yolov8_msgs/local/lib/python3.10/dist-packages/yolov8_msgs/msg/_detection_array_s.c
[0.513s] -- Up-to-date symlink: /home/glist/buddy/install/yolov8_msgs/local/lib/python3.10/dist-packages/yolov8_msgs/msg/_detection_person.py
[0.513s] -- Up-to-date symlink: /home/glist/buddy/install/yolov8_msgs/local/lib/python3.10/dist-packages/yolov8_msgs/msg/_detection_person_s.c
[0.514s] -- Up-to-date symlink: /home/glist/buddy/install/yolov8_msgs/local/lib/python3.10/dist-packages/yolov8_msgs/msg/_detection_s.c
[0.514s] -- Up-to-date symlink: /home/glist/buddy/install/yolov8_msgs/local/lib/python3.10/dist-packages/yolov8_msgs/msg/_detection_steal.py
[0.514s] -- Up-to-date symlink: /home/glist/buddy/install/yolov8_msgs/local/lib/python3.10/dist-packages/yolov8_msgs/msg/_detection_steal_s.c
[0.514s] -- Up-to-date symlink: /home/glist/buddy/install/yolov8_msgs/local/lib/python3.10/dist-packages/yolov8_msgs/msg/_detection_tomato.py
[0.514s] -- Up-to-date symlink: /home/glist/buddy/install/yolov8_msgs/local/lib/python3.10/dist-packages/yolov8_msgs/msg/_detection_tomato_s.c
[0.514s] -- Up-to-date symlink: /home/glist/buddy/install/yolov8_msgs/local/lib/python3.10/dist-packages/yolov8_msgs/msg/_key_point2_d.py
[0.514s] -- Up-to-date symlink: /home/glist/buddy/install/yolov8_msgs/local/lib/python3.10/dist-packages/yolov8_msgs/msg/_key_point2_d_array.py
[0.515s] -- Up-to-date symlink: /home/glist/buddy/install/yolov8_msgs/local/lib/python3.10/dist-packages/yolov8_msgs/msg/_key_point2_d_array_s.c
[0.515s] -- Up-to-date symlink: /home/glist/buddy/install/yolov8_msgs/local/lib/python3.10/dist-packages/yolov8_msgs/msg/_key_point2_d_s.c
[0.515s] -- Up-to-date symlink: /home/glist/buddy/install/yolov8_msgs/local/lib/python3.10/dist-packages/yolov8_msgs/msg/_key_point3_d.py
[0.515s] -- Up-to-date symlink: /home/glist/buddy/install/yolov8_msgs/local/lib/python3.10/dist-packages/yolov8_msgs/msg/_key_point3_d_array.py
[0.515s] -- Up-to-date symlink: /home/glist/buddy/install/yolov8_msgs/local/lib/python3.10/dist-packages/yolov8_msgs/msg/_key_point3_d_array_s.c
[0.515s] -- Up-to-date symlink: /home/glist/buddy/install/yolov8_msgs/local/lib/python3.10/dist-packages/yolov8_msgs/msg/_key_point3_d_s.c
[0.515s] -- Up-to-date symlink: /home/glist/buddy/install/yolov8_msgs/local/lib/python3.10/dist-packages/yolov8_msgs/msg/_mask.py
[0.516s] -- Up-to-date symlink: /home/glist/buddy/install/yolov8_msgs/local/lib/python3.10/dist-packages/yolov8_msgs/msg/_mask_s.c
[0.516s] -- Up-to-date symlink: /home/glist/buddy/install/yolov8_msgs/local/lib/python3.10/dist-packages/yolov8_msgs/msg/_point2_d.py
[0.516s] -- Up-to-date symlink: /home/glist/buddy/install/yolov8_msgs/local/lib/python3.10/dist-packages/yolov8_msgs/msg/_point2_d_s.c
[0.516s] -- Up-to-date symlink: /home/glist/buddy/install/yolov8_msgs/local/lib/python3.10/dist-packages/yolov8_msgs/msg/_pose2_d.py
[0.516s] -- Up-to-date symlink: /home/glist/buddy/install/yolov8_msgs/local/lib/python3.10/dist-packages/yolov8_msgs/msg/_pose2_d_s.c
[0.516s] -- Up-to-date symlink: /home/glist/buddy/install/yolov8_msgs/local/lib/python3.10/dist-packages/yolov8_msgs/msg/_vector2.py
[0.516s] -- Up-to-date symlink: /home/glist/buddy/install/yolov8_msgs/local/lib/python3.10/dist-packages/yolov8_msgs/msg/_vector2_s.c
[0.517s] -- Up-to-date symlink: /home/glist/buddy/install/yolov8_msgs/local/lib/python3.10/dist-packages/yolov8_msgs/yolov8_msgs_s__rosidl_typesupport_c.cpython-310-x86_64-linux-gnu.so
[0.517s] -- Up-to-date symlink: /home/glist/buddy/install/yolov8_msgs/local/lib/python3.10/dist-packages/yolov8_msgs/yolov8_msgs_s__rosidl_typesupport_fastrtps_c.cpython-310-x86_64-linux-gnu.so
[0.517s] -- Up-to-date symlink: /home/glist/buddy/install/yolov8_msgs/local/lib/python3.10/dist-packages/yolov8_msgs/yolov8_msgs_s__rosidl_typesupport_introspection_c.cpython-310-x86_64-linux-gnu.so
[0.517s] -- Up-to-date symlink: /home/glist/buddy/install/yolov8_msgs/local/lib/python3.10/dist-packages/yolov8_msgs/yolov8_msgs_s__rosidl_typesupport_fastrtps_c.cpython-310-x86_64-linux-gnu.so
[0.518s] -- Up-to-date symlink: /home/glist/buddy/install/yolov8_msgs/local/lib/python3.10/dist-packages/yolov8_msgs/yolov8_msgs_s__rosidl_typesupport_introspection_c.cpython-310-x86_64-linux-gnu.so
[0.518s] -- Up-to-date symlink: /home/glist/buddy/install/yolov8_msgs/local/lib/python3.10/dist-packages/yolov8_msgs/yolov8_msgs_s__rosidl_typesupport_c.cpython-310-x86_64-linux-gnu.so
[0.518s] -- Up-to-date symlink: /home/glist/buddy/install/yolov8_msgs/share/yolov8_msgs/msg/Point2D.idl
[0.518s] -- Up-to-date symlink: /home/glist/buddy/install/yolov8_msgs/share/yolov8_msgs/msg/Vector2.idl
[0.519s] -- Up-to-date symlink: /home/glist/buddy/install/yolov8_msgs/share/yolov8_msgs/msg/Pose2D.idl
[0.519s] -- Up-to-date symlink: /home/glist/buddy/install/yolov8_msgs/share/yolov8_msgs/msg/BoundingBox2D.idl
[0.519s] -- Up-to-date symlink: /home/glist/buddy/install/yolov8_msgs/share/yolov8_msgs/msg/BoundingBox3D.idl
[0.519s] -- Up-to-date symlink: /home/glist/buddy/install/yolov8_msgs/share/yolov8_msgs/msg/Mask.idl
[0.519s] -- Up-to-date symlink: /home/glist/buddy/install/yolov8_msgs/share/yolov8_msgs/msg/KeyPoint2D.idl
[0.519s] -- Up-to-date symlink: /home/glist/buddy/install/yolov8_msgs/share/yolov8_msgs/msg/KeyPoint2DArray.idl
[0.520s] -- Up-to-date symlink: /home/glist/buddy/install/yolov8_msgs/share/yolov8_msgs/msg/KeyPoint3D.idl
[0.520s] -- Up-to-date symlink: /home/glist/buddy/install/yolov8_msgs/share/yolov8_msgs/msg/KeyPoint3DArray.idl
[0.520s] -- Up-to-date symlink: /home/glist/buddy/install/yolov8_msgs/share/yolov8_msgs/msg/Detection.idl
[0.520s] -- Up-to-date symlink: /home/glist/buddy/install/yolov8_msgs/share/yolov8_msgs/msg/DetectionPerson.idl
[0.521s] -- Up-to-date symlink: /home/glist/buddy/install/yolov8_msgs/share/yolov8_msgs/msg/DetectionTomato.idl
[0.521s] -- Up-to-date symlink: /home/glist/buddy/install/yolov8_msgs/share/yolov8_msgs/msg/DetectionSteal.idl
[0.521s] -- Up-to-date symlink: /home/glist/buddy/install/yolov8_msgs/share/yolov8_msgs/msg/DetectionArray.idl
[0.521s] -- Up-to-date symlink: /home/glist/buddy/install/yolov8_msgs/share/yolov8_msgs/msg/Point2D.msg
[0.521s] -- Up-to-date symlink: /home/glist/buddy/install/yolov8_msgs/share/yolov8_msgs/msg/Vector2.msg
[0.521s] -- Up-to-date symlink: /home/glist/buddy/install/yolov8_msgs/share/yolov8_msgs/msg/Pose2D.msg
[0.521s] -- Up-to-date symlink: /home/glist/buddy/install/yolov8_msgs/share/yolov8_msgs/msg/BoundingBox2D.msg
[0.521s] -- Up-to-date symlink: /home/glist/buddy/install/yolov8_msgs/share/yolov8_msgs/msg/BoundingBox3D.msg
[0.521s] -- Up-to-date symlink: /home/glist/buddy/install/yolov8_msgs/share/yolov8_msgs/msg/Mask.msg
[0.521s] -- Up-to-date symlink: /home/glist/buddy/install/yolov8_msgs/share/yolov8_msgs/msg/KeyPoint2D.msg
[0.522s] -- Up-to-date symlink: /home/glist/buddy/install/yolov8_msgs/share/yolov8_msgs/msg/KeyPoint2DArray.msg
[0.522s] -- Up-to-date symlink: /home/glist/buddy/install/yolov8_msgs/share/yolov8_msgs/msg/KeyPoint3D.msg
[0.522s] -- Up-to-date symlink: /home/glist/buddy/install/yolov8_msgs/share/yolov8_msgs/msg/KeyPoint3DArray.msg
[0.522s] -- Up-to-date symlink: /home/glist/buddy/install/yolov8_msgs/share/yolov8_msgs/msg/Detection.msg
[0.523s] -- Up-to-date symlink: /home/glist/buddy/install/yolov8_msgs/share/yolov8_msgs/msg/DetectionPerson.msg
[0.523s] -- Up-to-date symlink: /home/glist/buddy/install/yolov8_msgs/share/yolov8_msgs/msg/DetectionTomato.msg
[0.524s] -- Up-to-date symlink: /home/glist/buddy/install/yolov8_msgs/share/yolov8_msgs/msg/DetectionSteal.msg
[0.524s] -- Up-to-date symlink: /home/glist/buddy/install/yolov8_msgs/share/yolov8_msgs/msg/DetectionArray.msg
[0.524s] -- Up-to-date symlink: /home/glist/buddy/install/yolov8_msgs/share/ament_index/resource_index/package_run_dependencies/yolov8_msgs
[0.524s] -- Up-to-date symlink: /home/glist/buddy/install/yolov8_msgs/share/ament_index/resource_index/parent_prefix_path/yolov8_msgs
[0.524s] -- Up-to-date symlink: /home/glist/buddy/install/yolov8_msgs/share/yolov8_msgs/environment/ament_prefix_path.sh
[0.524s] -- Up-to-date symlink: /home/glist/buddy/install/yolov8_msgs/share/yolov8_msgs/environment/ament_prefix_path.dsv
[0.524s] -- Up-to-date symlink: /home/glist/buddy/install/yolov8_msgs/share/yolov8_msgs/environment/path.sh
[0.524s] -- Up-to-date symlink: /home/glist/buddy/install/yolov8_msgs/share/yolov8_msgs/environment/path.dsv
[0.524s] -- Up-to-date symlink: /home/glist/buddy/install/yolov8_msgs/share/yolov8_msgs/local_setup.bash
[0.524s] -- Up-to-date symlink: /home/glist/buddy/install/yolov8_msgs/share/yolov8_msgs/local_setup.sh
[0.524s] -- Up-to-date symlink: /home/glist/buddy/install/yolov8_msgs/share/yolov8_msgs/local_setup.zsh
[0.525s] -- Up-to-date symlink: /home/glist/buddy/install/yolov8_msgs/share/yolov8_msgs/local_setup.dsv
[0.525s] -- Symlinking: /home/glist/buddy/install/yolov8_msgs/share/yolov8_msgs/package.dsv
[0.533s] -- Up-to-date symlink: /home/glist/buddy/install/yolov8_msgs/share/ament_index/resource_index/packages/yolov8_msgs
[0.534s] -- Up-to-date symlink: /home/glist/buddy/install/yolov8_msgs/share/yolov8_msgs/cmake/rosidl_cmake-extras.cmake
[0.534s] -- Up-to-date symlink: /home/glist/buddy/install/yolov8_msgs/share/yolov8_msgs/cmake/ament_cmake_export_dependencies-extras.cmake
[0.534s] -- Up-to-date symlink: /home/glist/buddy/install/yolov8_msgs/share/yolov8_msgs/cmake/ament_cmake_export_include_directories-extras.cmake
[0.534s] -- Up-to-date symlink: /home/glist/buddy/install/yolov8_msgs/share/yolov8_msgs/cmake/ament_cmake_export_libraries-extras.cmake
[0.534s] -- Up-to-date symlink: /home/glist/buddy/install/yolov8_msgs/share/yolov8_msgs/cmake/ament_cmake_export_targets-extras.cmake
[0.535s] -- Up-to-date symlink: /home/glist/buddy/install/yolov8_msgs/share/yolov8_msgs/cmake/rosidl_cmake_export_typesupport_targets-extras.cmake
[0.535s] -- Up-to-date symlink: /home/glist/buddy/install/yolov8_msgs/share/yolov8_msgs/cmake/rosidl_cmake_export_typesupport_libraries-extras.cmake
[0.535s] -- Up-to-date symlink: /home/glist/buddy/install/yolov8_msgs/share/yolov8_msgs/cmake/yolov8_msgsConfig.cmake
[0.535s] -- Up-to-date symlink: /home/glist/buddy/install/yolov8_msgs/share/yolov8_msgs/cmake/yolov8_msgsConfig-version.cmake
[0.535s] -- Up-to-date symlink: /home/glist/buddy/install/yolov8_msgs/share/yolov8_msgs/package.xml
[0.536s] -- Up-to-date: /home/glist/buddy/install/yolov8_msgs/lib/libyolov8_msgs__rosidl_generator_c.so
[0.537s] -- Up-to-date: /home/glist/buddy/install/yolov8_msgs/lib/libyolov8_msgs__rosidl_typesupport_fastrtps_c.so
[0.537s] -- Up-to-date: /home/glist/buddy/install/yolov8_msgs/lib/libyolov8_msgs__rosidl_typesupport_introspection_c.so
[0.538s] -- Up-to-date: /home/glist/buddy/install/yolov8_msgs/lib/libyolov8_msgs__rosidl_typesupport_c.so
[0.538s] -- Up-to-date: /home/glist/buddy/install/yolov8_msgs/lib/libyolov8_msgs__rosidl_typesupport_fastrtps_cpp.so
[0.539s] -- Up-to-date: /home/glist/buddy/install/yolov8_msgs/lib/libyolov8_msgs__rosidl_typesupport_introspection_cpp.so
[0.539s] -- Up-to-date: /home/glist/buddy/install/yolov8_msgs/lib/libyolov8_msgs__rosidl_typesupport_cpp.so
[0.567s] Listing '/home/glist/buddy/install/yolov8_msgs/local/lib/python3.10/dist-packages/yolov8_msgs'...
[0.567s] Listing '/home/glist/buddy/install/yolov8_msgs/local/lib/python3.10/dist-packages/yolov8_msgs/msg'...
[0.571s] -- Up-to-date: /home/glist/buddy/install/yolov8_msgs/lib/libyolov8_msgs__rosidl_generator_py.so
[0.572s] -- Up-to-date: /home/glist/buddy/install/yolov8_msgs/share/yolov8_msgs/cmake/export_yolov8_msgs__rosidl_generator_cExport.cmake
[0.572s] -- Up-to-date: /home/glist/buddy/install/yolov8_msgs/share/yolov8_msgs/cmake/export_yolov8_msgs__rosidl_generator_cExport-noconfig.cmake
[0.572s] -- Up-to-date: /home/glist/buddy/install/yolov8_msgs/share/yolov8_msgs/cmake/export_yolov8_msgs__rosidl_typesupport_fastrtps_cExport.cmake
[0.572s] -- Up-to-date: /home/glist/buddy/install/yolov8_msgs/share/yolov8_msgs/cmake/export_yolov8_msgs__rosidl_typesupport_fastrtps_cExport-noconfig.cmake
[0.573s] -- Up-to-date: /home/glist/buddy/install/yolov8_msgs/share/yolov8_msgs/cmake/yolov8_msgs__rosidl_typesupport_introspection_cExport.cmake
[0.573s] -- Up-to-date: /home/glist/buddy/install/yolov8_msgs/share/yolov8_msgs/cmake/yolov8_msgs__rosidl_typesupport_introspection_cExport-noconfig.cmake
[0.573s] -- Up-to-date: /home/glist/buddy/install/yolov8_msgs/share/yolov8_msgs/cmake/yolov8_msgs__rosidl_typesupport_cExport.cmake
[0.573s] -- Up-to-date: /home/glist/buddy/install/yolov8_msgs/share/yolov8_msgs/cmake/yolov8_msgs__rosidl_typesupport_cExport-noconfig.cmake
[0.573s] -- Up-to-date: /home/glist/buddy/install/yolov8_msgs/share/yolov8_msgs/cmake/export_yolov8_msgs__rosidl_generator_cppExport.cmake
[0.574s] -- Up-to-date: /home/glist/buddy/install/yolov8_msgs/share/yolov8_msgs/cmake/export_yolov8_msgs__rosidl_typesupport_fastrtps_cppExport.cmake
[0.574s] -- Up-to-date: /home/glist/buddy/install/yolov8_msgs/share/yolov8_msgs/cmake/export_yolov8_msgs__rosidl_typesupport_fastrtps_cppExport-noconfig.cmake
[0.574s] -- Up-to-date: /home/glist/buddy/install/yolov8_msgs/share/yolov8_msgs/cmake/yolov8_msgs__rosidl_typesupport_introspection_cppExport.cmake
[0.574s] -- Up-to-date: /home/glist/buddy/install/yolov8_msgs/share/yolov8_msgs/cmake/yolov8_msgs__rosidl_typesupport_introspection_cppExport-noconfig.cmake
[0.574s] -- Up-to-date: /home/glist/buddy/install/yolov8_msgs/share/yolov8_msgs/cmake/yolov8_msgs__rosidl_typesupport_cppExport.cmake
[0.575s] -- Up-to-date: /home/glist/buddy/install/yolov8_msgs/share/yolov8_msgs/cmake/yolov8_msgs__rosidl_typesupport_cppExport-noconfig.cmake
[0.575s] -- Up-to-date: /home/glist/buddy/install/yolov8_msgs/share/yolov8_msgs/cmake/export_yolov8_msgs__rosidl_generator_pyExport.cmake
[0.575s] -- Up-to-date: /home/glist/buddy/install/yolov8_msgs/share/yolov8_msgs/cmake/export_yolov8_msgs__rosidl_generator_pyExport-noconfig.cmake
[0.577s] Invoked command in '/home/glist/buddy/build/yolov8_msgs' returned '0': CMAKE_PREFIX_PATH=/opt/ros/humble /usr/bin/cmake --install /home/glist/buddy/build/yolov8_msgs
