[0.724s] Invoking command in '/home/glist/buddy/build/robo_navegacao': PYTHONPATH=/home/glist/buddy/build/robo_navegacao/prefix_override:/usr/lib/python3/dist-packages/colcon_core/task/python/colcon_distutils_commands:/home/glist/buddy/install/robo_navegacao/lib/python3.10/site-packages:${PYTHONPATH} /usr/bin/python3 -W ignore:setup.py install is deprecated -W ignore:easy_install command is deprecated setup.py develop --editable --build-directory /home/glist/buddy/build/robo_navegacao/build --no-deps symlink_data
[0.939s] running develop
[1.076s] running egg_info
[1.076s] creating robo_navegacao.egg-info
[1.077s] writing robo_navegacao.egg-info/PKG-INFO
[1.077s] writing dependency_links to robo_navegacao.egg-info/dependency_links.txt
[1.077s] writing entry points to robo_navegacao.egg-info/entry_points.txt
[1.077s] writing requirements to robo_navegacao.egg-info/requires.txt
[1.077s] writing top-level names to robo_navegacao.egg-info/top_level.txt
[1.077s] writing manifest file 'robo_navegacao.egg-info/SOURCES.txt'
[1.079s] reading manifest file 'robo_navegacao.egg-info/SOURCES.txt'
[1.079s] writing manifest file 'robo_navegacao.egg-info/SOURCES.txt'
[1.080s] running build_ext
[1.080s] Creating /home/glist/buddy/install/robo_navegacao/lib/python3.10/site-packages/robo-navegacao.egg-link (link to .)
[1.081s] Installing lidar script to /home/glist/buddy/install/robo_navegacao/lib/robo_navegacao
[1.081s] Installing navegacao script to /home/glist/buddy/install/robo_navegacao/lib/robo_navegacao
[1.081s] 
[1.081s] Installed /home/glist/buddy/build/robo_navegacao
[1.082s] running symlink_data
[1.082s] creating /home/glist/buddy/install/robo_navegacao/share/ament_index
[1.082s] creating /home/glist/buddy/install/robo_navegacao/share/ament_index/resource_index
[1.082s] creating /home/glist/buddy/install/robo_navegacao/share/ament_index/resource_index/packages
[1.082s] symbolically linking /home/glist/buddy/build/robo_navegacao/resource/robo_navegacao -> /home/glist/buddy/install/robo_navegacao/share/ament_index/resource_index/packages
[1.082s] symbolically linking /home/glist/buddy/build/robo_navegacao/package.xml -> /home/glist/buddy/install/robo_navegacao/share/robo_navegacao
[1.125s] Invoked command in '/home/glist/buddy/build/robo_navegacao' returned '0': PYTHONPATH=/home/glist/buddy/build/robo_navegacao/prefix_override:/usr/lib/python3/dist-packages/colcon_core/task/python/colcon_distutils_commands:/home/glist/buddy/install/robo_navegacao/lib/python3.10/site-packages:${PYTHONPATH} /usr/bin/python3 -W ignore:setup.py install is deprecated -W ignore:easy_install command is deprecated setup.py develop --editable --build-directory /home/glist/buddy/build/robo_navegacao/build --no-deps symlink_data
