[0.010s] Invoking command in '/home/glist/buddy/build/yolov8_bringup': AMENT_PREFIX_PATH=/home/glist/buddy/install/yolov8_ros:/home/glist/buddy/install/yolov8_msgs:${AMENT_PREFIX_PATH} CMAKE_PREFIX_PATH=/home/glist/buddy/install/yolov8_msgs:/opt/ros/humble LD_LIBRARY_PATH=/home/glist/buddy/install/yolov8_msgs/lib:${LD_LIBRARY_PATH} PYTHONPATH=/home/glist/buddy/build/yolov8_ros:/home/glist/buddy/install/yolov8_ros/lib/python3.10/site-packages:/home/glist/buddy/install/yolov8_msgs/local/lib/python3.10/dist-packages:${PYTHONPATH} /usr/bin/cmake --build /home/glist/buddy/build/yolov8_bringup -- -j16 -l16
[0.050s] Invoked command in '/home/glist/buddy/build/yolov8_bringup' returned '0': AMENT_PREFIX_PATH=/home/glist/buddy/install/yolov8_ros:/home/glist/buddy/install/yolov8_msgs:${AMENT_PREFIX_PATH} CMAKE_PREFIX_PATH=/home/glist/buddy/install/yolov8_msgs:/opt/ros/humble LD_LIBRARY_PATH=/home/glist/buddy/install/yolov8_msgs/lib:${LD_LIBRARY_PATH} PYTHONPATH=/home/glist/buddy/build/yolov8_ros:/home/glist/buddy/install/yolov8_ros/lib/python3.10/site-packages:/home/glist/buddy/install/yolov8_msgs/local/lib/python3.10/dist-packages:${PYTHONPATH} /usr/bin/cmake --build /home/glist/buddy/build/yolov8_bringup -- -j16 -l16
[0.053s] Invoking command in '/home/glist/buddy/build/yolov8_bringup': AMENT_PREFIX_PATH=/home/glist/buddy/install/yolov8_ros:/home/glist/buddy/install/yolov8_msgs:${AMENT_PREFIX_PATH} CMAKE_PREFIX_PATH=/home/glist/buddy/install/yolov8_msgs:/opt/ros/humble LD_LIBRARY_PATH=/home/glist/buddy/install/yolov8_msgs/lib:${LD_LIBRARY_PATH} PYTHONPATH=/home/glist/buddy/build/yolov8_ros:/home/glist/buddy/install/yolov8_ros/lib/python3.10/site-packages:/home/glist/buddy/install/yolov8_msgs/local/lib/python3.10/dist-packages:${PYTHONPATH} /usr/bin/cmake --install /home/glist/buddy/build/yolov8_bringup
[0.060s] -- Install configuration: ""
[0.060s] -- Execute custom install script
[0.062s] -- Up-to-date symlink: /home/glist/buddy/install/yolov8_bringup/share/yolov8_bringup//launch/yolo-nas.launch.py
[0.062s] -- Up-to-date symlink: /home/glist/buddy/install/yolov8_bringup/share/yolov8_bringup//launch/yolov10.launch.py
[0.062s] -- Up-to-date symlink: /home/glist/buddy/install/yolov8_bringup/share/yolov8_bringup//launch/yolov11.launch.py
[0.062s] -- Up-to-date symlink: /home/glist/buddy/install/yolov8_bringup/share/yolov8_bringup//launch/yolov5.launch.py
[0.062s] -- Up-to-date symlink: /home/glist/buddy/install/yolov8_bringup/share/yolov8_bringup//launch/yolov8.launch.py
[0.062s] -- Up-to-date symlink: /home/glist/buddy/install/yolov8_bringup/share/yolov8_bringup//launch/yolov8_3d.launch.py
[0.063s] -- Up-to-date symlink: /home/glist/buddy/install/yolov8_bringup/share/yolov8_bringup//launch/yolov9.launch.py
[0.063s] -- Up-to-date symlink: /home/glist/buddy/install/yolov8_bringup/share/ament_index/resource_index/package_run_dependencies/yolov8_bringup
[0.063s] -- Up-to-date symlink: /home/glist/buddy/install/yolov8_bringup/share/ament_index/resource_index/parent_prefix_path/yolov8_bringup
[0.063s] -- Up-to-date symlink: /home/glist/buddy/install/yolov8_bringup/share/yolov8_bringup/environment/ament_prefix_path.sh
[0.064s] -- Up-to-date symlink: /home/glist/buddy/install/yolov8_bringup/share/yolov8_bringup/environment/ament_prefix_path.dsv
[0.064s] -- Up-to-date symlink: /home/glist/buddy/install/yolov8_bringup/share/yolov8_bringup/environment/path.sh
[0.064s] -- Up-to-date symlink: /home/glist/buddy/install/yolov8_bringup/share/yolov8_bringup/environment/path.dsv
[0.064s] -- Up-to-date symlink: /home/glist/buddy/install/yolov8_bringup/share/yolov8_bringup/local_setup.bash
[0.065s] -- Up-to-date symlink: /home/glist/buddy/install/yolov8_bringup/share/yolov8_bringup/local_setup.sh
[0.065s] -- Up-to-date symlink: /home/glist/buddy/install/yolov8_bringup/share/yolov8_bringup/local_setup.zsh
[0.065s] -- Up-to-date symlink: /home/glist/buddy/install/yolov8_bringup/share/yolov8_bringup/local_setup.dsv
[0.065s] -- Symlinking: /home/glist/buddy/install/yolov8_bringup/share/yolov8_bringup/package.dsv
[0.074s] -- Up-to-date symlink: /home/glist/buddy/install/yolov8_bringup/share/ament_index/resource_index/packages/yolov8_bringup
[0.074s] -- Up-to-date symlink: /home/glist/buddy/install/yolov8_bringup/share/yolov8_bringup/cmake/yolov8_bringupConfig.cmake
[0.075s] -- Up-to-date symlink: /home/glist/buddy/install/yolov8_bringup/share/yolov8_bringup/cmake/yolov8_bringupConfig-version.cmake
[0.075s] -- Up-to-date symlink: /home/glist/buddy/install/yolov8_bringup/share/yolov8_bringup/package.xml
[0.078s] Invoked command in '/home/glist/buddy/build/yolov8_bringup' returned '0': AMENT_PREFIX_PATH=/home/glist/buddy/install/yolov8_ros:/home/glist/buddy/install/yolov8_msgs:${AMENT_PREFIX_PATH} CMAKE_PREFIX_PATH=/home/glist/buddy/install/yolov8_msgs:/opt/ros/humble LD_LIBRARY_PATH=/home/glist/buddy/install/yolov8_msgs/lib:${LD_LIBRARY_PATH} PYTHONPATH=/home/glist/buddy/build/yolov8_ros:/home/glist/buddy/install/yolov8_ros/lib/python3.10/site-packages:/home/glist/buddy/install/yolov8_msgs/local/lib/python3.10/dist-packages:${PYTHONPATH} /usr/bin/cmake --install /home/glist/buddy/build/yolov8_bringup
