[0.734s] Invoking command in '/home/glist/buddy/build/opencv_tools': PYTHONPATH=/home/glist/buddy/build/opencv_tools/prefix_override:/usr/lib/python3/dist-packages/colcon_core/task/python/colcon_distutils_commands:/home/glist/buddy/install/opencv_tools/lib/python3.10/site-packages:${PYTHONPATH} /usr/bin/python3 -W ignore:setup.py install is deprecated -W ignore:easy_install command is deprecated setup.py develop --editable --build-directory /home/glist/buddy/build/opencv_tools/build --no-deps symlink_data
[0.944s] running develop
[1.081s] running egg_info
[1.081s] creating opencv_tools.egg-info
[1.081s] writing opencv_tools.egg-info/PKG-INFO
[1.081s] writing dependency_links to opencv_tools.egg-info/dependency_links.txt
[1.081s] writing entry points to opencv_tools.egg-info/entry_points.txt
[1.081s] writing requirements to opencv_tools.egg-info/requires.txt
[1.081s] writing top-level names to opencv_tools.egg-info/top_level.txt
[1.081s] writing manifest file 'opencv_tools.egg-info/SOURCES.txt'
[1.083s] reading manifest file 'opencv_tools.egg-info/SOURCES.txt'
[1.083s] writing manifest file 'opencv_tools.egg-info/SOURCES.txt'
[1.085s] running build_ext
[1.085s] Creating /home/glist/buddy/install/opencv_tools/lib/python3.10/site-packages/opencv-tools.egg-link (link to .)
[1.085s] Installing image_saver script to /home/glist/buddy/install/opencv_tools/lib/opencv_tools
[1.086s] Installing publisherHumanVIDEO script to /home/glist/buddy/install/opencv_tools/lib/opencv_tools
[1.086s] Installing publisherTomatoVIDEO script to /home/glist/buddy/install/opencv_tools/lib/opencv_tools
[1.086s] Installing subscribeHumanVIDEO script to /home/glist/buddy/install/opencv_tools/lib/opencv_tools
[1.086s] Installing subscribeTomatoVIDEO script to /home/glist/buddy/install/opencv_tools/lib/opencv_tools
[1.086s] 
[1.086s] Installed /home/glist/buddy/build/opencv_tools
[1.086s] running symlink_data
[1.086s] creating /home/glist/buddy/install/opencv_tools/share/ament_index
[1.086s] creating /home/glist/buddy/install/opencv_tools/share/ament_index/resource_index
[1.086s] creating /home/glist/buddy/install/opencv_tools/share/ament_index/resource_index/packages
[1.086s] symbolically linking /home/glist/buddy/build/opencv_tools/resource/opencv_tools -> /home/glist/buddy/install/opencv_tools/share/ament_index/resource_index/packages
[1.086s] symbolically linking /home/glist/buddy/build/opencv_tools/package.xml -> /home/glist/buddy/install/opencv_tools/share/opencv_tools
[1.086s] creating /home/glist/buddy/install/opencv_tools/share/opencv_tools/launch
[1.086s] symbolically linking /home/glist/buddy/build/opencv_tools/launch/person.launch.py -> /home/glist/buddy/install/opencv_tools/share/opencv_tools/launch/
[1.087s] symbolically linking /home/glist/buddy/build/opencv_tools/launch/food.launch.py -> /home/glist/buddy/install/opencv_tools/share/opencv_tools/launch/
[1.118s] Invoked command in '/home/glist/buddy/build/opencv_tools' returned '0': PYTHONPATH=/home/glist/buddy/build/opencv_tools/prefix_override:/usr/lib/python3/dist-packages/colcon_core/task/python/colcon_distutils_commands:/home/glist/buddy/install/opencv_tools/lib/python3.10/site-packages:${PYTHONPATH} /usr/bin/python3 -W ignore:setup.py install is deprecated -W ignore:easy_install command is deprecated setup.py develop --editable --build-directory /home/glist/buddy/build/opencv_tools/build --no-deps symlink_data
