[0.758s] Invoking command in '/home/glist/buddy/build/opencv_tools': PYTHONPATH=/home/glist/buddy/build/opencv_tools/prefix_override:/usr/lib/python3/dist-packages/colcon_core/task/python/colcon_distutils_commands:/home/glist/buddy/install/opencv_tools/lib/python3.10/site-packages:${PYTHONPATH} /usr/bin/python3 -W ignore:setup.py install is deprecated -W ignore:easy_install command is deprecated setup.py develop --editable --build-directory /home/glist/buddy/build/opencv_tools/build --no-deps symlink_data
[0.964s] running develop
[1.101s] running egg_info
[1.101s] writing opencv_tools.egg-info/PKG-INFO
[1.101s] writing dependency_links to opencv_tools.egg-info/dependency_links.txt
[1.102s] writing entry points to opencv_tools.egg-info/entry_points.txt
[1.102s] writing requirements to opencv_tools.egg-info/requires.txt
[1.102s] writing top-level names to opencv_tools.egg-info/top_level.txt
[1.103s] reading manifest file 'opencv_tools.egg-info/SOURCES.txt'
[1.104s] writing manifest file 'opencv_tools.egg-info/SOURCES.txt'
[1.105s] running build_ext
[1.105s] Creating /home/glist/buddy/install/opencv_tools/lib/python3.10/site-packages/opencv-tools.egg-link (link to .)
[1.106s] Installing image_saver script to /home/glist/buddy/install/opencv_tools/lib/opencv_tools
[1.106s] Installing publisherHumanVIDEO script to /home/glist/buddy/install/opencv_tools/lib/opencv_tools
[1.106s] Installing publisherTomatoVIDEO script to /home/glist/buddy/install/opencv_tools/lib/opencv_tools
[1.106s] Installing subscribeHumanVIDEO script to /home/glist/buddy/install/opencv_tools/lib/opencv_tools
[1.106s] Installing subscribeTomatoVIDEO script to /home/glist/buddy/install/opencv_tools/lib/opencv_tools
[1.107s] 
[1.107s] Installed /home/glist/buddy/build/opencv_tools
[1.107s] running symlink_data
[1.138s] Invoked command in '/home/glist/buddy/build/opencv_tools' returned '0': PYTHONPATH=/home/glist/buddy/build/opencv_tools/prefix_override:/usr/lib/python3/dist-packages/colcon_core/task/python/colcon_distutils_commands:/home/glist/buddy/install/opencv_tools/lib/python3.10/site-packages:${PYTHONPATH} /usr/bin/python3 -W ignore:setup.py install is deprecated -W ignore:easy_install command is deprecated setup.py develop --editable --build-directory /home/glist/buddy/build/opencv_tools/build --no-deps symlink_data
