[0.196s] DEBUG:colcon:Command line arguments: ['/usr/bin/colcon', 'build', '--symlink-install']
[0.196s] DEBUG:colcon:Parsed command line arguments: Namespace(log_base=None, log_level=None, verb_name='build', build_base='build', install_base='install', merge_install=False, symlink_install=True, test_result_base=None, continue_on_error=False, executor='parallel', parallel_workers=16, event_handlers=None, ignore_user_meta=False, metas=['./colcon.meta'], base_paths=['.'], packages_ignore=None, packages_ignore_regex=None, paths=None, packages_up_to=None, packages_up_to_regex=None, packages_above=None, packages_above_and_dependencies=None, packages_above_depth=None, packages_select_by_dep=None, packages_skip_by_dep=None, packages_skip_up_to=None, packages_select_build_failed=False, packages_skip_build_finished=False, packages_select_test_failures=False, packages_skip_test_passed=False, packages_select=None, packages_skip=None, packages_select_regex=None, packages_skip_regex=None, packages_start=None, packages_end=None, allow_overriding=[], cmake_args=None, cmake_target=None, cmake_target_skip_unavailable=False, cmake_clean_cache=False, cmake_clean_first=False, cmake_force_configure=False, ament_cmake_args=None, catkin_cmake_args=None, catkin_skip_building_tests=False, mixin_files=None, mixin=None, verb_parser=<colcon_mixin.mixin.mixin_argument.MixinArgumentDecorator object at 0x7e6a8c2373a0>, verb_extension=<colcon_core.verb.build.BuildVerb object at 0x7e6a8c236dd0>, main=<bound method BuildVerb.main of <colcon_core.verb.build.BuildVerb object at 0x7e6a8c236dd0>>, mixin_verb=('build',))
[0.377s] Level 1:colcon.colcon_core.package_discovery:discover_packages(colcon_meta) check parameters
[0.377s] Level 1:colcon.colcon_core.package_discovery:discover_packages(recursive) check parameters
[0.377s] Level 1:colcon.colcon_core.package_discovery:discover_packages(ignore) check parameters
[0.377s] Level 1:colcon.colcon_core.package_discovery:discover_packages(path) check parameters
[0.377s] Level 1:colcon.colcon_core.package_discovery:discover_packages(colcon_meta) discover
[0.377s] Level 1:colcon.colcon_core.package_discovery:discover_packages(recursive) discover
[0.377s] INFO:colcon.colcon_core.package_discovery:Crawling recursively for packages in '/home/glist/buddy'
[0.377s] Level 1:colcon.colcon_core.package_identification:_identify(.) by extensions ['ignore', 'ignore_ament_install']
[0.377s] Level 1:colcon.colcon_core.package_identification:_identify(.) by extension 'ignore'
[0.377s] Level 1:colcon.colcon_core.package_identification:_identify(.) by extension 'ignore_ament_install'
[0.377s] Level 1:colcon.colcon_core.package_identification:_identify(.) by extensions ['colcon_pkg']
[0.377s] Level 1:colcon.colcon_core.package_identification:_identify(.) by extension 'colcon_pkg'
[0.377s] Level 1:colcon.colcon_core.package_identification:_identify(.) by extensions ['colcon_meta']
[0.378s] Level 1:colcon.colcon_core.package_identification:_identify(.) by extension 'colcon_meta'
[0.378s] Level 1:colcon.colcon_core.package_identification:_identify(.) by extensions ['ros']
[0.378s] Level 1:colcon.colcon_core.package_identification:_identify(.) by extension 'ros'
[0.386s] Level 1:colcon.colcon_core.package_identification:_identify(.) by extensions ['cmake', 'python']
[0.386s] Level 1:colcon.colcon_core.package_identification:_identify(.) by extension 'cmake'
[0.386s] Level 1:colcon.colcon_core.package_identification:_identify(.) by extension 'python'
[0.386s] Level 1:colcon.colcon_core.package_identification:_identify(.) by extensions ['python_setup_py']
[0.386s] Level 1:colcon.colcon_core.package_identification:_identify(.) by extension 'python_setup_py'
[0.386s] Level 1:colcon.colcon_core.package_identification:_identify(build) by extensions ['ignore', 'ignore_ament_install']
[0.386s] Level 1:colcon.colcon_core.package_identification:_identify(build) by extension 'ignore'
[0.386s] Level 1:colcon.colcon_core.package_identification:_identify(build) ignored
[0.386s] Level 1:colcon.colcon_core.package_identification:_identify(install) by extensions ['ignore', 'ignore_ament_install']
[0.386s] Level 1:colcon.colcon_core.package_identification:_identify(install) by extension 'ignore'
[0.386s] Level 1:colcon.colcon_core.package_identification:_identify(install) ignored
[0.386s] Level 1:colcon.colcon_core.package_identification:_identify(log) by extensions ['ignore', 'ignore_ament_install']
[0.386s] Level 1:colcon.colcon_core.package_identification:_identify(log) by extension 'ignore'
[0.386s] Level 1:colcon.colcon_core.package_identification:_identify(log) ignored
[0.387s] Level 1:colcon.colcon_core.package_identification:_identify(src) by extensions ['ignore', 'ignore_ament_install']
[0.387s] Level 1:colcon.colcon_core.package_identification:_identify(src) by extension 'ignore'
[0.387s] Level 1:colcon.colcon_core.package_identification:_identify(src) by extension 'ignore_ament_install'
[0.387s] Level 1:colcon.colcon_core.package_identification:_identify(src) by extensions ['colcon_pkg']
[0.387s] Level 1:colcon.colcon_core.package_identification:_identify(src) by extension 'colcon_pkg'
[0.387s] Level 1:colcon.colcon_core.package_identification:_identify(src) by extensions ['colcon_meta']
[0.387s] Level 1:colcon.colcon_core.package_identification:_identify(src) by extension 'colcon_meta'
[0.387s] Level 1:colcon.colcon_core.package_identification:_identify(src) by extensions ['ros']
[0.387s] Level 1:colcon.colcon_core.package_identification:_identify(src) by extension 'ros'
[0.387s] Level 1:colcon.colcon_core.package_identification:_identify(src) by extensions ['cmake', 'python']
[0.387s] Level 1:colcon.colcon_core.package_identification:_identify(src) by extension 'cmake'
[0.387s] Level 1:colcon.colcon_core.package_identification:_identify(src) by extension 'python'
[0.387s] Level 1:colcon.colcon_core.package_identification:_identify(src) by extensions ['python_setup_py']
[0.387s] Level 1:colcon.colcon_core.package_identification:_identify(src) by extension 'python_setup_py'
[0.387s] Level 1:colcon.colcon_core.package_identification:_identify(src/hoverboard-driver) by extensions ['ignore', 'ignore_ament_install']
[0.387s] Level 1:colcon.colcon_core.package_identification:_identify(src/hoverboard-driver) by extension 'ignore'
[0.387s] Level 1:colcon.colcon_core.package_identification:_identify(src/hoverboard-driver) by extension 'ignore_ament_install'
[0.387s] Level 1:colcon.colcon_core.package_identification:_identify(src/hoverboard-driver) by extensions ['colcon_pkg']
[0.387s] Level 1:colcon.colcon_core.package_identification:_identify(src/hoverboard-driver) by extension 'colcon_pkg'
[0.387s] Level 1:colcon.colcon_core.package_identification:_identify(src/hoverboard-driver) by extensions ['colcon_meta']
[0.387s] Level 1:colcon.colcon_core.package_identification:_identify(src/hoverboard-driver) by extension 'colcon_meta'
[0.387s] Level 1:colcon.colcon_core.package_identification:_identify(src/hoverboard-driver) by extensions ['ros']
[0.387s] Level 1:colcon.colcon_core.package_identification:_identify(src/hoverboard-driver) by extension 'ros'
[0.390s] DEBUG:colcon.colcon_core.package_identification:Package 'src/hoverboard-driver' with type 'ros.ament_cmake' and name 'hoverboard_driver'
[0.390s] Level 1:colcon.colcon_core.package_identification:_identify(src/opencv_tools) by extensions ['ignore', 'ignore_ament_install']
[0.390s] Level 1:colcon.colcon_core.package_identification:_identify(src/opencv_tools) by extension 'ignore'
[0.390s] Level 1:colcon.colcon_core.package_identification:_identify(src/opencv_tools) by extension 'ignore_ament_install'
[0.390s] Level 1:colcon.colcon_core.package_identification:_identify(src/opencv_tools) by extensions ['colcon_pkg']
[0.390s] Level 1:colcon.colcon_core.package_identification:_identify(src/opencv_tools) by extension 'colcon_pkg'
[0.390s] Level 1:colcon.colcon_core.package_identification:_identify(src/opencv_tools) by extensions ['colcon_meta']
[0.390s] Level 1:colcon.colcon_core.package_identification:_identify(src/opencv_tools) by extension 'colcon_meta'
[0.390s] Level 1:colcon.colcon_core.package_identification:_identify(src/opencv_tools) by extensions ['ros']
[0.390s] Level 1:colcon.colcon_core.package_identification:_identify(src/opencv_tools) by extension 'ros'
[0.391s] DEBUG:colcon.colcon_core.package_identification:Package 'src/opencv_tools' with type 'ros.ament_python' and name 'opencv_tools'
[0.391s] Level 1:colcon.colcon_core.package_identification:_identify(src/robo_navegacao) by extensions ['ignore', 'ignore_ament_install']
[0.391s] Level 1:colcon.colcon_core.package_identification:_identify(src/robo_navegacao) by extension 'ignore'
[0.391s] Level 1:colcon.colcon_core.package_identification:_identify(src/robo_navegacao) by extension 'ignore_ament_install'
[0.391s] Level 1:colcon.colcon_core.package_identification:_identify(src/robo_navegacao) by extensions ['colcon_pkg']
[0.392s] Level 1:colcon.colcon_core.package_identification:_identify(src/robo_navegacao) by extension 'colcon_pkg'
[0.392s] Level 1:colcon.colcon_core.package_identification:_identify(src/robo_navegacao) by extensions ['colcon_meta']
[0.392s] Level 1:colcon.colcon_core.package_identification:_identify(src/robo_navegacao) by extension 'colcon_meta'
[0.392s] Level 1:colcon.colcon_core.package_identification:_identify(src/robo_navegacao) by extensions ['ros']
[0.392s] Level 1:colcon.colcon_core.package_identification:_identify(src/robo_navegacao) by extension 'ros'
[0.392s] DEBUG:colcon.colcon_core.package_identification:Package 'src/robo_navegacao' with type 'ros.ament_python' and name 'robo_navegacao'
[0.392s] Level 1:colcon.colcon_core.package_identification:_identify(src/rplidar_ros) by extensions ['ignore', 'ignore_ament_install']
[0.392s] Level 1:colcon.colcon_core.package_identification:_identify(src/rplidar_ros) by extension 'ignore'
[0.392s] Level 1:colcon.colcon_core.package_identification:_identify(src/rplidar_ros) by extension 'ignore_ament_install'
[0.392s] Level 1:colcon.colcon_core.package_identification:_identify(src/rplidar_ros) by extensions ['colcon_pkg']
[0.392s] Level 1:colcon.colcon_core.package_identification:_identify(src/rplidar_ros) by extension 'colcon_pkg'
[0.392s] Level 1:colcon.colcon_core.package_identification:_identify(src/rplidar_ros) by extensions ['colcon_meta']
[0.392s] Level 1:colcon.colcon_core.package_identification:_identify(src/rplidar_ros) by extension 'colcon_meta'
[0.392s] Level 1:colcon.colcon_core.package_identification:_identify(src/rplidar_ros) by extensions ['ros']
[0.392s] Level 1:colcon.colcon_core.package_identification:_identify(src/rplidar_ros) by extension 'ros'
[0.393s] DEBUG:colcon.colcon_core.package_identification:Package 'src/rplidar_ros' with type 'ros.ament_cmake' and name 'rplidar_ros'
[0.393s] Level 1:colcon.colcon_core.package_identification:_identify(src/yolov8_bringup) by extensions ['ignore', 'ignore_ament_install']
[0.393s] Level 1:colcon.colcon_core.package_identification:_identify(src/yolov8_bringup) by extension 'ignore'
[0.393s] Level 1:colcon.colcon_core.package_identification:_identify(src/yolov8_bringup) by extension 'ignore_ament_install'
[0.393s] Level 1:colcon.colcon_core.package_identification:_identify(src/yolov8_bringup) by extensions ['colcon_pkg']
[0.393s] Level 1:colcon.colcon_core.package_identification:_identify(src/yolov8_bringup) by extension 'colcon_pkg'
[0.393s] Level 1:colcon.colcon_core.package_identification:_identify(src/yolov8_bringup) by extensions ['colcon_meta']
[0.393s] Level 1:colcon.colcon_core.package_identification:_identify(src/yolov8_bringup) by extension 'colcon_meta'
[0.393s] Level 1:colcon.colcon_core.package_identification:_identify(src/yolov8_bringup) by extensions ['ros']
[0.393s] Level 1:colcon.colcon_core.package_identification:_identify(src/yolov8_bringup) by extension 'ros'
[0.394s] DEBUG:colcon.colcon_core.package_identification:Package 'src/yolov8_bringup' with type 'ros.ament_cmake' and name 'yolov8_bringup'
[0.394s] Level 1:colcon.colcon_core.package_identification:_identify(src/yolov8_msgs) by extensions ['ignore', 'ignore_ament_install']
[0.394s] Level 1:colcon.colcon_core.package_identification:_identify(src/yolov8_msgs) by extension 'ignore'
[0.394s] Level 1:colcon.colcon_core.package_identification:_identify(src/yolov8_msgs) by extension 'ignore_ament_install'
[0.394s] Level 1:colcon.colcon_core.package_identification:_identify(src/yolov8_msgs) by extensions ['colcon_pkg']
[0.394s] Level 1:colcon.colcon_core.package_identification:_identify(src/yolov8_msgs) by extension 'colcon_pkg'
[0.394s] Level 1:colcon.colcon_core.package_identification:_identify(src/yolov8_msgs) by extensions ['colcon_meta']
[0.394s] Level 1:colcon.colcon_core.package_identification:_identify(src/yolov8_msgs) by extension 'colcon_meta'
[0.394s] Level 1:colcon.colcon_core.package_identification:_identify(src/yolov8_msgs) by extensions ['ros']
[0.394s] Level 1:colcon.colcon_core.package_identification:_identify(src/yolov8_msgs) by extension 'ros'
[0.395s] DEBUG:colcon.colcon_core.package_identification:Package 'src/yolov8_msgs' with type 'ros.ament_cmake' and name 'yolov8_msgs'
[0.395s] Level 1:colcon.colcon_core.package_identification:_identify(src/yolov8_ros) by extensions ['ignore', 'ignore_ament_install']
[0.395s] Level 1:colcon.colcon_core.package_identification:_identify(src/yolov8_ros) by extension 'ignore'
[0.395s] Level 1:colcon.colcon_core.package_identification:_identify(src/yolov8_ros) by extension 'ignore_ament_install'
[0.395s] Level 1:colcon.colcon_core.package_identification:_identify(src/yolov8_ros) by extensions ['colcon_pkg']
[0.395s] Level 1:colcon.colcon_core.package_identification:_identify(src/yolov8_ros) by extension 'colcon_pkg'
[0.395s] Level 1:colcon.colcon_core.package_identification:_identify(src/yolov8_ros) by extensions ['colcon_meta']
[0.395s] Level 1:colcon.colcon_core.package_identification:_identify(src/yolov8_ros) by extension 'colcon_meta'
[0.395s] Level 1:colcon.colcon_core.package_identification:_identify(src/yolov8_ros) by extensions ['ros']
[0.395s] Level 1:colcon.colcon_core.package_identification:_identify(src/yolov8_ros) by extension 'ros'
[0.396s] DEBUG:colcon.colcon_core.package_identification:Package 'src/yolov8_ros' with type 'ros.ament_python' and name 'yolov8_ros'
[0.396s] Level 1:colcon.colcon_core.package_discovery:discover_packages(recursive) using defaults
[0.396s] Level 1:colcon.colcon_core.package_discovery:discover_packages(ignore) discover
[0.396s] Level 1:colcon.colcon_core.package_discovery:discover_packages(ignore) using defaults
[0.396s] Level 1:colcon.colcon_core.package_discovery:discover_packages(path) discover
[0.396s] Level 1:colcon.colcon_core.package_discovery:discover_packages(path) using defaults
[0.423s] Level 1:colcon.colcon_core.package_discovery:discover_packages(prefix_path) check parameters
[0.423s] Level 1:colcon.colcon_core.package_discovery:discover_packages(prefix_path) discover
[0.426s] DEBUG:colcon.colcon_installed_package_information.package_discovery:Found 292 installed packages in /opt/ros/humble
[0.427s] Level 1:colcon.colcon_core.package_discovery:discover_packages(prefix_path) using defaults
[0.454s] Level 5:colcon.colcon_core.verb:set package 'hoverboard_driver' build argument 'cmake_args' from command line to 'None'
[0.454s] Level 5:colcon.colcon_core.verb:set package 'hoverboard_driver' build argument 'cmake_target' from command line to 'None'
[0.454s] Level 5:colcon.colcon_core.verb:set package 'hoverboard_driver' build argument 'cmake_target_skip_unavailable' from command line to 'False'
[0.454s] Level 5:colcon.colcon_core.verb:set package 'hoverboard_driver' build argument 'cmake_clean_cache' from command line to 'False'
[0.455s] Level 5:colcon.colcon_core.verb:set package 'hoverboard_driver' build argument 'cmake_clean_first' from command line to 'False'
[0.455s] Level 5:colcon.colcon_core.verb:set package 'hoverboard_driver' build argument 'cmake_force_configure' from command line to 'False'
[0.455s] Level 5:colcon.colcon_core.verb:set package 'hoverboard_driver' build argument 'ament_cmake_args' from command line to 'None'
[0.455s] Level 5:colcon.colcon_core.verb:set package 'hoverboard_driver' build argument 'catkin_cmake_args' from command line to 'None'
[0.455s] Level 5:colcon.colcon_core.verb:set package 'hoverboard_driver' build argument 'catkin_skip_building_tests' from command line to 'False'
[0.455s] DEBUG:colcon.colcon_core.verb:Building package 'hoverboard_driver' with the following arguments: {'ament_cmake_args': None, 'build_base': '/home/glist/buddy/build/hoverboard_driver', 'catkin_cmake_args': None, 'catkin_skip_building_tests': False, 'cmake_args': None, 'cmake_clean_cache': False, 'cmake_clean_first': False, 'cmake_force_configure': False, 'cmake_target': None, 'cmake_target_skip_unavailable': False, 'install_base': '/home/glist/buddy/install/hoverboard_driver', 'merge_install': False, 'path': '/home/glist/buddy/src/hoverboard-driver', 'symlink_install': True, 'test_result_base': None}
[0.455s] Level 5:colcon.colcon_core.verb:set package 'opencv_tools' build argument 'cmake_args' from command line to 'None'
[0.455s] Level 5:colcon.colcon_core.verb:set package 'opencv_tools' build argument 'cmake_target' from command line to 'None'
[0.455s] Level 5:colcon.colcon_core.verb:set package 'opencv_tools' build argument 'cmake_target_skip_unavailable' from command line to 'False'
[0.455s] Level 5:colcon.colcon_core.verb:set package 'opencv_tools' build argument 'cmake_clean_cache' from command line to 'False'
[0.455s] Level 5:colcon.colcon_core.verb:set package 'opencv_tools' build argument 'cmake_clean_first' from command line to 'False'
[0.455s] Level 5:colcon.colcon_core.verb:set package 'opencv_tools' build argument 'cmake_force_configure' from command line to 'False'
[0.455s] Level 5:colcon.colcon_core.verb:set package 'opencv_tools' build argument 'ament_cmake_args' from command line to 'None'
[0.455s] Level 5:colcon.colcon_core.verb:set package 'opencv_tools' build argument 'catkin_cmake_args' from command line to 'None'
[0.455s] Level 5:colcon.colcon_core.verb:set package 'opencv_tools' build argument 'catkin_skip_building_tests' from command line to 'False'
[0.455s] DEBUG:colcon.colcon_core.verb:Building package 'opencv_tools' with the following arguments: {'ament_cmake_args': None, 'build_base': '/home/glist/buddy/build/opencv_tools', 'catkin_cmake_args': None, 'catkin_skip_building_tests': False, 'cmake_args': None, 'cmake_clean_cache': False, 'cmake_clean_first': False, 'cmake_force_configure': False, 'cmake_target': None, 'cmake_target_skip_unavailable': False, 'install_base': '/home/glist/buddy/install/opencv_tools', 'merge_install': False, 'path': '/home/glist/buddy/src/opencv_tools', 'symlink_install': True, 'test_result_base': None}
[0.455s] Level 5:colcon.colcon_core.verb:set package 'robo_navegacao' build argument 'cmake_args' from command line to 'None'
[0.455s] Level 5:colcon.colcon_core.verb:set package 'robo_navegacao' build argument 'cmake_target' from command line to 'None'
[0.455s] Level 5:colcon.colcon_core.verb:set package 'robo_navegacao' build argument 'cmake_target_skip_unavailable' from command line to 'False'
[0.455s] Level 5:colcon.colcon_core.verb:set package 'robo_navegacao' build argument 'cmake_clean_cache' from command line to 'False'
[0.455s] Level 5:colcon.colcon_core.verb:set package 'robo_navegacao' build argument 'cmake_clean_first' from command line to 'False'
[0.455s] Level 5:colcon.colcon_core.verb:set package 'robo_navegacao' build argument 'cmake_force_configure' from command line to 'False'
[0.455s] Level 5:colcon.colcon_core.verb:set package 'robo_navegacao' build argument 'ament_cmake_args' from command line to 'None'
[0.455s] Level 5:colcon.colcon_core.verb:set package 'robo_navegacao' build argument 'catkin_cmake_args' from command line to 'None'
[0.455s] Level 5:colcon.colcon_core.verb:set package 'robo_navegacao' build argument 'catkin_skip_building_tests' from command line to 'False'
[0.455s] DEBUG:colcon.colcon_core.verb:Building package 'robo_navegacao' with the following arguments: {'ament_cmake_args': None, 'build_base': '/home/glist/buddy/build/robo_navegacao', 'catkin_cmake_args': None, 'catkin_skip_building_tests': False, 'cmake_args': None, 'cmake_clean_cache': False, 'cmake_clean_first': False, 'cmake_force_configure': False, 'cmake_target': None, 'cmake_target_skip_unavailable': False, 'install_base': '/home/glist/buddy/install/robo_navegacao', 'merge_install': False, 'path': '/home/glist/buddy/src/robo_navegacao', 'symlink_install': True, 'test_result_base': None}
[0.456s] Level 5:colcon.colcon_core.verb:set package 'rplidar_ros' build argument 'cmake_args' from command line to 'None'
[0.456s] Level 5:colcon.colcon_core.verb:set package 'rplidar_ros' build argument 'cmake_target' from command line to 'None'
[0.456s] Level 5:colcon.colcon_core.verb:set package 'rplidar_ros' build argument 'cmake_target_skip_unavailable' from command line to 'False'
[0.456s] Level 5:colcon.colcon_core.verb:set package 'rplidar_ros' build argument 'cmake_clean_cache' from command line to 'False'
[0.456s] Level 5:colcon.colcon_core.verb:set package 'rplidar_ros' build argument 'cmake_clean_first' from command line to 'False'
[0.456s] Level 5:colcon.colcon_core.verb:set package 'rplidar_ros' build argument 'cmake_force_configure' from command line to 'False'
[0.456s] Level 5:colcon.colcon_core.verb:set package 'rplidar_ros' build argument 'ament_cmake_args' from command line to 'None'
[0.456s] Level 5:colcon.colcon_core.verb:set package 'rplidar_ros' build argument 'catkin_cmake_args' from command line to 'None'
[0.456s] Level 5:colcon.colcon_core.verb:set package 'rplidar_ros' build argument 'catkin_skip_building_tests' from command line to 'False'
[0.456s] DEBUG:colcon.colcon_core.verb:Building package 'rplidar_ros' with the following arguments: {'ament_cmake_args': None, 'build_base': '/home/glist/buddy/build/rplidar_ros', 'catkin_cmake_args': None, 'catkin_skip_building_tests': False, 'cmake_args': None, 'cmake_clean_cache': False, 'cmake_clean_first': False, 'cmake_force_configure': False, 'cmake_target': None, 'cmake_target_skip_unavailable': False, 'install_base': '/home/glist/buddy/install/rplidar_ros', 'merge_install': False, 'path': '/home/glist/buddy/src/rplidar_ros', 'symlink_install': True, 'test_result_base': None}
[0.456s] Level 5:colcon.colcon_core.verb:set package 'yolov8_msgs' build argument 'cmake_args' from command line to 'None'
[0.456s] Level 5:colcon.colcon_core.verb:set package 'yolov8_msgs' build argument 'cmake_target' from command line to 'None'
[0.456s] Level 5:colcon.colcon_core.verb:set package 'yolov8_msgs' build argument 'cmake_target_skip_unavailable' from command line to 'False'
[0.456s] Level 5:colcon.colcon_core.verb:set package 'yolov8_msgs' build argument 'cmake_clean_cache' from command line to 'False'
[0.456s] Level 5:colcon.colcon_core.verb:set package 'yolov8_msgs' build argument 'cmake_clean_first' from command line to 'False'
[0.456s] Level 5:colcon.colcon_core.verb:set package 'yolov8_msgs' build argument 'cmake_force_configure' from command line to 'False'
[0.456s] Level 5:colcon.colcon_core.verb:set package 'yolov8_msgs' build argument 'ament_cmake_args' from command line to 'None'
[0.456s] Level 5:colcon.colcon_core.verb:set package 'yolov8_msgs' build argument 'catkin_cmake_args' from command line to 'None'
[0.456s] Level 5:colcon.colcon_core.verb:set package 'yolov8_msgs' build argument 'catkin_skip_building_tests' from command line to 'False'
[0.456s] DEBUG:colcon.colcon_core.verb:Building package 'yolov8_msgs' with the following arguments: {'ament_cmake_args': None, 'build_base': '/home/glist/buddy/build/yolov8_msgs', 'catkin_cmake_args': None, 'catkin_skip_building_tests': False, 'cmake_args': None, 'cmake_clean_cache': False, 'cmake_clean_first': False, 'cmake_force_configure': False, 'cmake_target': None, 'cmake_target_skip_unavailable': False, 'install_base': '/home/glist/buddy/install/yolov8_msgs', 'merge_install': False, 'path': '/home/glist/buddy/src/yolov8_msgs', 'symlink_install': True, 'test_result_base': None}
[0.456s] Level 5:colcon.colcon_core.verb:set package 'yolov8_ros' build argument 'cmake_args' from command line to 'None'
[0.456s] Level 5:colcon.colcon_core.verb:set package 'yolov8_ros' build argument 'cmake_target' from command line to 'None'
[0.456s] Level 5:colcon.colcon_core.verb:set package 'yolov8_ros' build argument 'cmake_target_skip_unavailable' from command line to 'False'
[0.456s] Level 5:colcon.colcon_core.verb:set package 'yolov8_ros' build argument 'cmake_clean_cache' from command line to 'False'
[0.456s] Level 5:colcon.colcon_core.verb:set package 'yolov8_ros' build argument 'cmake_clean_first' from command line to 'False'
[0.456s] Level 5:colcon.colcon_core.verb:set package 'yolov8_ros' build argument 'cmake_force_configure' from command line to 'False'
[0.456s] Level 5:colcon.colcon_core.verb:set package 'yolov8_ros' build argument 'ament_cmake_args' from command line to 'None'
[0.456s] Level 5:colcon.colcon_core.verb:set package 'yolov8_ros' build argument 'catkin_cmake_args' from command line to 'None'
[0.456s] Level 5:colcon.colcon_core.verb:set package 'yolov8_ros' build argument 'catkin_skip_building_tests' from command line to 'False'
[0.456s] DEBUG:colcon.colcon_core.verb:Building package 'yolov8_ros' with the following arguments: {'ament_cmake_args': None, 'build_base': '/home/glist/buddy/build/yolov8_ros', 'catkin_cmake_args': None, 'catkin_skip_building_tests': False, 'cmake_args': None, 'cmake_clean_cache': False, 'cmake_clean_first': False, 'cmake_force_configure': False, 'cmake_target': None, 'cmake_target_skip_unavailable': False, 'install_base': '/home/glist/buddy/install/yolov8_ros', 'merge_install': False, 'path': '/home/glist/buddy/src/yolov8_ros', 'symlink_install': True, 'test_result_base': None}
[0.457s] Level 5:colcon.colcon_core.verb:set package 'yolov8_bringup' build argument 'cmake_args' from command line to 'None'
[0.457s] Level 5:colcon.colcon_core.verb:set package 'yolov8_bringup' build argument 'cmake_target' from command line to 'None'
[0.457s] Level 5:colcon.colcon_core.verb:set package 'yolov8_bringup' build argument 'cmake_target_skip_unavailable' from command line to 'False'
[0.457s] Level 5:colcon.colcon_core.verb:set package 'yolov8_bringup' build argument 'cmake_clean_cache' from command line to 'False'
[0.457s] Level 5:colcon.colcon_core.verb:set package 'yolov8_bringup' build argument 'cmake_clean_first' from command line to 'False'
[0.457s] Level 5:colcon.colcon_core.verb:set package 'yolov8_bringup' build argument 'cmake_force_configure' from command line to 'False'
[0.457s] Level 5:colcon.colcon_core.verb:set package 'yolov8_bringup' build argument 'ament_cmake_args' from command line to 'None'
[0.457s] Level 5:colcon.colcon_core.verb:set package 'yolov8_bringup' build argument 'catkin_cmake_args' from command line to 'None'
[0.457s] Level 5:colcon.colcon_core.verb:set package 'yolov8_bringup' build argument 'catkin_skip_building_tests' from command line to 'False'
[0.457s] DEBUG:colcon.colcon_core.verb:Building package 'yolov8_bringup' with the following arguments: {'ament_cmake_args': None, 'build_base': '/home/glist/buddy/build/yolov8_bringup', 'catkin_cmake_args': None, 'catkin_skip_building_tests': False, 'cmake_args': None, 'cmake_clean_cache': False, 'cmake_clean_first': False, 'cmake_force_configure': False, 'cmake_target': None, 'cmake_target_skip_unavailable': False, 'install_base': '/home/glist/buddy/install/yolov8_bringup', 'merge_install': False, 'path': '/home/glist/buddy/src/yolov8_bringup', 'symlink_install': True, 'test_result_base': None}
[0.457s] INFO:colcon.colcon_core.executor:Executing jobs using 'parallel' executor
[0.458s] DEBUG:colcon.colcon_parallel_executor.executor.parallel:run_until_complete
[0.459s] INFO:colcon.colcon_ros.task.ament_cmake.build:Building ROS package in '/home/glist/buddy/src/yolov8_msgs' with build type 'ament_cmake'
[0.459s] INFO:colcon.colcon_cmake.task.cmake.build:Building CMake package in '/home/glist/buddy/src/yolov8_msgs'
[0.462s] INFO:colcon.colcon_core.plugin_system:Skipping extension 'colcon_core.shell.bat': Not used on non-Windows systems
[0.462s] INFO:colcon.colcon_core.shell:Skip shell extension 'powershell' for command environment: Not usable outside of PowerShell
[0.462s] DEBUG:colcon.colcon_core.shell:Skip shell extension 'dsv' for command environment
[0.465s] INFO:colcon.colcon_ros.task.ament_cmake.build:Building ROS package in '/home/glist/buddy/src/hoverboard-driver' with build type 'ament_cmake'
[0.465s] INFO:colcon.colcon_cmake.task.cmake.build:Building CMake package in '/home/glist/buddy/src/hoverboard-driver'
[0.465s] INFO:colcon.colcon_core.shell:Skip shell extension 'powershell' for command environment: Not usable outside of PowerShell
[0.465s] DEBUG:colcon.colcon_core.shell:Skip shell extension 'dsv' for command environment
[0.468s] INFO:colcon.colcon_ros.task.ament_python.build:Building ROS package in '/home/glist/buddy/src/opencv_tools' with build type 'ament_python'
[0.468s] Level 1:colcon.colcon_core.shell:create_environment_hook('opencv_tools', 'ament_prefix_path')
[0.468s] INFO:colcon.colcon_core.shell:Creating environment hook '/home/glist/buddy/install/opencv_tools/share/opencv_tools/hook/ament_prefix_path.ps1'
[0.469s] INFO:colcon.colcon_core.shell:Creating environment descriptor '/home/glist/buddy/install/opencv_tools/share/opencv_tools/hook/ament_prefix_path.dsv'
[0.470s] INFO:colcon.colcon_core.shell:Creating environment hook '/home/glist/buddy/install/opencv_tools/share/opencv_tools/hook/ament_prefix_path.sh'
[0.471s] INFO:colcon.colcon_core.shell:Skip shell extension 'powershell' for command environment: Not usable outside of PowerShell
[0.471s] DEBUG:colcon.colcon_core.shell:Skip shell extension 'dsv' for command environment
[0.474s] INFO:colcon.colcon_ros.task.ament_python.build:Building ROS package in '/home/glist/buddy/src/robo_navegacao' with build type 'ament_python'
[0.474s] Level 1:colcon.colcon_core.shell:create_environment_hook('robo_navegacao', 'ament_prefix_path')
[0.474s] INFO:colcon.colcon_core.shell:Creating environment hook '/home/glist/buddy/install/robo_navegacao/share/robo_navegacao/hook/ament_prefix_path.ps1'
[0.475s] INFO:colcon.colcon_core.shell:Creating environment descriptor '/home/glist/buddy/install/robo_navegacao/share/robo_navegacao/hook/ament_prefix_path.dsv'
[0.476s] INFO:colcon.colcon_core.shell:Creating environment hook '/home/glist/buddy/install/robo_navegacao/share/robo_navegacao/hook/ament_prefix_path.sh'
[0.476s] INFO:colcon.colcon_core.shell:Skip shell extension 'powershell' for command environment: Not usable outside of PowerShell
[0.476s] DEBUG:colcon.colcon_core.shell:Skip shell extension 'dsv' for command environment
[0.479s] INFO:colcon.colcon_ros.task.ament_cmake.build:Building ROS package in '/home/glist/buddy/src/rplidar_ros' with build type 'ament_cmake'
[0.479s] INFO:colcon.colcon_cmake.task.cmake.build:Building CMake package in '/home/glist/buddy/src/rplidar_ros'
[0.479s] INFO:colcon.colcon_core.shell:Skip shell extension 'powershell' for command environment: Not usable outside of PowerShell
[0.479s] DEBUG:colcon.colcon_core.shell:Skip shell extension 'dsv' for command environment
[0.485s] DEBUG:colcon.colcon_core.event_handler.log_command:Invoking command in '/home/glist/buddy/build/yolov8_msgs': CMAKE_PREFIX_PATH=/opt/ros/humble /usr/bin/cmake --build /home/glist/buddy/build/yolov8_msgs -- -j16 -l16
[0.490s] DEBUG:colcon.colcon_core.event_handler.log_command:Invoking command in '/home/glist/buddy/build/hoverboard_driver': CMAKE_PREFIX_PATH=/opt/ros/humble /usr/bin/cmake --build /home/glist/buddy/build/hoverboard_driver -- -j16 -l16
[0.693s] INFO:colcon.colcon_core.task.python.build:Building Python package in '/home/glist/buddy/src/opencv_tools'
[0.693s] INFO:colcon.colcon_core.shell:Skip shell extension 'powershell' for command environment: Not usable outside of PowerShell
[0.693s] DEBUG:colcon.colcon_core.shell:Skip shell extension 'dsv' for command environment
[0.888s] INFO:colcon.colcon_core.task.python.build:Building Python package in '/home/glist/buddy/src/robo_navegacao'
[0.889s] INFO:colcon.colcon_core.shell:Skip shell extension 'powershell' for command environment: Not usable outside of PowerShell
[0.889s] DEBUG:colcon.colcon_core.shell:Skip shell extension 'dsv' for command environment
[0.894s] DEBUG:colcon.colcon_core.event_handler.log_command:Invoked command in '/home/glist/buddy/build/hoverboard_driver' returned '0': CMAKE_PREFIX_PATH=/opt/ros/humble /usr/bin/cmake --build /home/glist/buddy/build/hoverboard_driver -- -j16 -l16
[0.903s] DEBUG:colcon.colcon_core.event_handler.log_command:Invoking command in '/home/glist/buddy/build/hoverboard_driver': CMAKE_PREFIX_PATH=/opt/ros/humble /usr/bin/cmake --install /home/glist/buddy/build/hoverboard_driver
[0.904s] DEBUG:colcon.colcon_core.event_handler.log_command:Invoked command in '/home/glist/buddy/build/yolov8_msgs' returned '0': CMAKE_PREFIX_PATH=/opt/ros/humble /usr/bin/cmake --build /home/glist/buddy/build/yolov8_msgs -- -j16 -l16
[0.905s] DEBUG:colcon.colcon_core.event_handler.log_command:Invoking command in '/home/glist/buddy/build/yolov8_msgs': CMAKE_PREFIX_PATH=/opt/ros/humble /usr/bin/cmake --install /home/glist/buddy/build/yolov8_msgs
[0.908s] DEBUG:colcon.colcon_core.event_handler.log_command:Invoking command in '/home/glist/buddy/build/rplidar_ros': CMAKE_PREFIX_PATH=/opt/ros/humble /usr/bin/cmake --build /home/glist/buddy/build/rplidar_ros -- -j16 -l16
[0.933s] Level 1:colcon.colcon_core.environment:create_environment_scripts_only(hoverboard_driver)
[0.934s] DEBUG:colcon.colcon_core.event_handler.log_command:Invoked command in '/home/glist/buddy/build/hoverboard_driver' returned '0': CMAKE_PREFIX_PATH=/opt/ros/humble /usr/bin/cmake --install /home/glist/buddy/build/hoverboard_driver
[0.940s] Level 1:colcon.colcon_core.environment:checking '/home/glist/buddy/install/hoverboard_driver' for CMake module files
[0.941s] Level 1:colcon.colcon_core.environment:checking '/home/glist/buddy/install/hoverboard_driver' for CMake config files
[0.942s] Level 1:colcon.colcon_core.shell:create_environment_hook('hoverboard_driver', 'cmake_prefix_path')
[0.943s] INFO:colcon.colcon_core.shell:Creating environment hook '/home/glist/buddy/install/hoverboard_driver/share/hoverboard_driver/hook/cmake_prefix_path.ps1'
[0.943s] INFO:colcon.colcon_core.shell:Creating environment descriptor '/home/glist/buddy/install/hoverboard_driver/share/hoverboard_driver/hook/cmake_prefix_path.dsv'
[0.944s] INFO:colcon.colcon_core.shell:Creating environment hook '/home/glist/buddy/install/hoverboard_driver/share/hoverboard_driver/hook/cmake_prefix_path.sh'
[0.944s] Level 1:colcon.colcon_core.environment:checking '/home/glist/buddy/install/hoverboard_driver/lib'
[0.945s] Level 1:colcon.colcon_core.shell:create_environment_hook('hoverboard_driver', 'ld_library_path_lib')
[0.945s] INFO:colcon.colcon_core.shell:Creating environment hook '/home/glist/buddy/install/hoverboard_driver/share/hoverboard_driver/hook/ld_library_path_lib.ps1'
[0.945s] INFO:colcon.colcon_core.shell:Creating environment descriptor '/home/glist/buddy/install/hoverboard_driver/share/hoverboard_driver/hook/ld_library_path_lib.dsv'
[0.946s] INFO:colcon.colcon_core.shell:Creating environment hook '/home/glist/buddy/install/hoverboard_driver/share/hoverboard_driver/hook/ld_library_path_lib.sh'
[0.946s] Level 1:colcon.colcon_core.environment:checking '/home/glist/buddy/install/hoverboard_driver/bin'
[0.946s] Level 1:colcon.colcon_core.environment:checking '/home/glist/buddy/install/hoverboard_driver/lib/pkgconfig/hoverboard_driver.pc'
[0.947s] Level 1:colcon.colcon_core.environment:checking '/home/glist/buddy/install/hoverboard_driver/lib/python3.10/site-packages'
[0.947s] Level 1:colcon.colcon_core.environment:checking '/home/glist/buddy/install/hoverboard_driver/bin'
[0.947s] INFO:colcon.colcon_core.shell:Creating package script '/home/glist/buddy/install/hoverboard_driver/share/hoverboard_driver/package.ps1'
[0.948s] INFO:colcon.colcon_core.shell:Creating package descriptor '/home/glist/buddy/install/hoverboard_driver/share/hoverboard_driver/package.dsv'
[0.950s] INFO:colcon.colcon_core.shell:Creating package script '/home/glist/buddy/install/hoverboard_driver/share/hoverboard_driver/package.sh'
[0.951s] INFO:colcon.colcon_core.shell:Creating package script '/home/glist/buddy/install/hoverboard_driver/share/hoverboard_driver/package.bash'
[0.952s] INFO:colcon.colcon_core.shell:Creating package script '/home/glist/buddy/install/hoverboard_driver/share/hoverboard_driver/package.zsh'
[0.953s] Level 1:colcon.colcon_core.environment:create_file_with_runtime_dependencies(/home/glist/buddy/install/hoverboard_driver/share/colcon-core/packages/hoverboard_driver)
[0.954s] Level 1:colcon.colcon_core.environment:create_environment_scripts_only(hoverboard_driver)
[0.954s] Level 1:colcon.colcon_core.environment:checking '/home/glist/buddy/install/hoverboard_driver' for CMake module files
[0.956s] Level 1:colcon.colcon_core.environment:checking '/home/glist/buddy/install/hoverboard_driver' for CMake config files
[0.957s] Level 1:colcon.colcon_core.shell:create_environment_hook('hoverboard_driver', 'cmake_prefix_path')
[0.957s] INFO:colcon.colcon_core.shell:Creating environment hook '/home/glist/buddy/install/hoverboard_driver/share/hoverboard_driver/hook/cmake_prefix_path.ps1'
[0.958s] INFO:colcon.colcon_core.shell:Creating environment descriptor '/home/glist/buddy/install/hoverboard_driver/share/hoverboard_driver/hook/cmake_prefix_path.dsv'
[0.959s] INFO:colcon.colcon_core.shell:Creating environment hook '/home/glist/buddy/install/hoverboard_driver/share/hoverboard_driver/hook/cmake_prefix_path.sh'
[0.959s] Level 1:colcon.colcon_core.environment:checking '/home/glist/buddy/install/hoverboard_driver/lib'
[0.959s] Level 1:colcon.colcon_core.shell:create_environment_hook('hoverboard_driver', 'ld_library_path_lib')
[0.960s] INFO:colcon.colcon_core.shell:Creating environment hook '/home/glist/buddy/install/hoverboard_driver/share/hoverboard_driver/hook/ld_library_path_lib.ps1'
[0.960s] INFO:colcon.colcon_core.shell:Creating environment descriptor '/home/glist/buddy/install/hoverboard_driver/share/hoverboard_driver/hook/ld_library_path_lib.dsv'
[0.961s] INFO:colcon.colcon_core.shell:Creating environment hook '/home/glist/buddy/install/hoverboard_driver/share/hoverboard_driver/hook/ld_library_path_lib.sh'
[0.961s] Level 1:colcon.colcon_core.environment:checking '/home/glist/buddy/install/hoverboard_driver/bin'
[0.961s] Level 1:colcon.colcon_core.environment:checking '/home/glist/buddy/install/hoverboard_driver/lib/pkgconfig/hoverboard_driver.pc'
[0.962s] Level 1:colcon.colcon_core.environment:checking '/home/glist/buddy/install/hoverboard_driver/lib/python3.10/site-packages'
[0.962s] Level 1:colcon.colcon_core.environment:checking '/home/glist/buddy/install/hoverboard_driver/bin'
[0.962s] INFO:colcon.colcon_core.shell:Creating package script '/home/glist/buddy/install/hoverboard_driver/share/hoverboard_driver/package.ps1'
[0.963s] INFO:colcon.colcon_core.shell:Creating package descriptor '/home/glist/buddy/install/hoverboard_driver/share/hoverboard_driver/package.dsv'
[0.964s] INFO:colcon.colcon_core.shell:Creating package script '/home/glist/buddy/install/hoverboard_driver/share/hoverboard_driver/package.sh'
[0.964s] INFO:colcon.colcon_core.shell:Creating package script '/home/glist/buddy/install/hoverboard_driver/share/hoverboard_driver/package.bash'
[0.964s] INFO:colcon.colcon_core.shell:Creating package script '/home/glist/buddy/install/hoverboard_driver/share/hoverboard_driver/package.zsh'
[0.965s] Level 1:colcon.colcon_core.environment:create_file_with_runtime_dependencies(/home/glist/buddy/install/hoverboard_driver/share/colcon-core/packages/hoverboard_driver)
[0.979s] DEBUG:colcon.colcon_core.event_handler.log_command:Invoked command in '/home/glist/buddy/build/rplidar_ros' returned '0': CMAKE_PREFIX_PATH=/opt/ros/humble /usr/bin/cmake --build /home/glist/buddy/build/rplidar_ros -- -j16 -l16
[0.982s] DEBUG:colcon.colcon_core.event_handler.log_command:Invoking command in '/home/glist/buddy/build/rplidar_ros': CMAKE_PREFIX_PATH=/opt/ros/humble /usr/bin/cmake --install /home/glist/buddy/build/rplidar_ros
[1.010s] Level 1:colcon.colcon_core.environment:create_environment_scripts_only(rplidar_ros)
[1.010s] DEBUG:colcon.colcon_core.event_handler.log_command:Invoked command in '/home/glist/buddy/build/rplidar_ros' returned '0': CMAKE_PREFIX_PATH=/opt/ros/humble /usr/bin/cmake --install /home/glist/buddy/build/rplidar_ros
[1.010s] Level 1:colcon.colcon_core.environment:checking '/home/glist/buddy/install/rplidar_ros' for CMake module files
[1.011s] Level 1:colcon.colcon_core.environment:checking '/home/glist/buddy/install/rplidar_ros' for CMake config files
[1.012s] Level 1:colcon.colcon_core.shell:create_environment_hook('rplidar_ros', 'cmake_prefix_path')
[1.012s] INFO:colcon.colcon_core.shell:Creating environment hook '/home/glist/buddy/install/rplidar_ros/share/rplidar_ros/hook/cmake_prefix_path.ps1'
[1.012s] INFO:colcon.colcon_core.shell:Creating environment descriptor '/home/glist/buddy/install/rplidar_ros/share/rplidar_ros/hook/cmake_prefix_path.dsv'
[1.013s] INFO:colcon.colcon_core.shell:Creating environment hook '/home/glist/buddy/install/rplidar_ros/share/rplidar_ros/hook/cmake_prefix_path.sh'
[1.013s] Level 1:colcon.colcon_core.environment:checking '/home/glist/buddy/install/rplidar_ros/lib'
[1.013s] Level 1:colcon.colcon_core.environment:checking '/home/glist/buddy/install/rplidar_ros/bin'
[1.013s] Level 1:colcon.colcon_core.environment:checking '/home/glist/buddy/install/rplidar_ros/lib/pkgconfig/rplidar_ros.pc'
[1.014s] Level 1:colcon.colcon_core.environment:checking '/home/glist/buddy/install/rplidar_ros/lib/python3.10/site-packages'
[1.014s] Level 1:colcon.colcon_core.environment:checking '/home/glist/buddy/install/rplidar_ros/bin'
[1.014s] INFO:colcon.colcon_core.shell:Creating package script '/home/glist/buddy/install/rplidar_ros/share/rplidar_ros/package.ps1'
[1.014s] INFO:colcon.colcon_core.shell:Creating package descriptor '/home/glist/buddy/install/rplidar_ros/share/rplidar_ros/package.dsv'
[1.015s] INFO:colcon.colcon_core.shell:Creating package script '/home/glist/buddy/install/rplidar_ros/share/rplidar_ros/package.sh'
[1.015s] INFO:colcon.colcon_core.shell:Creating package script '/home/glist/buddy/install/rplidar_ros/share/rplidar_ros/package.bash'
[1.015s] INFO:colcon.colcon_core.shell:Creating package script '/home/glist/buddy/install/rplidar_ros/share/rplidar_ros/package.zsh'
[1.015s] Level 1:colcon.colcon_core.environment:create_file_with_runtime_dependencies(/home/glist/buddy/install/rplidar_ros/share/colcon-core/packages/rplidar_ros)
[1.016s] Level 1:colcon.colcon_core.environment:create_environment_scripts_only(rplidar_ros)
[1.016s] Level 1:colcon.colcon_core.environment:checking '/home/glist/buddy/install/rplidar_ros' for CMake module files
[1.016s] Level 1:colcon.colcon_core.environment:checking '/home/glist/buddy/install/rplidar_ros' for CMake config files
[1.017s] Level 1:colcon.colcon_core.shell:create_environment_hook('rplidar_ros', 'cmake_prefix_path')
[1.017s] INFO:colcon.colcon_core.shell:Creating environment hook '/home/glist/buddy/install/rplidar_ros/share/rplidar_ros/hook/cmake_prefix_path.ps1'
[1.017s] INFO:colcon.colcon_core.shell:Creating environment descriptor '/home/glist/buddy/install/rplidar_ros/share/rplidar_ros/hook/cmake_prefix_path.dsv'
[1.017s] INFO:colcon.colcon_core.shell:Creating environment hook '/home/glist/buddy/install/rplidar_ros/share/rplidar_ros/hook/cmake_prefix_path.sh'
[1.018s] Level 1:colcon.colcon_core.environment:checking '/home/glist/buddy/install/rplidar_ros/lib'
[1.018s] Level 1:colcon.colcon_core.environment:checking '/home/glist/buddy/install/rplidar_ros/bin'
[1.018s] Level 1:colcon.colcon_core.environment:checking '/home/glist/buddy/install/rplidar_ros/lib/pkgconfig/rplidar_ros.pc'
[1.018s] Level 1:colcon.colcon_core.environment:checking '/home/glist/buddy/install/rplidar_ros/lib/python3.10/site-packages'
[1.018s] Level 1:colcon.colcon_core.environment:checking '/home/glist/buddy/install/rplidar_ros/bin'
[1.018s] INFO:colcon.colcon_core.shell:Creating package script '/home/glist/buddy/install/rplidar_ros/share/rplidar_ros/package.ps1'
[1.019s] INFO:colcon.colcon_core.shell:Creating package descriptor '/home/glist/buddy/install/rplidar_ros/share/rplidar_ros/package.dsv'
[1.019s] INFO:colcon.colcon_core.shell:Creating package script '/home/glist/buddy/install/rplidar_ros/share/rplidar_ros/package.sh'
[1.019s] INFO:colcon.colcon_core.shell:Creating package script '/home/glist/buddy/install/rplidar_ros/share/rplidar_ros/package.bash'
[1.020s] INFO:colcon.colcon_core.shell:Creating package script '/home/glist/buddy/install/rplidar_ros/share/rplidar_ros/package.zsh'
[1.020s] Level 1:colcon.colcon_core.environment:create_file_with_runtime_dependencies(/home/glist/buddy/install/rplidar_ros/share/colcon-core/packages/rplidar_ros)
[1.035s] Level 1:colcon.colcon_core.environment:create_environment_scripts_only(yolov8_msgs)
[1.036s] Level 1:colcon.colcon_core.environment:checking '/home/glist/buddy/install/yolov8_msgs' for CMake module files
[1.036s] DEBUG:colcon.colcon_core.event_handler.log_command:Invoked command in '/home/glist/buddy/build/yolov8_msgs' returned '0': CMAKE_PREFIX_PATH=/opt/ros/humble /usr/bin/cmake --install /home/glist/buddy/build/yolov8_msgs
[1.037s] Level 1:colcon.colcon_core.environment:checking '/home/glist/buddy/install/yolov8_msgs' for CMake config files
[1.038s] Level 1:colcon.colcon_core.shell:create_environment_hook('yolov8_msgs', 'cmake_prefix_path')
[1.039s] INFO:colcon.colcon_core.shell:Creating environment hook '/home/glist/buddy/install/yolov8_msgs/share/yolov8_msgs/hook/cmake_prefix_path.ps1'
[1.039s] INFO:colcon.colcon_core.shell:Creating environment descriptor '/home/glist/buddy/install/yolov8_msgs/share/yolov8_msgs/hook/cmake_prefix_path.dsv'
[1.040s] INFO:colcon.colcon_core.shell:Creating environment hook '/home/glist/buddy/install/yolov8_msgs/share/yolov8_msgs/hook/cmake_prefix_path.sh'
[1.040s] Level 1:colcon.colcon_core.environment:checking '/home/glist/buddy/install/yolov8_msgs/lib'
[1.040s] Level 1:colcon.colcon_core.shell:create_environment_hook('yolov8_msgs', 'ld_library_path_lib')
[1.040s] INFO:colcon.colcon_core.shell:Creating environment hook '/home/glist/buddy/install/yolov8_msgs/share/yolov8_msgs/hook/ld_library_path_lib.ps1'
[1.041s] INFO:colcon.colcon_core.shell:Creating environment descriptor '/home/glist/buddy/install/yolov8_msgs/share/yolov8_msgs/hook/ld_library_path_lib.dsv'
[1.041s] INFO:colcon.colcon_core.shell:Creating environment hook '/home/glist/buddy/install/yolov8_msgs/share/yolov8_msgs/hook/ld_library_path_lib.sh'
[1.041s] Level 1:colcon.colcon_core.environment:checking '/home/glist/buddy/install/yolov8_msgs/bin'
[1.041s] Level 1:colcon.colcon_core.environment:checking '/home/glist/buddy/install/yolov8_msgs/lib/pkgconfig/yolov8_msgs.pc'
[1.042s] Level 1:colcon.colcon_core.environment:checking '/home/glist/buddy/install/yolov8_msgs/lib/python3.10/site-packages'
[1.042s] Level 1:colcon.colcon_core.environment:checking '/home/glist/buddy/install/yolov8_msgs/bin'
[1.042s] INFO:colcon.colcon_core.shell:Creating package script '/home/glist/buddy/install/yolov8_msgs/share/yolov8_msgs/package.ps1'
[1.042s] INFO:colcon.colcon_core.shell:Creating package descriptor '/home/glist/buddy/install/yolov8_msgs/share/yolov8_msgs/package.dsv'
[1.043s] INFO:colcon.colcon_core.shell:Creating package script '/home/glist/buddy/install/yolov8_msgs/share/yolov8_msgs/package.sh'
[1.043s] INFO:colcon.colcon_core.shell:Creating package script '/home/glist/buddy/install/yolov8_msgs/share/yolov8_msgs/package.bash'
[1.043s] INFO:colcon.colcon_core.shell:Creating package script '/home/glist/buddy/install/yolov8_msgs/share/yolov8_msgs/package.zsh'
[1.044s] Level 1:colcon.colcon_core.environment:create_file_with_runtime_dependencies(/home/glist/buddy/install/yolov8_msgs/share/colcon-core/packages/yolov8_msgs)
[1.045s] Level 1:colcon.colcon_core.environment:create_environment_scripts_only(yolov8_msgs)
[1.045s] Level 1:colcon.colcon_core.environment:checking '/home/glist/buddy/install/yolov8_msgs' for CMake module files
[1.045s] Level 1:colcon.colcon_core.environment:checking '/home/glist/buddy/install/yolov8_msgs' for CMake config files
[1.047s] Level 1:colcon.colcon_core.shell:create_environment_hook('yolov8_msgs', 'cmake_prefix_path')
[1.047s] INFO:colcon.colcon_core.shell:Creating environment hook '/home/glist/buddy/install/yolov8_msgs/share/yolov8_msgs/hook/cmake_prefix_path.ps1'
[1.047s] INFO:colcon.colcon_core.shell:Creating environment descriptor '/home/glist/buddy/install/yolov8_msgs/share/yolov8_msgs/hook/cmake_prefix_path.dsv'
[1.048s] INFO:colcon.colcon_core.shell:Creating environment hook '/home/glist/buddy/install/yolov8_msgs/share/yolov8_msgs/hook/cmake_prefix_path.sh'
[1.048s] Level 1:colcon.colcon_core.environment:checking '/home/glist/buddy/install/yolov8_msgs/lib'
[1.048s] Level 1:colcon.colcon_core.shell:create_environment_hook('yolov8_msgs', 'ld_library_path_lib')
[1.048s] INFO:colcon.colcon_core.shell:Creating environment hook '/home/glist/buddy/install/yolov8_msgs/share/yolov8_msgs/hook/ld_library_path_lib.ps1'
[1.049s] INFO:colcon.colcon_core.shell:Creating environment descriptor '/home/glist/buddy/install/yolov8_msgs/share/yolov8_msgs/hook/ld_library_path_lib.dsv'
[1.049s] INFO:colcon.colcon_core.shell:Creating environment hook '/home/glist/buddy/install/yolov8_msgs/share/yolov8_msgs/hook/ld_library_path_lib.sh'
[1.049s] Level 1:colcon.colcon_core.environment:checking '/home/glist/buddy/install/yolov8_msgs/bin'
[1.049s] Level 1:colcon.colcon_core.environment:checking '/home/glist/buddy/install/yolov8_msgs/lib/pkgconfig/yolov8_msgs.pc'
[1.049s] Level 1:colcon.colcon_core.environment:checking '/home/glist/buddy/install/yolov8_msgs/lib/python3.10/site-packages'
[1.050s] Level 1:colcon.colcon_core.environment:checking '/home/glist/buddy/install/yolov8_msgs/bin'
[1.050s] INFO:colcon.colcon_core.shell:Creating package script '/home/glist/buddy/install/yolov8_msgs/share/yolov8_msgs/package.ps1'
[1.050s] INFO:colcon.colcon_core.shell:Creating package descriptor '/home/glist/buddy/install/yolov8_msgs/share/yolov8_msgs/package.dsv'
[1.051s] INFO:colcon.colcon_core.shell:Creating package script '/home/glist/buddy/install/yolov8_msgs/share/yolov8_msgs/package.sh'
[1.051s] INFO:colcon.colcon_core.shell:Creating package script '/home/glist/buddy/install/yolov8_msgs/share/yolov8_msgs/package.bash'
[1.051s] INFO:colcon.colcon_core.shell:Creating package script '/home/glist/buddy/install/yolov8_msgs/share/yolov8_msgs/package.zsh'
[1.052s] Level 1:colcon.colcon_core.environment:create_file_with_runtime_dependencies(/home/glist/buddy/install/yolov8_msgs/share/colcon-core/packages/yolov8_msgs)
[1.052s] INFO:colcon.colcon_ros.task.ament_python.build:Building ROS package in '/home/glist/buddy/src/yolov8_ros' with build type 'ament_python'
[1.052s] Level 1:colcon.colcon_core.shell:create_environment_hook('yolov8_ros', 'ament_prefix_path')
[1.052s] INFO:colcon.colcon_core.shell:Creating environment hook '/home/glist/buddy/install/yolov8_ros/share/yolov8_ros/hook/ament_prefix_path.ps1'
[1.054s] INFO:colcon.colcon_core.shell:Creating environment descriptor '/home/glist/buddy/install/yolov8_ros/share/yolov8_ros/hook/ament_prefix_path.dsv'
[1.054s] INFO:colcon.colcon_core.shell:Creating environment hook '/home/glist/buddy/install/yolov8_ros/share/yolov8_ros/hook/ament_prefix_path.sh'
[1.054s] INFO:colcon.colcon_core.shell:Skip shell extension 'powershell' for command environment: Not usable outside of PowerShell
[1.054s] DEBUG:colcon.colcon_core.shell:Skip shell extension 'dsv' for command environment
[1.265s] INFO:colcon.colcon_core.task.python.build:Building Python package in '/home/glist/buddy/src/yolov8_ros'
[1.265s] INFO:colcon.colcon_core.shell:Skip shell extension 'powershell' for command environment: Not usable outside of PowerShell
[1.265s] DEBUG:colcon.colcon_core.shell:Skip shell extension 'dsv' for command environment
[1.270s] DEBUG:colcon.colcon_core.event_handler.log_command:Invoking command in '/home/glist/buddy/build/opencv_tools': PYTHONPATH=/home/glist/buddy/build/opencv_tools/prefix_override:/usr/lib/python3/dist-packages/colcon_core/task/python/colcon_distutils_commands:/home/glist/buddy/install/opencv_tools/lib/python3.10/site-packages:${PYTHONPATH} /usr/bin/python3 -W ignore:setup.py install is deprecated -W ignore:easy_install command is deprecated setup.py develop --editable --build-directory /home/glist/buddy/build/opencv_tools/build --no-deps symlink_data
[1.272s] DEBUG:colcon.colcon_core.event_handler.log_command:Invoking command in '/home/glist/buddy/build/robo_navegacao': PYTHONPATH=/home/glist/buddy/build/robo_navegacao/prefix_override:/usr/lib/python3/dist-packages/colcon_core/task/python/colcon_distutils_commands:/home/glist/buddy/install/robo_navegacao/lib/python3.10/site-packages:${PYTHONPATH} /usr/bin/python3 -W ignore:setup.py install is deprecated -W ignore:easy_install command is deprecated setup.py develop --editable --build-directory /home/glist/buddy/build/robo_navegacao/build --no-deps symlink_data
[1.538s] DEBUG:colcon.colcon_core.event_handler.log_command:Invoking command in '/home/glist/buddy/build/yolov8_ros': AMENT_PREFIX_PATH=/home/glist/buddy/install/yolov8_msgs:${AMENT_PREFIX_PATH} CMAKE_PREFIX_PATH=/home/glist/buddy/install/yolov8_msgs LD_LIBRARY_PATH=/home/glist/buddy/install/yolov8_msgs/lib:${LD_LIBRARY_PATH} PYTHONPATH=/home/glist/buddy/build/yolov8_ros/prefix_override:/usr/lib/python3/dist-packages/colcon_core/task/python/colcon_distutils_commands:/home/glist/buddy/install/yolov8_ros/lib/python3.10/site-packages:/home/glist/buddy/install/yolov8_msgs/local/lib/python3.10/dist-packages:${PYTHONPATH} /usr/bin/python3 -W ignore:setup.py install is deprecated -W ignore:easy_install command is deprecated setup.py develop --editable --build-directory /home/glist/buddy/build/yolov8_ros/build --no-deps symlink_data
[1.635s] Level 1:colcon.colcon_core.shell:create_environment_hook('opencv_tools', 'pythonpath_develop')
[1.635s] INFO:colcon.colcon_core.shell:Creating environment hook '/home/glist/buddy/build/opencv_tools/share/opencv_tools/hook/pythonpath_develop.ps1'
[1.635s] DEBUG:colcon.colcon_core.event_handler.log_command:Invoked command in '/home/glist/buddy/build/opencv_tools' returned '0': PYTHONPATH=/home/glist/buddy/build/opencv_tools/prefix_override:/usr/lib/python3/dist-packages/colcon_core/task/python/colcon_distutils_commands:/home/glist/buddy/install/opencv_tools/lib/python3.10/site-packages:${PYTHONPATH} /usr/bin/python3 -W ignore:setup.py install is deprecated -W ignore:easy_install command is deprecated setup.py develop --editable --build-directory /home/glist/buddy/build/opencv_tools/build --no-deps symlink_data
[1.637s] INFO:colcon.colcon_core.shell:Creating environment descriptor '/home/glist/buddy/build/opencv_tools/share/opencv_tools/hook/pythonpath_develop.dsv'
[1.637s] INFO:colcon.colcon_core.shell:Creating environment hook '/home/glist/buddy/build/opencv_tools/share/opencv_tools/hook/pythonpath_develop.sh'
[1.637s] Level 1:colcon.colcon_core.environment:checking '/home/glist/buddy/install/opencv_tools' for CMake module files
[1.638s] Level 1:colcon.colcon_core.environment:checking '/home/glist/buddy/install/opencv_tools' for CMake config files
[1.638s] Level 1:colcon.colcon_core.environment:checking '/home/glist/buddy/install/opencv_tools/lib'
[1.639s] Level 1:colcon.colcon_core.environment:checking '/home/glist/buddy/install/opencv_tools/bin'
[1.639s] Level 1:colcon.colcon_core.environment:checking '/home/glist/buddy/install/opencv_tools/lib/pkgconfig/opencv_tools.pc'
[1.639s] Level 1:colcon.colcon_core.environment:checking '/home/glist/buddy/install/opencv_tools/lib/python3.10/site-packages'
[1.639s] Level 1:colcon.colcon_core.shell:create_environment_hook('opencv_tools', 'pythonpath')
[1.639s] INFO:colcon.colcon_core.shell:Creating environment hook '/home/glist/buddy/install/opencv_tools/share/opencv_tools/hook/pythonpath.ps1'
[1.639s] INFO:colcon.colcon_core.shell:Creating environment descriptor '/home/glist/buddy/install/opencv_tools/share/opencv_tools/hook/pythonpath.dsv'
[1.640s] INFO:colcon.colcon_core.shell:Creating environment hook '/home/glist/buddy/install/opencv_tools/share/opencv_tools/hook/pythonpath.sh'
[1.640s] Level 1:colcon.colcon_core.environment:checking '/home/glist/buddy/install/opencv_tools/bin'
[1.640s] Level 1:colcon.colcon_core.environment:create_environment_scripts_only(opencv_tools)
[1.640s] INFO:colcon.colcon_core.shell:Creating package script '/home/glist/buddy/install/opencv_tools/share/opencv_tools/package.ps1'
[1.641s] INFO:colcon.colcon_core.shell:Creating package descriptor '/home/glist/buddy/install/opencv_tools/share/opencv_tools/package.dsv'
[1.641s] INFO:colcon.colcon_core.shell:Creating package script '/home/glist/buddy/install/opencv_tools/share/opencv_tools/package.sh'
[1.641s] INFO:colcon.colcon_core.shell:Creating package script '/home/glist/buddy/install/opencv_tools/share/opencv_tools/package.bash'
[1.642s] INFO:colcon.colcon_core.shell:Creating package script '/home/glist/buddy/install/opencv_tools/share/opencv_tools/package.zsh'
[1.642s] Level 1:colcon.colcon_core.environment:create_file_with_runtime_dependencies(/home/glist/buddy/install/opencv_tools/share/colcon-core/packages/opencv_tools)
[1.643s] Level 1:colcon.colcon_core.shell:create_environment_hook('robo_navegacao', 'pythonpath_develop')
[1.643s] INFO:colcon.colcon_core.shell:Creating environment hook '/home/glist/buddy/build/robo_navegacao/share/robo_navegacao/hook/pythonpath_develop.ps1'
[1.643s] DEBUG:colcon.colcon_core.event_handler.log_command:Invoked command in '/home/glist/buddy/build/robo_navegacao' returned '0': PYTHONPATH=/home/glist/buddy/build/robo_navegacao/prefix_override:/usr/lib/python3/dist-packages/colcon_core/task/python/colcon_distutils_commands:/home/glist/buddy/install/robo_navegacao/lib/python3.10/site-packages:${PYTHONPATH} /usr/bin/python3 -W ignore:setup.py install is deprecated -W ignore:easy_install command is deprecated setup.py develop --editable --build-directory /home/glist/buddy/build/robo_navegacao/build --no-deps symlink_data
[1.643s] INFO:colcon.colcon_core.shell:Creating environment descriptor '/home/glist/buddy/build/robo_navegacao/share/robo_navegacao/hook/pythonpath_develop.dsv'
[1.644s] INFO:colcon.colcon_core.shell:Creating environment hook '/home/glist/buddy/build/robo_navegacao/share/robo_navegacao/hook/pythonpath_develop.sh'
[1.644s] Level 1:colcon.colcon_core.environment:checking '/home/glist/buddy/install/robo_navegacao' for CMake module files
[1.644s] Level 1:colcon.colcon_core.environment:checking '/home/glist/buddy/install/robo_navegacao' for CMake config files
[1.645s] Level 1:colcon.colcon_core.environment:checking '/home/glist/buddy/install/robo_navegacao/lib'
[1.645s] Level 1:colcon.colcon_core.environment:checking '/home/glist/buddy/install/robo_navegacao/bin'
[1.645s] Level 1:colcon.colcon_core.environment:checking '/home/glist/buddy/install/robo_navegacao/lib/pkgconfig/robo_navegacao.pc'
[1.645s] Level 1:colcon.colcon_core.environment:checking '/home/glist/buddy/install/robo_navegacao/lib/python3.10/site-packages'
[1.645s] Level 1:colcon.colcon_core.shell:create_environment_hook('robo_navegacao', 'pythonpath')
[1.646s] INFO:colcon.colcon_core.shell:Creating environment hook '/home/glist/buddy/install/robo_navegacao/share/robo_navegacao/hook/pythonpath.ps1'
[1.646s] INFO:colcon.colcon_core.shell:Creating environment descriptor '/home/glist/buddy/install/robo_navegacao/share/robo_navegacao/hook/pythonpath.dsv'
[1.646s] INFO:colcon.colcon_core.shell:Creating environment hook '/home/glist/buddy/install/robo_navegacao/share/robo_navegacao/hook/pythonpath.sh'
[1.647s] Level 1:colcon.colcon_core.environment:checking '/home/glist/buddy/install/robo_navegacao/bin'
[1.647s] Level 1:colcon.colcon_core.environment:create_environment_scripts_only(robo_navegacao)
[1.647s] INFO:colcon.colcon_core.shell:Creating package script '/home/glist/buddy/install/robo_navegacao/share/robo_navegacao/package.ps1'
[1.647s] INFO:colcon.colcon_core.shell:Creating package descriptor '/home/glist/buddy/install/robo_navegacao/share/robo_navegacao/package.dsv'
[1.648s] INFO:colcon.colcon_core.shell:Creating package script '/home/glist/buddy/install/robo_navegacao/share/robo_navegacao/package.sh'
[1.648s] INFO:colcon.colcon_core.shell:Creating package script '/home/glist/buddy/install/robo_navegacao/share/robo_navegacao/package.bash'
[1.648s] INFO:colcon.colcon_core.shell:Creating package script '/home/glist/buddy/install/robo_navegacao/share/robo_navegacao/package.zsh'
[1.648s] Level 1:colcon.colcon_core.environment:create_file_with_runtime_dependencies(/home/glist/buddy/install/robo_navegacao/share/colcon-core/packages/robo_navegacao)
[1.898s] Level 1:colcon.colcon_core.shell:create_environment_hook('yolov8_ros', 'pythonpath_develop')
[1.898s] INFO:colcon.colcon_core.shell:Creating environment hook '/home/glist/buddy/build/yolov8_ros/share/yolov8_ros/hook/pythonpath_develop.ps1'
[1.898s] DEBUG:colcon.colcon_core.event_handler.log_command:Invoked command in '/home/glist/buddy/build/yolov8_ros' returned '0': AMENT_PREFIX_PATH=/home/glist/buddy/install/yolov8_msgs:${AMENT_PREFIX_PATH} CMAKE_PREFIX_PATH=/home/glist/buddy/install/yolov8_msgs LD_LIBRARY_PATH=/home/glist/buddy/install/yolov8_msgs/lib:${LD_LIBRARY_PATH} PYTHONPATH=/home/glist/buddy/build/yolov8_ros/prefix_override:/usr/lib/python3/dist-packages/colcon_core/task/python/colcon_distutils_commands:/home/glist/buddy/install/yolov8_ros/lib/python3.10/site-packages:/home/glist/buddy/install/yolov8_msgs/local/lib/python3.10/dist-packages:${PYTHONPATH} /usr/bin/python3 -W ignore:setup.py install is deprecated -W ignore:easy_install command is deprecated setup.py develop --editable --build-directory /home/glist/buddy/build/yolov8_ros/build --no-deps symlink_data
[1.899s] INFO:colcon.colcon_core.shell:Creating environment descriptor '/home/glist/buddy/build/yolov8_ros/share/yolov8_ros/hook/pythonpath_develop.dsv'
[1.900s] INFO:colcon.colcon_core.shell:Creating environment hook '/home/glist/buddy/build/yolov8_ros/share/yolov8_ros/hook/pythonpath_develop.sh'
[1.900s] Level 1:colcon.colcon_core.environment:checking '/home/glist/buddy/install/yolov8_ros' for CMake module files
[1.901s] Level 1:colcon.colcon_core.environment:checking '/home/glist/buddy/install/yolov8_ros' for CMake config files
[1.901s] Level 1:colcon.colcon_core.environment:checking '/home/glist/buddy/install/yolov8_ros/lib'
[1.901s] Level 1:colcon.colcon_core.environment:checking '/home/glist/buddy/install/yolov8_ros/bin'
[1.901s] Level 1:colcon.colcon_core.environment:checking '/home/glist/buddy/install/yolov8_ros/lib/pkgconfig/yolov8_ros.pc'
[1.902s] Level 1:colcon.colcon_core.environment:checking '/home/glist/buddy/install/yolov8_ros/lib/python3.10/site-packages'
[1.902s] Level 1:colcon.colcon_core.shell:create_environment_hook('yolov8_ros', 'pythonpath')
[1.902s] INFO:colcon.colcon_core.shell:Creating environment hook '/home/glist/buddy/install/yolov8_ros/share/yolov8_ros/hook/pythonpath.ps1'
[1.902s] INFO:colcon.colcon_core.shell:Creating environment descriptor '/home/glist/buddy/install/yolov8_ros/share/yolov8_ros/hook/pythonpath.dsv'
[1.902s] INFO:colcon.colcon_core.shell:Creating environment hook '/home/glist/buddy/install/yolov8_ros/share/yolov8_ros/hook/pythonpath.sh'
[1.903s] Level 1:colcon.colcon_core.environment:checking '/home/glist/buddy/install/yolov8_ros/bin'
[1.903s] Level 1:colcon.colcon_core.environment:create_environment_scripts_only(yolov8_ros)
[1.903s] INFO:colcon.colcon_core.shell:Creating package script '/home/glist/buddy/install/yolov8_ros/share/yolov8_ros/package.ps1'
[1.904s] INFO:colcon.colcon_core.shell:Creating package descriptor '/home/glist/buddy/install/yolov8_ros/share/yolov8_ros/package.dsv'
[1.904s] INFO:colcon.colcon_core.shell:Creating package script '/home/glist/buddy/install/yolov8_ros/share/yolov8_ros/package.sh'
[1.904s] INFO:colcon.colcon_core.shell:Creating package script '/home/glist/buddy/install/yolov8_ros/share/yolov8_ros/package.bash'
[1.905s] INFO:colcon.colcon_core.shell:Creating package script '/home/glist/buddy/install/yolov8_ros/share/yolov8_ros/package.zsh'
[1.905s] Level 1:colcon.colcon_core.environment:create_file_with_runtime_dependencies(/home/glist/buddy/install/yolov8_ros/share/colcon-core/packages/yolov8_ros)
[1.905s] INFO:colcon.colcon_ros.task.ament_cmake.build:Building ROS package in '/home/glist/buddy/src/yolov8_bringup' with build type 'ament_cmake'
[1.905s] INFO:colcon.colcon_cmake.task.cmake.build:Building CMake package in '/home/glist/buddy/src/yolov8_bringup'
[1.905s] INFO:colcon.colcon_core.shell:Skip shell extension 'powershell' for command environment: Not usable outside of PowerShell
[1.906s] DEBUG:colcon.colcon_core.shell:Skip shell extension 'dsv' for command environment
[1.915s] DEBUG:colcon.colcon_core.event_handler.log_command:Invoking command in '/home/glist/buddy/build/yolov8_bringup': AMENT_PREFIX_PATH=/home/glist/buddy/install/yolov8_ros:/home/glist/buddy/install/yolov8_msgs:${AMENT_PREFIX_PATH} CMAKE_PREFIX_PATH=/home/glist/buddy/install/yolov8_msgs:/opt/ros/humble LD_LIBRARY_PATH=/home/glist/buddy/install/yolov8_msgs/lib:${LD_LIBRARY_PATH} PYTHONPATH=/home/glist/buddy/build/yolov8_ros:/home/glist/buddy/install/yolov8_ros/lib/python3.10/site-packages:/home/glist/buddy/install/yolov8_msgs/local/lib/python3.10/dist-packages:${PYTHONPATH} /usr/bin/cmake --build /home/glist/buddy/build/yolov8_bringup -- -j16 -l16
[1.949s] DEBUG:colcon.colcon_core.event_handler.log_command:Invoked command in '/home/glist/buddy/build/yolov8_bringup' returned '0': AMENT_PREFIX_PATH=/home/glist/buddy/install/yolov8_ros:/home/glist/buddy/install/yolov8_msgs:${AMENT_PREFIX_PATH} CMAKE_PREFIX_PATH=/home/glist/buddy/install/yolov8_msgs:/opt/ros/humble LD_LIBRARY_PATH=/home/glist/buddy/install/yolov8_msgs/lib:${LD_LIBRARY_PATH} PYTHONPATH=/home/glist/buddy/build/yolov8_ros:/home/glist/buddy/install/yolov8_ros/lib/python3.10/site-packages:/home/glist/buddy/install/yolov8_msgs/local/lib/python3.10/dist-packages:${PYTHONPATH} /usr/bin/cmake --build /home/glist/buddy/build/yolov8_bringup -- -j16 -l16
[1.951s] DEBUG:colcon.colcon_core.event_handler.log_command:Invoking command in '/home/glist/buddy/build/yolov8_bringup': AMENT_PREFIX_PATH=/home/glist/buddy/install/yolov8_ros:/home/glist/buddy/install/yolov8_msgs:${AMENT_PREFIX_PATH} CMAKE_PREFIX_PATH=/home/glist/buddy/install/yolov8_msgs:/opt/ros/humble LD_LIBRARY_PATH=/home/glist/buddy/install/yolov8_msgs/lib:${LD_LIBRARY_PATH} PYTHONPATH=/home/glist/buddy/build/yolov8_ros:/home/glist/buddy/install/yolov8_ros/lib/python3.10/site-packages:/home/glist/buddy/install/yolov8_msgs/local/lib/python3.10/dist-packages:${PYTHONPATH} /usr/bin/cmake --install /home/glist/buddy/build/yolov8_bringup
[1.971s] Level 1:colcon.colcon_core.environment:create_environment_scripts_only(yolov8_bringup)
[1.972s] Level 1:colcon.colcon_core.environment:checking '/home/glist/buddy/install/yolov8_bringup' for CMake module files
[1.972s] DEBUG:colcon.colcon_core.event_handler.log_command:Invoked command in '/home/glist/buddy/build/yolov8_bringup' returned '0': AMENT_PREFIX_PATH=/home/glist/buddy/install/yolov8_ros:/home/glist/buddy/install/yolov8_msgs:${AMENT_PREFIX_PATH} CMAKE_PREFIX_PATH=/home/glist/buddy/install/yolov8_msgs:/opt/ros/humble LD_LIBRARY_PATH=/home/glist/buddy/install/yolov8_msgs/lib:${LD_LIBRARY_PATH} PYTHONPATH=/home/glist/buddy/build/yolov8_ros:/home/glist/buddy/install/yolov8_ros/lib/python3.10/site-packages:/home/glist/buddy/install/yolov8_msgs/local/lib/python3.10/dist-packages:${PYTHONPATH} /usr/bin/cmake --install /home/glist/buddy/build/yolov8_bringup
[1.972s] Level 1:colcon.colcon_core.environment:checking '/home/glist/buddy/install/yolov8_bringup' for CMake config files
[1.973s] Level 1:colcon.colcon_core.shell:create_environment_hook('yolov8_bringup', 'cmake_prefix_path')
[1.973s] INFO:colcon.colcon_core.shell:Creating environment hook '/home/glist/buddy/install/yolov8_bringup/share/yolov8_bringup/hook/cmake_prefix_path.ps1'
[1.973s] INFO:colcon.colcon_core.shell:Creating environment descriptor '/home/glist/buddy/install/yolov8_bringup/share/yolov8_bringup/hook/cmake_prefix_path.dsv'
[1.974s] INFO:colcon.colcon_core.shell:Creating environment hook '/home/glist/buddy/install/yolov8_bringup/share/yolov8_bringup/hook/cmake_prefix_path.sh'
[1.974s] Level 1:colcon.colcon_core.environment:checking '/home/glist/buddy/install/yolov8_bringup/bin'
[1.974s] Level 1:colcon.colcon_core.environment:checking '/home/glist/buddy/install/yolov8_bringup/lib/pkgconfig/yolov8_bringup.pc'
[1.974s] Level 1:colcon.colcon_core.environment:checking '/home/glist/buddy/install/yolov8_bringup/lib/python3.10/site-packages'
[1.975s] Level 1:colcon.colcon_core.environment:checking '/home/glist/buddy/install/yolov8_bringup/bin'
[1.975s] INFO:colcon.colcon_core.shell:Creating package script '/home/glist/buddy/install/yolov8_bringup/share/yolov8_bringup/package.ps1'
[1.975s] INFO:colcon.colcon_core.shell:Creating package descriptor '/home/glist/buddy/install/yolov8_bringup/share/yolov8_bringup/package.dsv'
[1.975s] INFO:colcon.colcon_core.shell:Creating package script '/home/glist/buddy/install/yolov8_bringup/share/yolov8_bringup/package.sh'
[1.976s] INFO:colcon.colcon_core.shell:Creating package script '/home/glist/buddy/install/yolov8_bringup/share/yolov8_bringup/package.bash'
[1.976s] INFO:colcon.colcon_core.shell:Creating package script '/home/glist/buddy/install/yolov8_bringup/share/yolov8_bringup/package.zsh'
[1.976s] Level 1:colcon.colcon_core.environment:create_file_with_runtime_dependencies(/home/glist/buddy/install/yolov8_bringup/share/colcon-core/packages/yolov8_bringup)
[1.977s] Level 1:colcon.colcon_core.environment:create_environment_scripts_only(yolov8_bringup)
[1.977s] Level 1:colcon.colcon_core.environment:checking '/home/glist/buddy/install/yolov8_bringup' for CMake module files
[1.977s] Level 1:colcon.colcon_core.environment:checking '/home/glist/buddy/install/yolov8_bringup' for CMake config files
[1.978s] Level 1:colcon.colcon_core.shell:create_environment_hook('yolov8_bringup', 'cmake_prefix_path')
[1.978s] INFO:colcon.colcon_core.shell:Creating environment hook '/home/glist/buddy/install/yolov8_bringup/share/yolov8_bringup/hook/cmake_prefix_path.ps1'
[1.978s] INFO:colcon.colcon_core.shell:Creating environment descriptor '/home/glist/buddy/install/yolov8_bringup/share/yolov8_bringup/hook/cmake_prefix_path.dsv'
[1.978s] INFO:colcon.colcon_core.shell:Creating environment hook '/home/glist/buddy/install/yolov8_bringup/share/yolov8_bringup/hook/cmake_prefix_path.sh'
[1.979s] Level 1:colcon.colcon_core.environment:checking '/home/glist/buddy/install/yolov8_bringup/bin'
[1.979s] Level 1:colcon.colcon_core.environment:checking '/home/glist/buddy/install/yolov8_bringup/lib/pkgconfig/yolov8_bringup.pc'
[1.979s] Level 1:colcon.colcon_core.environment:checking '/home/glist/buddy/install/yolov8_bringup/lib/python3.10/site-packages'
[1.979s] Level 1:colcon.colcon_core.environment:checking '/home/glist/buddy/install/yolov8_bringup/bin'
[1.979s] INFO:colcon.colcon_core.shell:Creating package script '/home/glist/buddy/install/yolov8_bringup/share/yolov8_bringup/package.ps1'
[1.980s] INFO:colcon.colcon_core.shell:Creating package descriptor '/home/glist/buddy/install/yolov8_bringup/share/yolov8_bringup/package.dsv'
[1.980s] INFO:colcon.colcon_core.shell:Creating package script '/home/glist/buddy/install/yolov8_bringup/share/yolov8_bringup/package.sh'
[1.981s] INFO:colcon.colcon_core.shell:Creating package script '/home/glist/buddy/install/yolov8_bringup/share/yolov8_bringup/package.bash'
[1.981s] INFO:colcon.colcon_core.shell:Creating package script '/home/glist/buddy/install/yolov8_bringup/share/yolov8_bringup/package.zsh'
[1.981s] Level 1:colcon.colcon_core.environment:create_file_with_runtime_dependencies(/home/glist/buddy/install/yolov8_bringup/share/colcon-core/packages/yolov8_bringup)
[1.981s] DEBUG:colcon.colcon_parallel_executor.executor.parallel:closing loop
[1.982s] DEBUG:colcon.colcon_parallel_executor.executor.parallel:loop closed
[1.982s] DEBUG:colcon.colcon_parallel_executor.executor.parallel:run_until_complete finished with '0'
[1.982s] DEBUG:colcon.colcon_core.event_reactor:joining thread
[1.987s] INFO:colcon.colcon_core.plugin_system:Skipping extension 'colcon_notification.desktop_notification.terminal_notifier': Not used on non-Darwin systems
[1.987s] INFO:colcon.colcon_core.plugin_system:Skipping extension 'colcon_notification.desktop_notification.win32': Not used on non-Windows systems
[1.987s] INFO:colcon.colcon_notification.desktop_notification:Sending desktop notification using 'notify2'
[2.005s] DEBUG:colcon.colcon_core.event_reactor:joined thread
[2.005s] INFO:colcon.colcon_core.shell:Creating prefix script '/home/glist/buddy/install/local_setup.ps1'
[2.006s] INFO:colcon.colcon_core.shell:Creating prefix util module '/home/glist/buddy/install/_local_setup_util_ps1.py'
[2.008s] INFO:colcon.colcon_core.shell:Creating prefix chain script '/home/glist/buddy/install/setup.ps1'
[2.009s] INFO:colcon.colcon_core.shell:Creating prefix script '/home/glist/buddy/install/local_setup.sh'
[2.010s] INFO:colcon.colcon_core.shell:Creating prefix util module '/home/glist/buddy/install/_local_setup_util_sh.py'
[2.010s] INFO:colcon.colcon_core.shell:Creating prefix chain script '/home/glist/buddy/install/setup.sh'
[2.011s] INFO:colcon.colcon_core.shell:Creating prefix script '/home/glist/buddy/install/local_setup.bash'
[2.012s] INFO:colcon.colcon_core.shell:Creating prefix chain script '/home/glist/buddy/install/setup.bash'
[2.013s] INFO:colcon.colcon_core.shell:Creating prefix script '/home/glist/buddy/install/local_setup.zsh'
[2.014s] INFO:colcon.colcon_core.shell:Creating prefix chain script '/home/glist/buddy/install/setup.zsh'
