[35m[1mConsolidate compiler generated dependencies of target yolov8_msgs__rosidl_generator_c[0m
[  0%] Built target yolov8_msgs__cpp
[  1%] Built target ament_cmake_python_symlink_yolov8_msgs
[ 12%] Built target yolov8_msgs__rosidl_generator_c
[35m[1mConsolidate compiler generated dependencies of target yolov8_msgs__rosidl_typesupport_cpp[0m
[35m[1mConsolidate compiler generated dependencies of target yolov8_msgs__rosidl_typesupport_fastrtps_cpp[0m
[35m[1mConsolidate compiler generated dependencies of target yolov8_msgs__rosidl_typesupport_introspection_cpp[0m
[35m[1mConsolidate compiler generated dependencies of target yolov8_msgs__rosidl_typesupport_introspection_c[0m
[35m[1mConsolidate compiler generated dependencies of target yolov8_msgs__rosidl_typesupport_fastrtps_c[0m
[35m[1mConsolidate compiler generated dependencies of target yolov8_msgs__rosidl_typesupport_c[0m
[ 32%] Built target yolov8_msgs__rosidl_typesupport_introspection_c
[ 36%] Built target yolov8_msgs__rosidl_typesupport_cpp
[ 48%] Built target yolov8_msgs__rosidl_typesupport_c
[ 60%] Built target yolov8_msgs__rosidl_typesupport_fastrtps_cpp
[ 72%] Built target yolov8_msgs__rosidl_typesupport_introspection_cpp
[ 84%] Built target yolov8_msgs__rosidl_typesupport_fastrtps_c
[ 84%] Built target yolov8_msgs
[ 85%] Built target yolov8_msgs__py
[35m[1mConsolidate compiler generated dependencies of target yolov8_msgs__rosidl_generator_py[0m
[ 96%] Built target yolov8_msgs__rosidl_generator_py
[35m[1mConsolidate compiler generated dependencies of target yolov8_msgs__rosidl_typesupport_c__pyext[0m
[35m[1mConsolidate compiler generated dependencies of target yolov8_msgs__rosidl_typesupport_introspection_c__pyext[0m
[35m[1mConsolidate compiler generated dependencies of target yolov8_msgs__rosidl_typesupport_fastrtps_c__pyext[0m
[ 99%] Built target yolov8_msgs__rosidl_typesupport_fastrtps_c__pyext
[ 99%] Built target yolov8_msgs__rosidl_typesupport_c__pyext
[100%] Built target yolov8_msgs__rosidl_typesupport_introspection_c__pyext
running egg_info
writing yolov8_msgs.egg-info/PKG-INFO
writing dependency_links to yolov8_msgs.egg-info/dependency_links.txt
writing top-level names to yolov8_msgs.egg-info/top_level.txt
reading manifest file 'yolov8_msgs.egg-info/SOURCES.txt'
writing manifest file 'yolov8_msgs.egg-info/SOURCES.txt'
[100%] Built target ament_cmake_python_build_yolov8_msgs_egg
-- Install configuration: ""
-- Execute custom install script
-- Symlinking: /home/glist/buddy/install/yolov8_msgs/share/ament_index/resource_index/rosidl_interfaces/yolov8_msgs
-- Symlinking: /home/glist/buddy/install/yolov8_msgs/include/yolov8_msgs/yolov8_msgs/msg/bounding_box2_d.h
-- Symlinking: /home/glist/buddy/install/yolov8_msgs/include/yolov8_msgs/yolov8_msgs/msg/bounding_box3_d.h
-- Symlinking: /home/glist/buddy/install/yolov8_msgs/include/yolov8_msgs/yolov8_msgs/msg/detail/bounding_box2_d__functions.h
-- Symlinking: /home/glist/buddy/install/yolov8_msgs/include/yolov8_msgs/yolov8_msgs/msg/detail/bounding_box2_d__struct.h
-- Symlinking: /home/glist/buddy/install/yolov8_msgs/include/yolov8_msgs/yolov8_msgs/msg/detail/bounding_box2_d__type_support.h
-- Symlinking: /home/glist/buddy/install/yolov8_msgs/include/yolov8_msgs/yolov8_msgs/msg/detail/bounding_box3_d__functions.h
-- Symlinking: /home/glist/buddy/install/yolov8_msgs/include/yolov8_msgs/yolov8_msgs/msg/detail/bounding_box3_d__struct.h
-- Symlinking: /home/glist/buddy/install/yolov8_msgs/include/yolov8_msgs/yolov8_msgs/msg/detail/bounding_box3_d__type_support.h
-- Symlinking: /home/glist/buddy/install/yolov8_msgs/include/yolov8_msgs/yolov8_msgs/msg/detail/detection__functions.h
-- Symlinking: /home/glist/buddy/install/yolov8_msgs/include/yolov8_msgs/yolov8_msgs/msg/detail/detection__struct.h
-- Symlinking: /home/glist/buddy/install/yolov8_msgs/include/yolov8_msgs/yolov8_msgs/msg/detail/detection__type_support.h
-- Symlinking: /home/glist/buddy/install/yolov8_msgs/include/yolov8_msgs/yolov8_msgs/msg/detail/detection_array__functions.h
-- Symlinking: /home/glist/buddy/install/yolov8_msgs/include/yolov8_msgs/yolov8_msgs/msg/detail/detection_array__struct.h
-- Symlinking: /home/glist/buddy/install/yolov8_msgs/include/yolov8_msgs/yolov8_msgs/msg/detail/detection_array__type_support.h
-- Symlinking: /home/glist/buddy/install/yolov8_msgs/include/yolov8_msgs/yolov8_msgs/msg/detail/detection_person__functions.h
-- Symlinking: /home/glist/buddy/install/yolov8_msgs/include/yolov8_msgs/yolov8_msgs/msg/detail/detection_person__struct.h
-- Symlinking: /home/glist/buddy/install/yolov8_msgs/include/yolov8_msgs/yolov8_msgs/msg/detail/detection_person__type_support.h
-- Symlinking: /home/glist/buddy/install/yolov8_msgs/include/yolov8_msgs/yolov8_msgs/msg/detail/detection_steal__functions.h
-- Symlinking: /home/glist/buddy/install/yolov8_msgs/include/yolov8_msgs/yolov8_msgs/msg/detail/detection_steal__struct.h
-- Symlinking: /home/glist/buddy/install/yolov8_msgs/include/yolov8_msgs/yolov8_msgs/msg/detail/detection_steal__type_support.h
-- Symlinking: /home/glist/buddy/install/yolov8_msgs/include/yolov8_msgs/yolov8_msgs/msg/detail/detection_tomato__functions.h
-- Symlinking: /home/glist/buddy/install/yolov8_msgs/include/yolov8_msgs/yolov8_msgs/msg/detail/detection_tomato__struct.h
-- Symlinking: /home/glist/buddy/install/yolov8_msgs/include/yolov8_msgs/yolov8_msgs/msg/detail/detection_tomato__type_support.h
-- Symlinking: /home/glist/buddy/install/yolov8_msgs/include/yolov8_msgs/yolov8_msgs/msg/detail/key_point2_d__functions.h
-- Symlinking: /home/glist/buddy/install/yolov8_msgs/include/yolov8_msgs/yolov8_msgs/msg/detail/key_point2_d__struct.h
-- Symlinking: /home/glist/buddy/install/yolov8_msgs/include/yolov8_msgs/yolov8_msgs/msg/detail/key_point2_d__type_support.h
-- Symlinking: /home/glist/buddy/install/yolov8_msgs/include/yolov8_msgs/yolov8_msgs/msg/detail/key_point2_d_array__functions.h
-- Symlinking: /home/glist/buddy/install/yolov8_msgs/include/yolov8_msgs/yolov8_msgs/msg/detail/key_point2_d_array__struct.h
-- Symlinking: /home/glist/buddy/install/yolov8_msgs/include/yolov8_msgs/yolov8_msgs/msg/detail/key_point2_d_array__type_support.h
-- Symlinking: /home/glist/buddy/install/yolov8_msgs/include/yolov8_msgs/yolov8_msgs/msg/detail/key_point3_d__functions.h
-- Symlinking: /home/glist/buddy/install/yolov8_msgs/include/yolov8_msgs/yolov8_msgs/msg/detail/key_point3_d__struct.h
-- Symlinking: /home/glist/buddy/install/yolov8_msgs/include/yolov8_msgs/yolov8_msgs/msg/detail/key_point3_d__type_support.h
-- Symlinking: /home/glist/buddy/install/yolov8_msgs/include/yolov8_msgs/yolov8_msgs/msg/detail/key_point3_d_array__functions.h
-- Symlinking: /home/glist/buddy/install/yolov8_msgs/include/yolov8_msgs/yolov8_msgs/msg/detail/key_point3_d_array__struct.h
-- Symlinking: /home/glist/buddy/install/yolov8_msgs/include/yolov8_msgs/yolov8_msgs/msg/detail/key_point3_d_array__type_support.h
-- Symlinking: /home/glist/buddy/install/yolov8_msgs/include/yolov8_msgs/yolov8_msgs/msg/detail/mask__functions.h
-- Symlinking: /home/glist/buddy/install/yolov8_msgs/include/yolov8_msgs/yolov8_msgs/msg/detail/mask__struct.h
-- Symlinking: /home/glist/buddy/install/yolov8_msgs/include/yolov8_msgs/yolov8_msgs/msg/detail/mask__type_support.h
-- Symlinking: /home/glist/buddy/install/yolov8_msgs/include/yolov8_msgs/yolov8_msgs/msg/detail/point2_d__functions.h
-- Symlinking: /home/glist/buddy/install/yolov8_msgs/include/yolov8_msgs/yolov8_msgs/msg/detail/point2_d__struct.h
-- Symlinking: /home/glist/buddy/install/yolov8_msgs/include/yolov8_msgs/yolov8_msgs/msg/detail/point2_d__type_support.h
-- Symlinking: /home/glist/buddy/install/yolov8_msgs/include/yolov8_msgs/yolov8_msgs/msg/detail/pose2_d__functions.h
-- Symlinking: /home/glist/buddy/install/yolov8_msgs/include/yolov8_msgs/yolov8_msgs/msg/detail/pose2_d__struct.h
-- Symlinking: /home/glist/buddy/install/yolov8_msgs/include/yolov8_msgs/yolov8_msgs/msg/detail/pose2_d__type_support.h
-- Symlinking: /home/glist/buddy/install/yolov8_msgs/include/yolov8_msgs/yolov8_msgs/msg/detail/vector2__functions.h
-- Symlinking: /home/glist/buddy/install/yolov8_msgs/include/yolov8_msgs/yolov8_msgs/msg/detail/vector2__struct.h
-- Symlinking: /home/glist/buddy/install/yolov8_msgs/include/yolov8_msgs/yolov8_msgs/msg/detail/vector2__type_support.h
-- Symlinking: /home/glist/buddy/install/yolov8_msgs/include/yolov8_msgs/yolov8_msgs/msg/detection.h
-- Symlinking: /home/glist/buddy/install/yolov8_msgs/include/yolov8_msgs/yolov8_msgs/msg/detection_array.h
-- Symlinking: /home/glist/buddy/install/yolov8_msgs/include/yolov8_msgs/yolov8_msgs/msg/detection_person.h
-- Symlinking: /home/glist/buddy/install/yolov8_msgs/include/yolov8_msgs/yolov8_msgs/msg/detection_steal.h
-- Symlinking: /home/glist/buddy/install/yolov8_msgs/include/yolov8_msgs/yolov8_msgs/msg/detection_tomato.h
-- Symlinking: /home/glist/buddy/install/yolov8_msgs/include/yolov8_msgs/yolov8_msgs/msg/key_point2_d.h
-- Symlinking: /home/glist/buddy/install/yolov8_msgs/include/yolov8_msgs/yolov8_msgs/msg/key_point2_d_array.h
-- Symlinking: /home/glist/buddy/install/yolov8_msgs/include/yolov8_msgs/yolov8_msgs/msg/key_point3_d.h
-- Symlinking: /home/glist/buddy/install/yolov8_msgs/include/yolov8_msgs/yolov8_msgs/msg/key_point3_d_array.h
-- Symlinking: /home/glist/buddy/install/yolov8_msgs/include/yolov8_msgs/yolov8_msgs/msg/mask.h
-- Symlinking: /home/glist/buddy/install/yolov8_msgs/include/yolov8_msgs/yolov8_msgs/msg/point2_d.h
-- Symlinking: /home/glist/buddy/install/yolov8_msgs/include/yolov8_msgs/yolov8_msgs/msg/pose2_d.h
-- Symlinking: /home/glist/buddy/install/yolov8_msgs/include/yolov8_msgs/yolov8_msgs/msg/rosidl_generator_c__visibility_control.h
-- Symlinking: /home/glist/buddy/install/yolov8_msgs/include/yolov8_msgs/yolov8_msgs/msg/vector2.h
-- Symlinking: /home/glist/buddy/install/yolov8_msgs/share/yolov8_msgs/environment/library_path.sh
-- Symlinking: /home/glist/buddy/install/yolov8_msgs/share/yolov8_msgs/environment/library_path.dsv
-- Symlinking: /home/glist/buddy/install/yolov8_msgs/include/yolov8_msgs/yolov8_msgs/msg/detail/bounding_box2_d__rosidl_typesupport_fastrtps_c.h
-- Symlinking: /home/glist/buddy/install/yolov8_msgs/include/yolov8_msgs/yolov8_msgs/msg/detail/bounding_box3_d__rosidl_typesupport_fastrtps_c.h
-- Symlinking: /home/glist/buddy/install/yolov8_msgs/include/yolov8_msgs/yolov8_msgs/msg/detail/detection__rosidl_typesupport_fastrtps_c.h
-- Symlinking: /home/glist/buddy/install/yolov8_msgs/include/yolov8_msgs/yolov8_msgs/msg/detail/detection_array__rosidl_typesupport_fastrtps_c.h
-- Symlinking: /home/glist/buddy/install/yolov8_msgs/include/yolov8_msgs/yolov8_msgs/msg/detail/detection_person__rosidl_typesupport_fastrtps_c.h
-- Symlinking: /home/glist/buddy/install/yolov8_msgs/include/yolov8_msgs/yolov8_msgs/msg/detail/detection_steal__rosidl_typesupport_fastrtps_c.h
-- Symlinking: /home/glist/buddy/install/yolov8_msgs/include/yolov8_msgs/yolov8_msgs/msg/detail/detection_tomato__rosidl_typesupport_fastrtps_c.h
-- Symlinking: /home/glist/buddy/install/yolov8_msgs/include/yolov8_msgs/yolov8_msgs/msg/detail/key_point2_d__rosidl_typesupport_fastrtps_c.h
-- Symlinking: /home/glist/buddy/install/yolov8_msgs/include/yolov8_msgs/yolov8_msgs/msg/detail/key_point2_d_array__rosidl_typesupport_fastrtps_c.h
-- Symlinking: /home/glist/buddy/install/yolov8_msgs/include/yolov8_msgs/yolov8_msgs/msg/detail/key_point3_d__rosidl_typesupport_fastrtps_c.h
-- Symlinking: /home/glist/buddy/install/yolov8_msgs/include/yolov8_msgs/yolov8_msgs/msg/detail/key_point3_d_array__rosidl_typesupport_fastrtps_c.h
-- Symlinking: /home/glist/buddy/install/yolov8_msgs/include/yolov8_msgs/yolov8_msgs/msg/detail/mask__rosidl_typesupport_fastrtps_c.h
-- Symlinking: /home/glist/buddy/install/yolov8_msgs/include/yolov8_msgs/yolov8_msgs/msg/detail/point2_d__rosidl_typesupport_fastrtps_c.h
-- Symlinking: /home/glist/buddy/install/yolov8_msgs/include/yolov8_msgs/yolov8_msgs/msg/detail/pose2_d__rosidl_typesupport_fastrtps_c.h
-- Symlinking: /home/glist/buddy/install/yolov8_msgs/include/yolov8_msgs/yolov8_msgs/msg/detail/vector2__rosidl_typesupport_fastrtps_c.h
-- Symlinking: /home/glist/buddy/install/yolov8_msgs/include/yolov8_msgs/yolov8_msgs/msg/rosidl_typesupport_fastrtps_c__visibility_control.h
-- Symlinking: /home/glist/buddy/install/yolov8_msgs/include/yolov8_msgs/yolov8_msgs/msg/detail/bounding_box2_d__rosidl_typesupport_introspection_c.h
-- Symlinking: /home/glist/buddy/install/yolov8_msgs/include/yolov8_msgs/yolov8_msgs/msg/detail/bounding_box3_d__rosidl_typesupport_introspection_c.h
-- Symlinking: /home/glist/buddy/install/yolov8_msgs/include/yolov8_msgs/yolov8_msgs/msg/detail/detection__rosidl_typesupport_introspection_c.h
-- Symlinking: /home/glist/buddy/install/yolov8_msgs/include/yolov8_msgs/yolov8_msgs/msg/detail/detection_array__rosidl_typesupport_introspection_c.h
-- Symlinking: /home/glist/buddy/install/yolov8_msgs/include/yolov8_msgs/yolov8_msgs/msg/detail/detection_person__rosidl_typesupport_introspection_c.h
-- Symlinking: /home/glist/buddy/install/yolov8_msgs/include/yolov8_msgs/yolov8_msgs/msg/detail/detection_steal__rosidl_typesupport_introspection_c.h
-- Symlinking: /home/glist/buddy/install/yolov8_msgs/include/yolov8_msgs/yolov8_msgs/msg/detail/detection_tomato__rosidl_typesupport_introspection_c.h
-- Symlinking: /home/glist/buddy/install/yolov8_msgs/include/yolov8_msgs/yolov8_msgs/msg/detail/key_point2_d__rosidl_typesupport_introspection_c.h
-- Symlinking: /home/glist/buddy/install/yolov8_msgs/include/yolov8_msgs/yolov8_msgs/msg/detail/key_point2_d_array__rosidl_typesupport_introspection_c.h
-- Symlinking: /home/glist/buddy/install/yolov8_msgs/include/yolov8_msgs/yolov8_msgs/msg/detail/key_point3_d__rosidl_typesupport_introspection_c.h
-- Symlinking: /home/glist/buddy/install/yolov8_msgs/include/yolov8_msgs/yolov8_msgs/msg/detail/key_point3_d_array__rosidl_typesupport_introspection_c.h
-- Symlinking: /home/glist/buddy/install/yolov8_msgs/include/yolov8_msgs/yolov8_msgs/msg/detail/mask__rosidl_typesupport_introspection_c.h
-- Symlinking: /home/glist/buddy/install/yolov8_msgs/include/yolov8_msgs/yolov8_msgs/msg/detail/point2_d__rosidl_typesupport_introspection_c.h
-- Symlinking: /home/glist/buddy/install/yolov8_msgs/include/yolov8_msgs/yolov8_msgs/msg/detail/pose2_d__rosidl_typesupport_introspection_c.h
-- Symlinking: /home/glist/buddy/install/yolov8_msgs/include/yolov8_msgs/yolov8_msgs/msg/detail/vector2__rosidl_typesupport_introspection_c.h
-- Symlinking: /home/glist/buddy/install/yolov8_msgs/include/yolov8_msgs/yolov8_msgs/msg/rosidl_typesupport_introspection_c__visibility_control.h
-- Symlinking: /home/glist/buddy/install/yolov8_msgs/include/yolov8_msgs/yolov8_msgs/msg/bounding_box2_d.hpp
-- Symlinking: /home/glist/buddy/install/yolov8_msgs/include/yolov8_msgs/yolov8_msgs/msg/bounding_box3_d.hpp
-- Symlinking: /home/glist/buddy/install/yolov8_msgs/include/yolov8_msgs/yolov8_msgs/msg/detail/bounding_box2_d__builder.hpp
-- Symlinking: /home/glist/buddy/install/yolov8_msgs/include/yolov8_msgs/yolov8_msgs/msg/detail/bounding_box2_d__struct.hpp
-- Symlinking: /home/glist/buddy/install/yolov8_msgs/include/yolov8_msgs/yolov8_msgs/msg/detail/bounding_box2_d__traits.hpp
-- Symlinking: /home/glist/buddy/install/yolov8_msgs/include/yolov8_msgs/yolov8_msgs/msg/detail/bounding_box2_d__type_support.hpp
-- Symlinking: /home/glist/buddy/install/yolov8_msgs/include/yolov8_msgs/yolov8_msgs/msg/detail/bounding_box3_d__builder.hpp
-- Symlinking: /home/glist/buddy/install/yolov8_msgs/include/yolov8_msgs/yolov8_msgs/msg/detail/bounding_box3_d__struct.hpp
-- Symlinking: /home/glist/buddy/install/yolov8_msgs/include/yolov8_msgs/yolov8_msgs/msg/detail/bounding_box3_d__traits.hpp
-- Symlinking: /home/glist/buddy/install/yolov8_msgs/include/yolov8_msgs/yolov8_msgs/msg/detail/bounding_box3_d__type_support.hpp
-- Symlinking: /home/glist/buddy/install/yolov8_msgs/include/yolov8_msgs/yolov8_msgs/msg/detail/detection__builder.hpp
-- Symlinking: /home/glist/buddy/install/yolov8_msgs/include/yolov8_msgs/yolov8_msgs/msg/detail/detection__struct.hpp
-- Symlinking: /home/glist/buddy/install/yolov8_msgs/include/yolov8_msgs/yolov8_msgs/msg/detail/detection__traits.hpp
-- Symlinking: /home/glist/buddy/install/yolov8_msgs/include/yolov8_msgs/yolov8_msgs/msg/detail/detection__type_support.hpp
-- Symlinking: /home/glist/buddy/install/yolov8_msgs/include/yolov8_msgs/yolov8_msgs/msg/detail/detection_array__builder.hpp
-- Symlinking: /home/glist/buddy/install/yolov8_msgs/include/yolov8_msgs/yolov8_msgs/msg/detail/detection_array__struct.hpp
-- Symlinking: /home/glist/buddy/install/yolov8_msgs/include/yolov8_msgs/yolov8_msgs/msg/detail/detection_array__traits.hpp
-- Symlinking: /home/glist/buddy/install/yolov8_msgs/include/yolov8_msgs/yolov8_msgs/msg/detail/detection_array__type_support.hpp
-- Symlinking: /home/glist/buddy/install/yolov8_msgs/include/yolov8_msgs/yolov8_msgs/msg/detail/detection_person__builder.hpp
-- Symlinking: /home/glist/buddy/install/yolov8_msgs/include/yolov8_msgs/yolov8_msgs/msg/detail/detection_person__struct.hpp
-- Symlinking: /home/glist/buddy/install/yolov8_msgs/include/yolov8_msgs/yolov8_msgs/msg/detail/detection_person__traits.hpp
-- Symlinking: /home/glist/buddy/install/yolov8_msgs/include/yolov8_msgs/yolov8_msgs/msg/detail/detection_person__type_support.hpp
-- Symlinking: /home/glist/buddy/install/yolov8_msgs/include/yolov8_msgs/yolov8_msgs/msg/detail/detection_steal__builder.hpp
-- Symlinking: /home/glist/buddy/install/yolov8_msgs/include/yolov8_msgs/yolov8_msgs/msg/detail/detection_steal__struct.hpp
-- Symlinking: /home/glist/buddy/install/yolov8_msgs/include/yolov8_msgs/yolov8_msgs/msg/detail/detection_steal__traits.hpp
-- Symlinking: /home/glist/buddy/install/yolov8_msgs/include/yolov8_msgs/yolov8_msgs/msg/detail/detection_steal__type_support.hpp
-- Symlinking: /home/glist/buddy/install/yolov8_msgs/include/yolov8_msgs/yolov8_msgs/msg/detail/detection_tomato__builder.hpp
-- Symlinking: /home/glist/buddy/install/yolov8_msgs/include/yolov8_msgs/yolov8_msgs/msg/detail/detection_tomato__struct.hpp
-- Symlinking: /home/glist/buddy/install/yolov8_msgs/include/yolov8_msgs/yolov8_msgs/msg/detail/detection_tomato__traits.hpp
-- Symlinking: /home/glist/buddy/install/yolov8_msgs/include/yolov8_msgs/yolov8_msgs/msg/detail/detection_tomato__type_support.hpp
-- Symlinking: /home/glist/buddy/install/yolov8_msgs/include/yolov8_msgs/yolov8_msgs/msg/detail/key_point2_d__builder.hpp
-- Symlinking: /home/glist/buddy/install/yolov8_msgs/include/yolov8_msgs/yolov8_msgs/msg/detail/key_point2_d__struct.hpp
-- Symlinking: /home/glist/buddy/install/yolov8_msgs/include/yolov8_msgs/yolov8_msgs/msg/detail/key_point2_d__traits.hpp
-- Symlinking: /home/glist/buddy/install/yolov8_msgs/include/yolov8_msgs/yolov8_msgs/msg/detail/key_point2_d__type_support.hpp
-- Symlinking: /home/glist/buddy/install/yolov8_msgs/include/yolov8_msgs/yolov8_msgs/msg/detail/key_point2_d_array__builder.hpp
-- Symlinking: /home/glist/buddy/install/yolov8_msgs/include/yolov8_msgs/yolov8_msgs/msg/detail/key_point2_d_array__struct.hpp
-- Symlinking: /home/glist/buddy/install/yolov8_msgs/include/yolov8_msgs/yolov8_msgs/msg/detail/key_point2_d_array__traits.hpp
-- Symlinking: /home/glist/buddy/install/yolov8_msgs/include/yolov8_msgs/yolov8_msgs/msg/detail/key_point2_d_array__type_support.hpp
-- Symlinking: /home/glist/buddy/install/yolov8_msgs/include/yolov8_msgs/yolov8_msgs/msg/detail/key_point3_d__builder.hpp
-- Symlinking: /home/glist/buddy/install/yolov8_msgs/include/yolov8_msgs/yolov8_msgs/msg/detail/key_point3_d__struct.hpp
-- Symlinking: /home/glist/buddy/install/yolov8_msgs/include/yolov8_msgs/yolov8_msgs/msg/detail/key_point3_d__traits.hpp
-- Symlinking: /home/glist/buddy/install/yolov8_msgs/include/yolov8_msgs/yolov8_msgs/msg/detail/key_point3_d__type_support.hpp
-- Symlinking: /home/glist/buddy/install/yolov8_msgs/include/yolov8_msgs/yolov8_msgs/msg/detail/key_point3_d_array__builder.hpp
-- Symlinking: /home/glist/buddy/install/yolov8_msgs/include/yolov8_msgs/yolov8_msgs/msg/detail/key_point3_d_array__struct.hpp
-- Symlinking: /home/glist/buddy/install/yolov8_msgs/include/yolov8_msgs/yolov8_msgs/msg/detail/key_point3_d_array__traits.hpp
-- Symlinking: /home/glist/buddy/install/yolov8_msgs/include/yolov8_msgs/yolov8_msgs/msg/detail/key_point3_d_array__type_support.hpp
-- Symlinking: /home/glist/buddy/install/yolov8_msgs/include/yolov8_msgs/yolov8_msgs/msg/detail/mask__builder.hpp
-- Symlinking: /home/glist/buddy/install/yolov8_msgs/include/yolov8_msgs/yolov8_msgs/msg/detail/mask__struct.hpp
-- Symlinking: /home/glist/buddy/install/yolov8_msgs/include/yolov8_msgs/yolov8_msgs/msg/detail/mask__traits.hpp
-- Symlinking: /home/glist/buddy/install/yolov8_msgs/include/yolov8_msgs/yolov8_msgs/msg/detail/mask__type_support.hpp
-- Symlinking: /home/glist/buddy/install/yolov8_msgs/include/yolov8_msgs/yolov8_msgs/msg/detail/point2_d__builder.hpp
-- Symlinking: /home/glist/buddy/install/yolov8_msgs/include/yolov8_msgs/yolov8_msgs/msg/detail/point2_d__struct.hpp
-- Symlinking: /home/glist/buddy/install/yolov8_msgs/include/yolov8_msgs/yolov8_msgs/msg/detail/point2_d__traits.hpp
-- Symlinking: /home/glist/buddy/install/yolov8_msgs/include/yolov8_msgs/yolov8_msgs/msg/detail/point2_d__type_support.hpp
-- Symlinking: /home/glist/buddy/install/yolov8_msgs/include/yolov8_msgs/yolov8_msgs/msg/detail/pose2_d__builder.hpp
-- Symlinking: /home/glist/buddy/install/yolov8_msgs/include/yolov8_msgs/yolov8_msgs/msg/detail/pose2_d__struct.hpp
-- Symlinking: /home/glist/buddy/install/yolov8_msgs/include/yolov8_msgs/yolov8_msgs/msg/detail/pose2_d__traits.hpp
-- Symlinking: /home/glist/buddy/install/yolov8_msgs/include/yolov8_msgs/yolov8_msgs/msg/detail/pose2_d__type_support.hpp
-- Symlinking: /home/glist/buddy/install/yolov8_msgs/include/yolov8_msgs/yolov8_msgs/msg/detail/vector2__builder.hpp
-- Symlinking: /home/glist/buddy/install/yolov8_msgs/include/yolov8_msgs/yolov8_msgs/msg/detail/vector2__struct.hpp
-- Symlinking: /home/glist/buddy/install/yolov8_msgs/include/yolov8_msgs/yolov8_msgs/msg/detail/vector2__traits.hpp
-- Symlinking: /home/glist/buddy/install/yolov8_msgs/include/yolov8_msgs/yolov8_msgs/msg/detail/vector2__type_support.hpp
-- Symlinking: /home/glist/buddy/install/yolov8_msgs/include/yolov8_msgs/yolov8_msgs/msg/detection.hpp
-- Symlinking: /home/glist/buddy/install/yolov8_msgs/include/yolov8_msgs/yolov8_msgs/msg/detection_array.hpp
-- Symlinking: /home/glist/buddy/install/yolov8_msgs/include/yolov8_msgs/yolov8_msgs/msg/detection_person.hpp
-- Symlinking: /home/glist/buddy/install/yolov8_msgs/include/yolov8_msgs/yolov8_msgs/msg/detection_steal.hpp
-- Symlinking: /home/glist/buddy/install/yolov8_msgs/include/yolov8_msgs/yolov8_msgs/msg/detection_tomato.hpp
-- Symlinking: /home/glist/buddy/install/yolov8_msgs/include/yolov8_msgs/yolov8_msgs/msg/key_point2_d.hpp
-- Symlinking: /home/glist/buddy/install/yolov8_msgs/include/yolov8_msgs/yolov8_msgs/msg/key_point2_d_array.hpp
-- Symlinking: /home/glist/buddy/install/yolov8_msgs/include/yolov8_msgs/yolov8_msgs/msg/key_point3_d.hpp
-- Symlinking: /home/glist/buddy/install/yolov8_msgs/include/yolov8_msgs/yolov8_msgs/msg/key_point3_d_array.hpp
-- Symlinking: /home/glist/buddy/install/yolov8_msgs/include/yolov8_msgs/yolov8_msgs/msg/mask.hpp
-- Symlinking: /home/glist/buddy/install/yolov8_msgs/include/yolov8_msgs/yolov8_msgs/msg/point2_d.hpp
-- Symlinking: /home/glist/buddy/install/yolov8_msgs/include/yolov8_msgs/yolov8_msgs/msg/pose2_d.hpp
-- Symlinking: /home/glist/buddy/install/yolov8_msgs/include/yolov8_msgs/yolov8_msgs/msg/rosidl_generator_cpp__visibility_control.hpp
-- Symlinking: /home/glist/buddy/install/yolov8_msgs/include/yolov8_msgs/yolov8_msgs/msg/vector2.hpp
-- Symlinking: /home/glist/buddy/install/yolov8_msgs/include/yolov8_msgs/yolov8_msgs/msg/detail/bounding_box2_d__rosidl_typesupport_fastrtps_cpp.hpp
-- Symlinking: /home/glist/buddy/install/yolov8_msgs/include/yolov8_msgs/yolov8_msgs/msg/detail/bounding_box3_d__rosidl_typesupport_fastrtps_cpp.hpp
-- Symlinking: /home/glist/buddy/install/yolov8_msgs/include/yolov8_msgs/yolov8_msgs/msg/detail/detection__rosidl_typesupport_fastrtps_cpp.hpp
-- Symlinking: /home/glist/buddy/install/yolov8_msgs/include/yolov8_msgs/yolov8_msgs/msg/detail/detection_array__rosidl_typesupport_fastrtps_cpp.hpp
-- Symlinking: /home/glist/buddy/install/yolov8_msgs/include/yolov8_msgs/yolov8_msgs/msg/detail/detection_person__rosidl_typesupport_fastrtps_cpp.hpp
-- Symlinking: /home/glist/buddy/install/yolov8_msgs/include/yolov8_msgs/yolov8_msgs/msg/detail/detection_steal__rosidl_typesupport_fastrtps_cpp.hpp
-- Symlinking: /home/glist/buddy/install/yolov8_msgs/include/yolov8_msgs/yolov8_msgs/msg/detail/detection_tomato__rosidl_typesupport_fastrtps_cpp.hpp
-- Symlinking: /home/glist/buddy/install/yolov8_msgs/include/yolov8_msgs/yolov8_msgs/msg/detail/key_point2_d__rosidl_typesupport_fastrtps_cpp.hpp
-- Symlinking: /home/glist/buddy/install/yolov8_msgs/include/yolov8_msgs/yolov8_msgs/msg/detail/key_point2_d_array__rosidl_typesupport_fastrtps_cpp.hpp
-- Symlinking: /home/glist/buddy/install/yolov8_msgs/include/yolov8_msgs/yolov8_msgs/msg/detail/key_point3_d__rosidl_typesupport_fastrtps_cpp.hpp
-- Symlinking: /home/glist/buddy/install/yolov8_msgs/include/yolov8_msgs/yolov8_msgs/msg/detail/key_point3_d_array__rosidl_typesupport_fastrtps_cpp.hpp
-- Symlinking: /home/glist/buddy/install/yolov8_msgs/include/yolov8_msgs/yolov8_msgs/msg/detail/mask__rosidl_typesupport_fastrtps_cpp.hpp
-- Symlinking: /home/glist/buddy/install/yolov8_msgs/include/yolov8_msgs/yolov8_msgs/msg/detail/point2_d__rosidl_typesupport_fastrtps_cpp.hpp
-- Symlinking: /home/glist/buddy/install/yolov8_msgs/include/yolov8_msgs/yolov8_msgs/msg/detail/pose2_d__rosidl_typesupport_fastrtps_cpp.hpp
-- Symlinking: /home/glist/buddy/install/yolov8_msgs/include/yolov8_msgs/yolov8_msgs/msg/detail/vector2__rosidl_typesupport_fastrtps_cpp.hpp
-- Symlinking: /home/glist/buddy/install/yolov8_msgs/include/yolov8_msgs/yolov8_msgs/msg/rosidl_typesupport_fastrtps_cpp__visibility_control.h
-- Symlinking: /home/glist/buddy/install/yolov8_msgs/include/yolov8_msgs/yolov8_msgs/msg/detail/bounding_box2_d__rosidl_typesupport_introspection_cpp.hpp
-- Symlinking: /home/glist/buddy/install/yolov8_msgs/include/yolov8_msgs/yolov8_msgs/msg/detail/bounding_box3_d__rosidl_typesupport_introspection_cpp.hpp
-- Symlinking: /home/glist/buddy/install/yolov8_msgs/include/yolov8_msgs/yolov8_msgs/msg/detail/detection__rosidl_typesupport_introspection_cpp.hpp
-- Symlinking: /home/glist/buddy/install/yolov8_msgs/include/yolov8_msgs/yolov8_msgs/msg/detail/detection_array__rosidl_typesupport_introspection_cpp.hpp
-- Symlinking: /home/glist/buddy/install/yolov8_msgs/include/yolov8_msgs/yolov8_msgs/msg/detail/detection_person__rosidl_typesupport_introspection_cpp.hpp
-- Symlinking: /home/glist/buddy/install/yolov8_msgs/include/yolov8_msgs/yolov8_msgs/msg/detail/detection_steal__rosidl_typesupport_introspection_cpp.hpp
-- Symlinking: /home/glist/buddy/install/yolov8_msgs/include/yolov8_msgs/yolov8_msgs/msg/detail/detection_tomato__rosidl_typesupport_introspection_cpp.hpp
-- Symlinking: /home/glist/buddy/install/yolov8_msgs/include/yolov8_msgs/yolov8_msgs/msg/detail/key_point2_d__rosidl_typesupport_introspection_cpp.hpp
-- Symlinking: /home/glist/buddy/install/yolov8_msgs/include/yolov8_msgs/yolov8_msgs/msg/detail/key_point2_d_array__rosidl_typesupport_introspection_cpp.hpp
-- Symlinking: /home/glist/buddy/install/yolov8_msgs/include/yolov8_msgs/yolov8_msgs/msg/detail/key_point3_d__rosidl_typesupport_introspection_cpp.hpp
-- Symlinking: /home/glist/buddy/install/yolov8_msgs/include/yolov8_msgs/yolov8_msgs/msg/detail/key_point3_d_array__rosidl_typesupport_introspection_cpp.hpp
-- Symlinking: /home/glist/buddy/install/yolov8_msgs/include/yolov8_msgs/yolov8_msgs/msg/detail/mask__rosidl_typesupport_introspection_cpp.hpp
-- Symlinking: /home/glist/buddy/install/yolov8_msgs/include/yolov8_msgs/yolov8_msgs/msg/detail/point2_d__rosidl_typesupport_introspection_cpp.hpp
-- Symlinking: /home/glist/buddy/install/yolov8_msgs/include/yolov8_msgs/yolov8_msgs/msg/detail/pose2_d__rosidl_typesupport_introspection_cpp.hpp
-- Symlinking: /home/glist/buddy/install/yolov8_msgs/include/yolov8_msgs/yolov8_msgs/msg/detail/vector2__rosidl_typesupport_introspection_cpp.hpp
-- Symlinking: /home/glist/buddy/install/yolov8_msgs/share/yolov8_msgs/environment/pythonpath.sh
-- Symlinking: /home/glist/buddy/install/yolov8_msgs/share/yolov8_msgs/environment/pythonpath.dsv
-- Symlinking: /home/glist/buddy/install/yolov8_msgs/local/lib/python3.10/dist-packages/yolov8_msgs-3.4.0-py3.10.egg-info/PKG-INFO
-- Symlinking: /home/glist/buddy/install/yolov8_msgs/local/lib/python3.10/dist-packages/yolov8_msgs-3.4.0-py3.10.egg-info/SOURCES.txt
-- Symlinking: /home/glist/buddy/install/yolov8_msgs/local/lib/python3.10/dist-packages/yolov8_msgs-3.4.0-py3.10.egg-info/dependency_links.txt
-- Symlinking: /home/glist/buddy/install/yolov8_msgs/local/lib/python3.10/dist-packages/yolov8_msgs-3.4.0-py3.10.egg-info/top_level.txt
-- Symlinking: /home/glist/buddy/install/yolov8_msgs/local/lib/python3.10/dist-packages/yolov8_msgs/__init__.py
-- Symlinking: /home/glist/buddy/install/yolov8_msgs/local/lib/python3.10/dist-packages/yolov8_msgs/_yolov8_msgs_s.ep.rosidl_typesupport_c.c
-- Symlinking: /home/glist/buddy/install/yolov8_msgs/local/lib/python3.10/dist-packages/yolov8_msgs/_yolov8_msgs_s.ep.rosidl_typesupport_fastrtps_c.c
-- Symlinking: /home/glist/buddy/install/yolov8_msgs/local/lib/python3.10/dist-packages/yolov8_msgs/_yolov8_msgs_s.ep.rosidl_typesupport_introspection_c.c
-- Symlinking: /home/glist/buddy/install/yolov8_msgs/local/lib/python3.10/dist-packages/yolov8_msgs/libyolov8_msgs__rosidl_generator_py.so
-- Symlinking: /home/glist/buddy/install/yolov8_msgs/local/lib/python3.10/dist-packages/yolov8_msgs/msg/__init__.py
-- Symlinking: /home/glist/buddy/install/yolov8_msgs/local/lib/python3.10/dist-packages/yolov8_msgs/msg/_bounding_box2_d.py
-- Symlinking: /home/glist/buddy/install/yolov8_msgs/local/lib/python3.10/dist-packages/yolov8_msgs/msg/_bounding_box2_d_s.c
-- Symlinking: /home/glist/buddy/install/yolov8_msgs/local/lib/python3.10/dist-packages/yolov8_msgs/msg/_bounding_box3_d.py
-- Symlinking: /home/glist/buddy/install/yolov8_msgs/local/lib/python3.10/dist-packages/yolov8_msgs/msg/_bounding_box3_d_s.c
-- Symlinking: /home/glist/buddy/install/yolov8_msgs/local/lib/python3.10/dist-packages/yolov8_msgs/msg/_detection.py
-- Symlinking: /home/glist/buddy/install/yolov8_msgs/local/lib/python3.10/dist-packages/yolov8_msgs/msg/_detection_array.py
-- Symlinking: /home/glist/buddy/install/yolov8_msgs/local/lib/python3.10/dist-packages/yolov8_msgs/msg/_detection_array_s.c
-- Symlinking: /home/glist/buddy/install/yolov8_msgs/local/lib/python3.10/dist-packages/yolov8_msgs/msg/_detection_person.py
-- Symlinking: /home/glist/buddy/install/yolov8_msgs/local/lib/python3.10/dist-packages/yolov8_msgs/msg/_detection_person_s.c
-- Symlinking: /home/glist/buddy/install/yolov8_msgs/local/lib/python3.10/dist-packages/yolov8_msgs/msg/_detection_s.c
-- Symlinking: /home/glist/buddy/install/yolov8_msgs/local/lib/python3.10/dist-packages/yolov8_msgs/msg/_detection_steal.py
-- Symlinking: /home/glist/buddy/install/yolov8_msgs/local/lib/python3.10/dist-packages/yolov8_msgs/msg/_detection_steal_s.c
-- Symlinking: /home/glist/buddy/install/yolov8_msgs/local/lib/python3.10/dist-packages/yolov8_msgs/msg/_detection_tomato.py
-- Symlinking: /home/glist/buddy/install/yolov8_msgs/local/lib/python3.10/dist-packages/yolov8_msgs/msg/_detection_tomato_s.c
-- Symlinking: /home/glist/buddy/install/yolov8_msgs/local/lib/python3.10/dist-packages/yolov8_msgs/msg/_key_point2_d.py
-- Symlinking: /home/glist/buddy/install/yolov8_msgs/local/lib/python3.10/dist-packages/yolov8_msgs/msg/_key_point2_d_array.py
-- Symlinking: /home/glist/buddy/install/yolov8_msgs/local/lib/python3.10/dist-packages/yolov8_msgs/msg/_key_point2_d_array_s.c
-- Symlinking: /home/glist/buddy/install/yolov8_msgs/local/lib/python3.10/dist-packages/yolov8_msgs/msg/_key_point2_d_s.c
-- Symlinking: /home/glist/buddy/install/yolov8_msgs/local/lib/python3.10/dist-packages/yolov8_msgs/msg/_key_point3_d.py
-- Symlinking: /home/glist/buddy/install/yolov8_msgs/local/lib/python3.10/dist-packages/yolov8_msgs/msg/_key_point3_d_array.py
-- Symlinking: /home/glist/buddy/install/yolov8_msgs/local/lib/python3.10/dist-packages/yolov8_msgs/msg/_key_point3_d_array_s.c
-- Symlinking: /home/glist/buddy/install/yolov8_msgs/local/lib/python3.10/dist-packages/yolov8_msgs/msg/_key_point3_d_s.c
-- Symlinking: /home/glist/buddy/install/yolov8_msgs/local/lib/python3.10/dist-packages/yolov8_msgs/msg/_mask.py
-- Symlinking: /home/glist/buddy/install/yolov8_msgs/local/lib/python3.10/dist-packages/yolov8_msgs/msg/_mask_s.c
-- Symlinking: /home/glist/buddy/install/yolov8_msgs/local/lib/python3.10/dist-packages/yolov8_msgs/msg/_point2_d.py
-- Symlinking: /home/glist/buddy/install/yolov8_msgs/local/lib/python3.10/dist-packages/yolov8_msgs/msg/_point2_d_s.c
-- Symlinking: /home/glist/buddy/install/yolov8_msgs/local/lib/python3.10/dist-packages/yolov8_msgs/msg/_pose2_d.py
-- Symlinking: /home/glist/buddy/install/yolov8_msgs/local/lib/python3.10/dist-packages/yolov8_msgs/msg/_pose2_d_s.c
-- Symlinking: /home/glist/buddy/install/yolov8_msgs/local/lib/python3.10/dist-packages/yolov8_msgs/msg/_vector2.py
-- Symlinking: /home/glist/buddy/install/yolov8_msgs/local/lib/python3.10/dist-packages/yolov8_msgs/msg/_vector2_s.c
-- Symlinking: /home/glist/buddy/install/yolov8_msgs/local/lib/python3.10/dist-packages/yolov8_msgs/yolov8_msgs_s__rosidl_typesupport_c.cpython-310-x86_64-linux-gnu.so
-- Symlinking: /home/glist/buddy/install/yolov8_msgs/local/lib/python3.10/dist-packages/yolov8_msgs/yolov8_msgs_s__rosidl_typesupport_fastrtps_c.cpython-310-x86_64-linux-gnu.so
-- Symlinking: /home/glist/buddy/install/yolov8_msgs/local/lib/python3.10/dist-packages/yolov8_msgs/yolov8_msgs_s__rosidl_typesupport_introspection_c.cpython-310-x86_64-linux-gnu.so
-- Up-to-date symlink: /home/glist/buddy/install/yolov8_msgs/local/lib/python3.10/dist-packages/yolov8_msgs/yolov8_msgs_s__rosidl_typesupport_fastrtps_c.cpython-310-x86_64-linux-gnu.so
-- Up-to-date symlink: /home/glist/buddy/install/yolov8_msgs/local/lib/python3.10/dist-packages/yolov8_msgs/yolov8_msgs_s__rosidl_typesupport_introspection_c.cpython-310-x86_64-linux-gnu.so
-- Up-to-date symlink: /home/glist/buddy/install/yolov8_msgs/local/lib/python3.10/dist-packages/yolov8_msgs/yolov8_msgs_s__rosidl_typesupport_c.cpython-310-x86_64-linux-gnu.so
-- Symlinking: /home/glist/buddy/install/yolov8_msgs/share/yolov8_msgs/msg/Point2D.idl
-- Symlinking: /home/glist/buddy/install/yolov8_msgs/share/yolov8_msgs/msg/Vector2.idl
-- Symlinking: /home/glist/buddy/install/yolov8_msgs/share/yolov8_msgs/msg/Pose2D.idl
-- Symlinking: /home/glist/buddy/install/yolov8_msgs/share/yolov8_msgs/msg/BoundingBox2D.idl
-- Symlinking: /home/glist/buddy/install/yolov8_msgs/share/yolov8_msgs/msg/BoundingBox3D.idl
-- Symlinking: /home/glist/buddy/install/yolov8_msgs/share/yolov8_msgs/msg/Mask.idl
-- Symlinking: /home/glist/buddy/install/yolov8_msgs/share/yolov8_msgs/msg/KeyPoint2D.idl
-- Symlinking: /home/glist/buddy/install/yolov8_msgs/share/yolov8_msgs/msg/KeyPoint2DArray.idl
-- Symlinking: /home/glist/buddy/install/yolov8_msgs/share/yolov8_msgs/msg/KeyPoint3D.idl
-- Symlinking: /home/glist/buddy/install/yolov8_msgs/share/yolov8_msgs/msg/KeyPoint3DArray.idl
-- Symlinking: /home/glist/buddy/install/yolov8_msgs/share/yolov8_msgs/msg/Detection.idl
-- Symlinking: /home/glist/buddy/install/yolov8_msgs/share/yolov8_msgs/msg/DetectionPerson.idl
-- Symlinking: /home/glist/buddy/install/yolov8_msgs/share/yolov8_msgs/msg/DetectionTomato.idl
-- Symlinking: /home/glist/buddy/install/yolov8_msgs/share/yolov8_msgs/msg/DetectionSteal.idl
-- Symlinking: /home/glist/buddy/install/yolov8_msgs/share/yolov8_msgs/msg/DetectionArray.idl
-- Symlinking: /home/glist/buddy/install/yolov8_msgs/share/yolov8_msgs/msg/Point2D.msg
-- Symlinking: /home/glist/buddy/install/yolov8_msgs/share/yolov8_msgs/msg/Vector2.msg
-- Symlinking: /home/glist/buddy/install/yolov8_msgs/share/yolov8_msgs/msg/Pose2D.msg
-- Symlinking: /home/glist/buddy/install/yolov8_msgs/share/yolov8_msgs/msg/BoundingBox2D.msg
-- Symlinking: /home/glist/buddy/install/yolov8_msgs/share/yolov8_msgs/msg/BoundingBox3D.msg
-- Symlinking: /home/glist/buddy/install/yolov8_msgs/share/yolov8_msgs/msg/Mask.msg
-- Symlinking: /home/glist/buddy/install/yolov8_msgs/share/yolov8_msgs/msg/KeyPoint2D.msg
-- Symlinking: /home/glist/buddy/install/yolov8_msgs/share/yolov8_msgs/msg/KeyPoint2DArray.msg
-- Symlinking: /home/glist/buddy/install/yolov8_msgs/share/yolov8_msgs/msg/KeyPoint3D.msg
-- Symlinking: /home/glist/buddy/install/yolov8_msgs/share/yolov8_msgs/msg/KeyPoint3DArray.msg
-- Symlinking: /home/glist/buddy/install/yolov8_msgs/share/yolov8_msgs/msg/Detection.msg
-- Symlinking: /home/glist/buddy/install/yolov8_msgs/share/yolov8_msgs/msg/DetectionPerson.msg
-- Symlinking: /home/glist/buddy/install/yolov8_msgs/share/yolov8_msgs/msg/DetectionTomato.msg
-- Symlinking: /home/glist/buddy/install/yolov8_msgs/share/yolov8_msgs/msg/DetectionSteal.msg
-- Symlinking: /home/glist/buddy/install/yolov8_msgs/share/yolov8_msgs/msg/DetectionArray.msg
-- Symlinking: /home/glist/buddy/install/yolov8_msgs/share/ament_index/resource_index/package_run_dependencies/yolov8_msgs
-- Symlinking: /home/glist/buddy/install/yolov8_msgs/share/ament_index/resource_index/parent_prefix_path/yolov8_msgs
-- Symlinking: /home/glist/buddy/install/yolov8_msgs/share/yolov8_msgs/environment/ament_prefix_path.sh
-- Symlinking: /home/glist/buddy/install/yolov8_msgs/share/yolov8_msgs/environment/ament_prefix_path.dsv
-- Symlinking: /home/glist/buddy/install/yolov8_msgs/share/yolov8_msgs/environment/path.sh
-- Symlinking: /home/glist/buddy/install/yolov8_msgs/share/yolov8_msgs/environment/path.dsv
-- Symlinking: /home/glist/buddy/install/yolov8_msgs/share/yolov8_msgs/local_setup.bash
-- Symlinking: /home/glist/buddy/install/yolov8_msgs/share/yolov8_msgs/local_setup.sh
-- Symlinking: /home/glist/buddy/install/yolov8_msgs/share/yolov8_msgs/local_setup.zsh
-- Symlinking: /home/glist/buddy/install/yolov8_msgs/share/yolov8_msgs/local_setup.dsv
-- Symlinking: /home/glist/buddy/install/yolov8_msgs/share/yolov8_msgs/package.dsv
-- Symlinking: /home/glist/buddy/install/yolov8_msgs/share/ament_index/resource_index/packages/yolov8_msgs
-- Symlinking: /home/glist/buddy/install/yolov8_msgs/share/yolov8_msgs/cmake/rosidl_cmake-extras.cmake
-- Symlinking: /home/glist/buddy/install/yolov8_msgs/share/yolov8_msgs/cmake/ament_cmake_export_dependencies-extras.cmake
-- Symlinking: /home/glist/buddy/install/yolov8_msgs/share/yolov8_msgs/cmake/ament_cmake_export_include_directories-extras.cmake
-- Symlinking: /home/glist/buddy/install/yolov8_msgs/share/yolov8_msgs/cmake/ament_cmake_export_libraries-extras.cmake
-- Symlinking: /home/glist/buddy/install/yolov8_msgs/share/yolov8_msgs/cmake/ament_cmake_export_targets-extras.cmake
-- Symlinking: /home/glist/buddy/install/yolov8_msgs/share/yolov8_msgs/cmake/rosidl_cmake_export_typesupport_targets-extras.cmake
-- Symlinking: /home/glist/buddy/install/yolov8_msgs/share/yolov8_msgs/cmake/rosidl_cmake_export_typesupport_libraries-extras.cmake
-- Symlinking: /home/glist/buddy/install/yolov8_msgs/share/yolov8_msgs/cmake/yolov8_msgsConfig.cmake
-- Symlinking: /home/glist/buddy/install/yolov8_msgs/share/yolov8_msgs/cmake/yolov8_msgsConfig-version.cmake
-- Symlinking: /home/glist/buddy/install/yolov8_msgs/share/yolov8_msgs/package.xml
-- Installing: /home/glist/buddy/install/yolov8_msgs/lib/libyolov8_msgs__rosidl_generator_c.so
-- Set runtime path of "/home/glist/buddy/install/yolov8_msgs/lib/libyolov8_msgs__rosidl_generator_c.so" to ""
-- Installing: /home/glist/buddy/install/yolov8_msgs/lib/libyolov8_msgs__rosidl_typesupport_fastrtps_c.so
-- Set runtime path of "/home/glist/buddy/install/yolov8_msgs/lib/libyolov8_msgs__rosidl_typesupport_fastrtps_c.so" to ""
-- Installing: /home/glist/buddy/install/yolov8_msgs/lib/libyolov8_msgs__rosidl_typesupport_introspection_c.so
-- Set runtime path of "/home/glist/buddy/install/yolov8_msgs/lib/libyolov8_msgs__rosidl_typesupport_introspection_c.so" to ""
-- Installing: /home/glist/buddy/install/yolov8_msgs/lib/libyolov8_msgs__rosidl_typesupport_c.so
-- Set runtime path of "/home/glist/buddy/install/yolov8_msgs/lib/libyolov8_msgs__rosidl_typesupport_c.so" to ""
-- Installing: /home/glist/buddy/install/yolov8_msgs/lib/libyolov8_msgs__rosidl_typesupport_fastrtps_cpp.so
-- Set runtime path of "/home/glist/buddy/install/yolov8_msgs/lib/libyolov8_msgs__rosidl_typesupport_fastrtps_cpp.so" to ""
-- Installing: /home/glist/buddy/install/yolov8_msgs/lib/libyolov8_msgs__rosidl_typesupport_introspection_cpp.so
-- Set runtime path of "/home/glist/buddy/install/yolov8_msgs/lib/libyolov8_msgs__rosidl_typesupport_introspection_cpp.so" to ""
-- Installing: /home/glist/buddy/install/yolov8_msgs/lib/libyolov8_msgs__rosidl_typesupport_cpp.so
-- Set runtime path of "/home/glist/buddy/install/yolov8_msgs/lib/libyolov8_msgs__rosidl_typesupport_cpp.so" to ""
Listing '/home/glist/buddy/install/yolov8_msgs/local/lib/python3.10/dist-packages/yolov8_msgs'...
Compiling '/home/glist/buddy/install/yolov8_msgs/local/lib/python3.10/dist-packages/yolov8_msgs/__init__.py'...
Listing '/home/glist/buddy/install/yolov8_msgs/local/lib/python3.10/dist-packages/yolov8_msgs/msg'...
Compiling '/home/glist/buddy/install/yolov8_msgs/local/lib/python3.10/dist-packages/yolov8_msgs/msg/__init__.py'...
Compiling '/home/glist/buddy/install/yolov8_msgs/local/lib/python3.10/dist-packages/yolov8_msgs/msg/_bounding_box2_d.py'...
Compiling '/home/glist/buddy/install/yolov8_msgs/local/lib/python3.10/dist-packages/yolov8_msgs/msg/_bounding_box3_d.py'...
Compiling '/home/glist/buddy/install/yolov8_msgs/local/lib/python3.10/dist-packages/yolov8_msgs/msg/_detection.py'...
Compiling '/home/glist/buddy/install/yolov8_msgs/local/lib/python3.10/dist-packages/yolov8_msgs/msg/_detection_array.py'...
Compiling '/home/glist/buddy/install/yolov8_msgs/local/lib/python3.10/dist-packages/yolov8_msgs/msg/_detection_person.py'...
Compiling '/home/glist/buddy/install/yolov8_msgs/local/lib/python3.10/dist-packages/yolov8_msgs/msg/_detection_steal.py'...
Compiling '/home/glist/buddy/install/yolov8_msgs/local/lib/python3.10/dist-packages/yolov8_msgs/msg/_detection_tomato.py'...
Compiling '/home/glist/buddy/install/yolov8_msgs/local/lib/python3.10/dist-packages/yolov8_msgs/msg/_key_point2_d.py'...
Compiling '/home/glist/buddy/install/yolov8_msgs/local/lib/python3.10/dist-packages/yolov8_msgs/msg/_key_point2_d_array.py'...
Compiling '/home/glist/buddy/install/yolov8_msgs/local/lib/python3.10/dist-packages/yolov8_msgs/msg/_key_point3_d.py'...
Compiling '/home/glist/buddy/install/yolov8_msgs/local/lib/python3.10/dist-packages/yolov8_msgs/msg/_key_point3_d_array.py'...
Compiling '/home/glist/buddy/install/yolov8_msgs/local/lib/python3.10/dist-packages/yolov8_msgs/msg/_mask.py'...
Compiling '/home/glist/buddy/install/yolov8_msgs/local/lib/python3.10/dist-packages/yolov8_msgs/msg/_point2_d.py'...
Compiling '/home/glist/buddy/install/yolov8_msgs/local/lib/python3.10/dist-packages/yolov8_msgs/msg/_pose2_d.py'...
Compiling '/home/glist/buddy/install/yolov8_msgs/local/lib/python3.10/dist-packages/yolov8_msgs/msg/_vector2.py'...
-- Installing: /home/glist/buddy/install/yolov8_msgs/lib/libyolov8_msgs__rosidl_generator_py.so
-- Set runtime path of "/home/glist/buddy/install/yolov8_msgs/lib/libyolov8_msgs__rosidl_generator_py.so" to ""
-- Installing: /home/glist/buddy/install/yolov8_msgs/share/yolov8_msgs/cmake/export_yolov8_msgs__rosidl_generator_cExport.cmake
-- Installing: /home/glist/buddy/install/yolov8_msgs/share/yolov8_msgs/cmake/export_yolov8_msgs__rosidl_generator_cExport-noconfig.cmake
-- Installing: /home/glist/buddy/install/yolov8_msgs/share/yolov8_msgs/cmake/export_yolov8_msgs__rosidl_typesupport_fastrtps_cExport.cmake
-- Installing: /home/glist/buddy/install/yolov8_msgs/share/yolov8_msgs/cmake/export_yolov8_msgs__rosidl_typesupport_fastrtps_cExport-noconfig.cmake
-- Installing: /home/glist/buddy/install/yolov8_msgs/share/yolov8_msgs/cmake/yolov8_msgs__rosidl_typesupport_introspection_cExport.cmake
-- Installing: /home/glist/buddy/install/yolov8_msgs/share/yolov8_msgs/cmake/yolov8_msgs__rosidl_typesupport_introspection_cExport-noconfig.cmake
-- Installing: /home/glist/buddy/install/yolov8_msgs/share/yolov8_msgs/cmake/yolov8_msgs__rosidl_typesupport_cExport.cmake
-- Installing: /home/glist/buddy/install/yolov8_msgs/share/yolov8_msgs/cmake/yolov8_msgs__rosidl_typesupport_cExport-noconfig.cmake
-- Installing: /home/glist/buddy/install/yolov8_msgs/share/yolov8_msgs/cmake/export_yolov8_msgs__rosidl_generator_cppExport.cmake
-- Installing: /home/glist/buddy/install/yolov8_msgs/share/yolov8_msgs/cmake/export_yolov8_msgs__rosidl_typesupport_fastrtps_cppExport.cmake
-- Installing: /home/glist/buddy/install/yolov8_msgs/share/yolov8_msgs/cmake/export_yolov8_msgs__rosidl_typesupport_fastrtps_cppExport-noconfig.cmake
-- Installing: /home/glist/buddy/install/yolov8_msgs/share/yolov8_msgs/cmake/yolov8_msgs__rosidl_typesupport_introspection_cppExport.cmake
-- Installing: /home/glist/buddy/install/yolov8_msgs/share/yolov8_msgs/cmake/yolov8_msgs__rosidl_typesupport_introspection_cppExport-noconfig.cmake
-- Installing: /home/glist/buddy/install/yolov8_msgs/share/yolov8_msgs/cmake/yolov8_msgs__rosidl_typesupport_cppExport.cmake
-- Installing: /home/glist/buddy/install/yolov8_msgs/share/yolov8_msgs/cmake/yolov8_msgs__rosidl_typesupport_cppExport-noconfig.cmake
-- Installing: /home/glist/buddy/install/yolov8_msgs/share/yolov8_msgs/cmake/export_yolov8_msgs__rosidl_generator_pyExport.cmake
-- Installing: /home/glist/buddy/install/yolov8_msgs/share/yolov8_msgs/cmake/export_yolov8_msgs__rosidl_generator_pyExport-noconfig.cmake
