[0.456s] Invoking command in '/home/glist/buddy/build/rplidar_ros': CMAKE_PREFIX_PATH=/opt/ros/humble /usr/bin/cmake --build /home/glist/buddy/build/rplidar_ros -- -j16 -l16
[0.521s] [  5%] Built target rplidar_client
[0.527s] [100%] Built target rplidar_node
[0.527s] [100%] Built target rplidar_composition
[0.543s] Invoked command in '/home/glist/buddy/build/rplidar_ros' returned '0': CMAKE_PREFIX_PATH=/opt/ros/humble /usr/bin/cmake --build /home/glist/buddy/build/rplidar_ros -- -j16 -l16
[0.546s] Invoking command in '/home/glist/buddy/build/rplidar_ros': CMAKE_PREFIX_PATH=/opt/ros/humble /usr/bin/cmake --install /home/glist/buddy/build/rplidar_ros
[0.554s] -- Install configuration: ""
[0.554s] -- Execute custom install script
[0.555s] -- Up-to-date symlink: /home/glist/buddy/install/rplidar_ros/share/rplidar_ros/launch/rplidar_a1_launch.py
[0.556s] -- Up-to-date symlink: /home/glist/buddy/install/rplidar_ros/share/rplidar_ros/launch/rplidar_a2m12_launch.py
[0.556s] -- Up-to-date symlink: /home/glist/buddy/install/rplidar_ros/share/rplidar_ros/launch/rplidar_a2m7_launch.py
[0.556s] -- Up-to-date symlink: /home/glist/buddy/install/rplidar_ros/share/rplidar_ros/launch/rplidar_a2m8_launch.py
[0.556s] -- Up-to-date symlink: /home/glist/buddy/install/rplidar_ros/share/rplidar_ros/launch/rplidar_a3_launch.py
[0.557s] -- Up-to-date symlink: /home/glist/buddy/install/rplidar_ros/share/rplidar_ros/launch/rplidar_c1_launch.py
[0.557s] -- Up-to-date symlink: /home/glist/buddy/install/rplidar_ros/share/rplidar_ros/launch/rplidar_s1_launch.py
[0.557s] -- Up-to-date symlink: /home/glist/buddy/install/rplidar_ros/share/rplidar_ros/launch/rplidar_s1_tcp_launch.py
[0.557s] -- Up-to-date symlink: /home/glist/buddy/install/rplidar_ros/share/rplidar_ros/launch/rplidar_s2_launch.py
[0.558s] -- Up-to-date symlink: /home/glist/buddy/install/rplidar_ros/share/rplidar_ros/launch/rplidar_s2e_launch.py
[0.558s] -- Up-to-date symlink: /home/glist/buddy/install/rplidar_ros/share/rplidar_ros/launch/rplidar_s3_launch.py
[0.558s] -- Up-to-date symlink: /home/glist/buddy/install/rplidar_ros/share/rplidar_ros/launch/rplidar_t1_launch.py
[0.558s] -- Up-to-date symlink: /home/glist/buddy/install/rplidar_ros/share/rplidar_ros/launch/view_rplidar_a1_launch.py
[0.558s] -- Up-to-date symlink: /home/glist/buddy/install/rplidar_ros/share/rplidar_ros/launch/view_rplidar_a2m12_launch.py
[0.559s] -- Up-to-date symlink: /home/glist/buddy/install/rplidar_ros/share/rplidar_ros/launch/view_rplidar_a2m7_launch.py
[0.559s] -- Up-to-date symlink: /home/glist/buddy/install/rplidar_ros/share/rplidar_ros/launch/view_rplidar_a2m8_launch.py
[0.559s] -- Up-to-date symlink: /home/glist/buddy/install/rplidar_ros/share/rplidar_ros/launch/view_rplidar_a3_launch.py
[0.559s] -- Up-to-date symlink: /home/glist/buddy/install/rplidar_ros/share/rplidar_ros/launch/view_rplidar_c1_launch.py
[0.560s] -- Up-to-date symlink: /home/glist/buddy/install/rplidar_ros/share/rplidar_ros/launch/view_rplidar_s1_launch.py
[0.560s] -- Up-to-date symlink: /home/glist/buddy/install/rplidar_ros/share/rplidar_ros/launch/view_rplidar_s1_tcp_launch.py
[0.560s] -- Up-to-date symlink: /home/glist/buddy/install/rplidar_ros/share/rplidar_ros/launch/view_rplidar_s2_launch.py
[0.560s] -- Up-to-date symlink: /home/glist/buddy/install/rplidar_ros/share/rplidar_ros/launch/view_rplidar_s2e_launch.py
[0.561s] -- Up-to-date symlink: /home/glist/buddy/install/rplidar_ros/share/rplidar_ros/launch/view_rplidar_s3_launch.py
[0.561s] -- Up-to-date symlink: /home/glist/buddy/install/rplidar_ros/share/rplidar_ros/launch/view_rplidar_t1_launch.py
[0.561s] -- Up-to-date symlink: /home/glist/buddy/install/rplidar_ros/share/rplidar_ros/rviz/rplidar_ros.rviz
[0.562s] -- Up-to-date symlink: /home/glist/buddy/install/rplidar_ros/lib/rplidar_ros/rplidar_node
[0.562s] -- Up-to-date symlink: /home/glist/buddy/install/rplidar_ros/lib/rplidar_ros/rplidar_composition
[0.562s] -- Up-to-date symlink: /home/glist/buddy/install/rplidar_ros/lib/rplidar_ros/rplidar_client
[0.563s] -- Up-to-date symlink: /home/glist/buddy/install/rplidar_ros/share/ament_index/resource_index/package_run_dependencies/rplidar_ros
[0.563s] -- Up-to-date symlink: /home/glist/buddy/install/rplidar_ros/share/ament_index/resource_index/parent_prefix_path/rplidar_ros
[0.564s] -- Up-to-date symlink: /home/glist/buddy/install/rplidar_ros/share/rplidar_ros/environment/ament_prefix_path.sh
[0.564s] -- Up-to-date symlink: /home/glist/buddy/install/rplidar_ros/share/rplidar_ros/environment/ament_prefix_path.dsv
[0.564s] -- Up-to-date symlink: /home/glist/buddy/install/rplidar_ros/share/rplidar_ros/environment/path.sh
[0.565s] -- Up-to-date symlink: /home/glist/buddy/install/rplidar_ros/share/rplidar_ros/environment/path.dsv
[0.565s] -- Up-to-date symlink: /home/glist/buddy/install/rplidar_ros/share/rplidar_ros/local_setup.bash
[0.565s] -- Up-to-date symlink: /home/glist/buddy/install/rplidar_ros/share/rplidar_ros/local_setup.sh
[0.565s] -- Up-to-date symlink: /home/glist/buddy/install/rplidar_ros/share/rplidar_ros/local_setup.zsh
[0.566s] -- Up-to-date symlink: /home/glist/buddy/install/rplidar_ros/share/rplidar_ros/local_setup.dsv
[0.566s] -- Symlinking: /home/glist/buddy/install/rplidar_ros/share/rplidar_ros/package.dsv
[0.577s] -- Up-to-date symlink: /home/glist/buddy/install/rplidar_ros/share/ament_index/resource_index/packages/rplidar_ros
[0.577s] -- Up-to-date symlink: /home/glist/buddy/install/rplidar_ros/share/rplidar_ros/cmake/ament_cmake_export_dependencies-extras.cmake
[0.578s] -- Up-to-date symlink: /home/glist/buddy/install/rplidar_ros/share/rplidar_ros/cmake/ament_cmake_export_include_directories-extras.cmake
[0.578s] -- Up-to-date symlink: /home/glist/buddy/install/rplidar_ros/share/rplidar_ros/cmake/rplidar_rosConfig.cmake
[0.578s] -- Up-to-date symlink: /home/glist/buddy/install/rplidar_ros/share/rplidar_ros/cmake/rplidar_rosConfig-version.cmake
[0.578s] -- Up-to-date symlink: /home/glist/buddy/install/rplidar_ros/share/rplidar_ros/package.xml
[0.581s] Invoked command in '/home/glist/buddy/build/rplidar_ros' returned '0': CMAKE_PREFIX_PATH=/opt/ros/humble /usr/bin/cmake --install /home/glist/buddy/build/rplidar_ros
